[2023-02-23 09:31:41,576] {processor.py:153} INFO - Started process (PID=33666) to work on /home/alura/Documents/PrevisaoTempo/venv/lib/python3.9/site-packages/airflow/example_dags/plugins/workday.py
[2023-02-23 09:31:41,576] {processor.py:641} INFO - Processing file /home/alura/Documents/PrevisaoTempo/venv/lib/python3.9/site-packages/airflow/example_dags/plugins/workday.py for tasks to queue
[2023-02-23 09:31:41,576] {logging_mixin.py:115} INFO - [2023-02-23 09:31:41,576] {dagbag.py:507} INFO - Filling up the DagBag from /home/alura/Documents/PrevisaoTempo/venv/lib/python3.9/site-packages/airflow/example_dags/plugins/workday.py
[2023-02-23 09:31:41,580] {processor.py:653} WARNING - No viable dags retrieved from /home/alura/Documents/PrevisaoTempo/venv/lib/python3.9/site-packages/airflow/example_dags/plugins/workday.py
[2023-02-23 09:31:41,595] {processor.py:161} INFO - Processing /home/alura/Documents/PrevisaoTempo/venv/lib/python3.9/site-packages/airflow/example_dags/plugins/workday.py took 0.021 seconds
[2023-02-23 09:32:13,313] {processor.py:153} INFO - Started process (PID=33914) to work on /home/alura/Documents/PrevisaoTempo/venv/lib/python3.9/site-packages/airflow/example_dags/plugins/workday.py
[2023-02-23 09:32:13,314] {processor.py:641} INFO - Processing file /home/alura/Documents/PrevisaoTempo/venv/lib/python3.9/site-packages/airflow/example_dags/plugins/workday.py for tasks to queue
[2023-02-23 09:32:13,314] {logging_mixin.py:115} INFO - [2023-02-23 09:32:13,314] {dagbag.py:507} INFO - Filling up the DagBag from /home/alura/Documents/PrevisaoTempo/venv/lib/python3.9/site-packages/airflow/example_dags/plugins/workday.py
[2023-02-23 09:32:13,315] {processor.py:653} WARNING - No viable dags retrieved from /home/alura/Documents/PrevisaoTempo/venv/lib/python3.9/site-packages/airflow/example_dags/plugins/workday.py
[2023-02-23 09:32:13,320] {processor.py:161} INFO - Processing /home/alura/Documents/PrevisaoTempo/venv/lib/python3.9/site-packages/airflow/example_dags/plugins/workday.py took 0.008 seconds
[2023-02-23 09:32:45,230] {processor.py:153} INFO - Started process (PID=34109) to work on /home/alura/Documents/PrevisaoTempo/venv/lib/python3.9/site-packages/airflow/example_dags/plugins/workday.py
[2023-02-23 09:32:45,230] {processor.py:641} INFO - Processing file /home/alura/Documents/PrevisaoTempo/venv/lib/python3.9/site-packages/airflow/example_dags/plugins/workday.py for tasks to queue
[2023-02-23 09:32:45,231] {logging_mixin.py:115} INFO - [2023-02-23 09:32:45,231] {dagbag.py:507} INFO - Filling up the DagBag from /home/alura/Documents/PrevisaoTempo/venv/lib/python3.9/site-packages/airflow/example_dags/plugins/workday.py
[2023-02-23 09:32:45,232] {processor.py:653} WARNING - No viable dags retrieved from /home/alura/Documents/PrevisaoTempo/venv/lib/python3.9/site-packages/airflow/example_dags/plugins/workday.py
[2023-02-23 09:32:45,237] {processor.py:161} INFO - Processing /home/alura/Documents/PrevisaoTempo/venv/lib/python3.9/site-packages/airflow/example_dags/plugins/workday.py took 0.009 seconds
[2023-02-23 09:33:16,020] {processor.py:153} INFO - Started process (PID=34292) to work on /home/alura/Documents/PrevisaoTempo/venv/lib/python3.9/site-packages/airflow/example_dags/plugins/workday.py
[2023-02-23 09:33:16,021] {processor.py:641} INFO - Processing file /home/alura/Documents/PrevisaoTempo/venv/lib/python3.9/site-packages/airflow/example_dags/plugins/workday.py for tasks to queue
[2023-02-23 09:33:16,021] {logging_mixin.py:115} INFO - [2023-02-23 09:33:16,021] {dagbag.py:507} INFO - Filling up the DagBag from /home/alura/Documents/PrevisaoTempo/venv/lib/python3.9/site-packages/airflow/example_dags/plugins/workday.py
[2023-02-23 09:33:16,022] {processor.py:653} WARNING - No viable dags retrieved from /home/alura/Documents/PrevisaoTempo/venv/lib/python3.9/site-packages/airflow/example_dags/plugins/workday.py
[2023-02-23 09:33:16,027] {processor.py:161} INFO - Processing /home/alura/Documents/PrevisaoTempo/venv/lib/python3.9/site-packages/airflow/example_dags/plugins/workday.py took 0.009 seconds
[2023-02-23 09:33:49,074] {processor.py:153} INFO - Started process (PID=34489) to work on /home/alura/Documents/PrevisaoTempo/venv/lib/python3.9/site-packages/airflow/example_dags/plugins/workday.py
[2023-02-23 09:33:49,075] {processor.py:641} INFO - Processing file /home/alura/Documents/PrevisaoTempo/venv/lib/python3.9/site-packages/airflow/example_dags/plugins/workday.py for tasks to queue
[2023-02-23 09:33:49,075] {logging_mixin.py:115} INFO - [2023-02-23 09:33:49,075] {dagbag.py:507} INFO - Filling up the DagBag from /home/alura/Documents/PrevisaoTempo/venv/lib/python3.9/site-packages/airflow/example_dags/plugins/workday.py
[2023-02-23 09:33:49,076] {processor.py:653} WARNING - No viable dags retrieved from /home/alura/Documents/PrevisaoTempo/venv/lib/python3.9/site-packages/airflow/example_dags/plugins/workday.py
[2023-02-23 09:33:49,081] {processor.py:161} INFO - Processing /home/alura/Documents/PrevisaoTempo/venv/lib/python3.9/site-packages/airflow/example_dags/plugins/workday.py took 0.009 seconds
[2023-02-23 09:34:20,138] {processor.py:153} INFO - Started process (PID=35017) to work on /home/alura/Documents/PrevisaoTempo/venv/lib/python3.9/site-packages/airflow/example_dags/plugins/workday.py
[2023-02-23 09:34:20,138] {processor.py:641} INFO - Processing file /home/alura/Documents/PrevisaoTempo/venv/lib/python3.9/site-packages/airflow/example_dags/plugins/workday.py for tasks to queue
[2023-02-23 09:34:20,138] {logging_mixin.py:115} INFO - [2023-02-23 09:34:20,138] {dagbag.py:507} INFO - Filling up the DagBag from /home/alura/Documents/PrevisaoTempo/venv/lib/python3.9/site-packages/airflow/example_dags/plugins/workday.py
[2023-02-23 09:34:20,140] {processor.py:653} WARNING - No viable dags retrieved from /home/alura/Documents/PrevisaoTempo/venv/lib/python3.9/site-packages/airflow/example_dags/plugins/workday.py
[2023-02-23 09:34:20,146] {processor.py:161} INFO - Processing /home/alura/Documents/PrevisaoTempo/venv/lib/python3.9/site-packages/airflow/example_dags/plugins/workday.py took 0.010 seconds
[2023-02-23 09:34:51,281] {processor.py:153} INFO - Started process (PID=35248) to work on /home/alura/Documents/PrevisaoTempo/venv/lib/python3.9/site-packages/airflow/example_dags/plugins/workday.py
[2023-02-23 09:34:51,282] {processor.py:641} INFO - Processing file /home/alura/Documents/PrevisaoTempo/venv/lib/python3.9/site-packages/airflow/example_dags/plugins/workday.py for tasks to queue
[2023-02-23 09:34:51,282] {logging_mixin.py:115} INFO - [2023-02-23 09:34:51,282] {dagbag.py:507} INFO - Filling up the DagBag from /home/alura/Documents/PrevisaoTempo/venv/lib/python3.9/site-packages/airflow/example_dags/plugins/workday.py
[2023-02-23 09:34:51,283] {processor.py:653} WARNING - No viable dags retrieved from /home/alura/Documents/PrevisaoTempo/venv/lib/python3.9/site-packages/airflow/example_dags/plugins/workday.py
[2023-02-23 09:34:51,289] {processor.py:161} INFO - Processing /home/alura/Documents/PrevisaoTempo/venv/lib/python3.9/site-packages/airflow/example_dags/plugins/workday.py took 0.009 seconds
[2023-02-23 09:35:21,454] {processor.py:153} INFO - Started process (PID=35442) to work on /home/alura/Documents/PrevisaoTempo/venv/lib/python3.9/site-packages/airflow/example_dags/plugins/workday.py
[2023-02-23 09:35:21,454] {processor.py:641} INFO - Processing file /home/alura/Documents/PrevisaoTempo/venv/lib/python3.9/site-packages/airflow/example_dags/plugins/workday.py for tasks to queue
[2023-02-23 09:35:21,455] {logging_mixin.py:115} INFO - [2023-02-23 09:35:21,455] {dagbag.py:507} INFO - Filling up the DagBag from /home/alura/Documents/PrevisaoTempo/venv/lib/python3.9/site-packages/airflow/example_dags/plugins/workday.py
[2023-02-23 09:35:21,456] {processor.py:653} WARNING - No viable dags retrieved from /home/alura/Documents/PrevisaoTempo/venv/lib/python3.9/site-packages/airflow/example_dags/plugins/workday.py
[2023-02-23 09:35:21,466] {processor.py:161} INFO - Processing /home/alura/Documents/PrevisaoTempo/venv/lib/python3.9/site-packages/airflow/example_dags/plugins/workday.py took 0.013 seconds
[2023-02-23 09:35:54,717] {processor.py:153} INFO - Started process (PID=35673) to work on /home/alura/Documents/PrevisaoTempo/venv/lib/python3.9/site-packages/airflow/example_dags/plugins/workday.py
[2023-02-23 09:35:54,718] {processor.py:641} INFO - Processing file /home/alura/Documents/PrevisaoTempo/venv/lib/python3.9/site-packages/airflow/example_dags/plugins/workday.py for tasks to queue
[2023-02-23 09:35:54,718] {logging_mixin.py:115} INFO - [2023-02-23 09:35:54,718] {dagbag.py:507} INFO - Filling up the DagBag from /home/alura/Documents/PrevisaoTempo/venv/lib/python3.9/site-packages/airflow/example_dags/plugins/workday.py
[2023-02-23 09:35:54,719] {processor.py:653} WARNING - No viable dags retrieved from /home/alura/Documents/PrevisaoTempo/venv/lib/python3.9/site-packages/airflow/example_dags/plugins/workday.py
[2023-02-23 09:35:54,725] {processor.py:161} INFO - Processing /home/alura/Documents/PrevisaoTempo/venv/lib/python3.9/site-packages/airflow/example_dags/plugins/workday.py took 0.009 seconds
