[2023-02-23 09:31:48,801] {processor.py:153} INFO - Started process (PID=33728) to work on /home/alura/Documents/PrevisaoTempo/venv/lib/python3.9/site-packages/airflow/example_dags/example_time_delta_sensor_async.py
[2023-02-23 09:31:48,801] {processor.py:641} INFO - Processing file /home/alura/Documents/PrevisaoTempo/venv/lib/python3.9/site-packages/airflow/example_dags/example_time_delta_sensor_async.py for tasks to queue
[2023-02-23 09:31:48,802] {logging_mixin.py:115} INFO - [2023-02-23 09:31:48,802] {dagbag.py:507} INFO - Filling up the DagBag from /home/alura/Documents/PrevisaoTempo/venv/lib/python3.9/site-packages/airflow/example_dags/example_time_delta_sensor_async.py
[2023-02-23 09:31:48,806] {processor.py:651} INFO - DAG(s) dict_keys(['example_time_delta_sensor_async']) retrieved from /home/alura/Documents/PrevisaoTempo/venv/lib/python3.9/site-packages/airflow/example_dags/example_time_delta_sensor_async.py
[2023-02-23 09:31:48,842] {logging_mixin.py:115} INFO - [2023-02-23 09:31:48,842] {manager.py:508} INFO - Created Permission View: can delete on DAG:example_time_delta_sensor_async
[2023-02-23 09:31:48,847] {logging_mixin.py:115} INFO - [2023-02-23 09:31:48,846] {manager.py:508} INFO - Created Permission View: can read on DAG:example_time_delta_sensor_async
[2023-02-23 09:31:48,851] {logging_mixin.py:115} INFO - [2023-02-23 09:31:48,851] {manager.py:508} INFO - Created Permission View: can edit on DAG:example_time_delta_sensor_async
[2023-02-23 09:31:48,851] {logging_mixin.py:115} INFO - [2023-02-23 09:31:48,851] {dag.py:2379} INFO - Sync 1 DAGs
[2023-02-23 09:31:48,857] {logging_mixin.py:115} INFO - [2023-02-23 09:31:48,857] {dag.py:2398} INFO - Creating ORM DAG for example_time_delta_sensor_async
[2023-02-23 09:31:48,862] {logging_mixin.py:115} INFO - [2023-02-23 09:31:48,862] {dag.py:2927} INFO - Setting next_dagrun for example_time_delta_sensor_async to None, run_after=None
[2023-02-23 09:31:48,871] {processor.py:161} INFO - Processing /home/alura/Documents/PrevisaoTempo/venv/lib/python3.9/site-packages/airflow/example_dags/example_time_delta_sensor_async.py took 0.071 seconds
[2023-02-23 09:32:20,699] {processor.py:153} INFO - Started process (PID=33952) to work on /home/alura/Documents/PrevisaoTempo/venv/lib/python3.9/site-packages/airflow/example_dags/example_time_delta_sensor_async.py
[2023-02-23 09:32:20,700] {processor.py:641} INFO - Processing file /home/alura/Documents/PrevisaoTempo/venv/lib/python3.9/site-packages/airflow/example_dags/example_time_delta_sensor_async.py for tasks to queue
[2023-02-23 09:32:20,700] {logging_mixin.py:115} INFO - [2023-02-23 09:32:20,700] {dagbag.py:507} INFO - Filling up the DagBag from /home/alura/Documents/PrevisaoTempo/venv/lib/python3.9/site-packages/airflow/example_dags/example_time_delta_sensor_async.py
[2023-02-23 09:32:20,703] {processor.py:651} INFO - DAG(s) dict_keys(['example_time_delta_sensor_async']) retrieved from /home/alura/Documents/PrevisaoTempo/venv/lib/python3.9/site-packages/airflow/example_dags/example_time_delta_sensor_async.py
[2023-02-23 09:32:20,714] {logging_mixin.py:115} INFO - [2023-02-23 09:32:20,714] {dag.py:2379} INFO - Sync 1 DAGs
[2023-02-23 09:32:20,726] {logging_mixin.py:115} INFO - [2023-02-23 09:32:20,726] {dag.py:2927} INFO - Setting next_dagrun for example_time_delta_sensor_async to None, run_after=None
[2023-02-23 09:32:20,732] {processor.py:161} INFO - Processing /home/alura/Documents/PrevisaoTempo/venv/lib/python3.9/site-packages/airflow/example_dags/example_time_delta_sensor_async.py took 0.035 seconds
[2023-02-23 09:32:52,611] {processor.py:153} INFO - Started process (PID=34153) to work on /home/alura/Documents/PrevisaoTempo/venv/lib/python3.9/site-packages/airflow/example_dags/example_time_delta_sensor_async.py
[2023-02-23 09:32:52,612] {processor.py:641} INFO - Processing file /home/alura/Documents/PrevisaoTempo/venv/lib/python3.9/site-packages/airflow/example_dags/example_time_delta_sensor_async.py for tasks to queue
[2023-02-23 09:32:52,612] {logging_mixin.py:115} INFO - [2023-02-23 09:32:52,612] {dagbag.py:507} INFO - Filling up the DagBag from /home/alura/Documents/PrevisaoTempo/venv/lib/python3.9/site-packages/airflow/example_dags/example_time_delta_sensor_async.py
[2023-02-23 09:32:52,615] {processor.py:651} INFO - DAG(s) dict_keys(['example_time_delta_sensor_async']) retrieved from /home/alura/Documents/PrevisaoTempo/venv/lib/python3.9/site-packages/airflow/example_dags/example_time_delta_sensor_async.py
[2023-02-23 09:32:52,626] {logging_mixin.py:115} INFO - [2023-02-23 09:32:52,626] {dag.py:2379} INFO - Sync 1 DAGs
[2023-02-23 09:32:52,637] {logging_mixin.py:115} INFO - [2023-02-23 09:32:52,637] {dag.py:2927} INFO - Setting next_dagrun for example_time_delta_sensor_async to None, run_after=None
[2023-02-23 09:32:52,644] {processor.py:161} INFO - Processing /home/alura/Documents/PrevisaoTempo/venv/lib/python3.9/site-packages/airflow/example_dags/example_time_delta_sensor_async.py took 0.034 seconds
[2023-02-23 09:33:26,291] {processor.py:153} INFO - Started process (PID=34348) to work on /home/alura/Documents/PrevisaoTempo/venv/lib/python3.9/site-packages/airflow/example_dags/example_time_delta_sensor_async.py
[2023-02-23 09:33:26,291] {processor.py:641} INFO - Processing file /home/alura/Documents/PrevisaoTempo/venv/lib/python3.9/site-packages/airflow/example_dags/example_time_delta_sensor_async.py for tasks to queue
[2023-02-23 09:33:26,292] {logging_mixin.py:115} INFO - [2023-02-23 09:33:26,292] {dagbag.py:507} INFO - Filling up the DagBag from /home/alura/Documents/PrevisaoTempo/venv/lib/python3.9/site-packages/airflow/example_dags/example_time_delta_sensor_async.py
[2023-02-23 09:33:26,294] {processor.py:651} INFO - DAG(s) dict_keys(['example_time_delta_sensor_async']) retrieved from /home/alura/Documents/PrevisaoTempo/venv/lib/python3.9/site-packages/airflow/example_dags/example_time_delta_sensor_async.py
[2023-02-23 09:33:26,305] {logging_mixin.py:115} INFO - [2023-02-23 09:33:26,305] {dag.py:2379} INFO - Sync 1 DAGs
[2023-02-23 09:33:26,315] {logging_mixin.py:115} INFO - [2023-02-23 09:33:26,315] {dag.py:2927} INFO - Setting next_dagrun for example_time_delta_sensor_async to None, run_after=None
[2023-02-23 09:33:26,322] {processor.py:161} INFO - Processing /home/alura/Documents/PrevisaoTempo/venv/lib/python3.9/site-packages/airflow/example_dags/example_time_delta_sensor_async.py took 0.033 seconds
[2023-02-23 09:33:58,529] {processor.py:153} INFO - Started process (PID=34547) to work on /home/alura/Documents/PrevisaoTempo/venv/lib/python3.9/site-packages/airflow/example_dags/example_time_delta_sensor_async.py
[2023-02-23 09:33:58,529] {processor.py:641} INFO - Processing file /home/alura/Documents/PrevisaoTempo/venv/lib/python3.9/site-packages/airflow/example_dags/example_time_delta_sensor_async.py for tasks to queue
[2023-02-23 09:33:58,530] {logging_mixin.py:115} INFO - [2023-02-23 09:33:58,529] {dagbag.py:507} INFO - Filling up the DagBag from /home/alura/Documents/PrevisaoTempo/venv/lib/python3.9/site-packages/airflow/example_dags/example_time_delta_sensor_async.py
[2023-02-23 09:33:58,532] {processor.py:651} INFO - DAG(s) dict_keys(['example_time_delta_sensor_async']) retrieved from /home/alura/Documents/PrevisaoTempo/venv/lib/python3.9/site-packages/airflow/example_dags/example_time_delta_sensor_async.py
[2023-02-23 09:33:58,545] {logging_mixin.py:115} INFO - [2023-02-23 09:33:58,545] {dag.py:2379} INFO - Sync 1 DAGs
[2023-02-23 09:33:58,559] {logging_mixin.py:115} INFO - [2023-02-23 09:33:58,558] {dag.py:2927} INFO - Setting next_dagrun for example_time_delta_sensor_async to None, run_after=None
[2023-02-23 09:33:58,566] {processor.py:161} INFO - Processing /home/alura/Documents/PrevisaoTempo/venv/lib/python3.9/site-packages/airflow/example_dags/example_time_delta_sensor_async.py took 0.039 seconds
[2023-02-23 09:34:31,948] {processor.py:153} INFO - Started process (PID=35141) to work on /home/alura/Documents/PrevisaoTempo/venv/lib/python3.9/site-packages/airflow/example_dags/example_time_delta_sensor_async.py
[2023-02-23 09:34:31,948] {processor.py:641} INFO - Processing file /home/alura/Documents/PrevisaoTempo/venv/lib/python3.9/site-packages/airflow/example_dags/example_time_delta_sensor_async.py for tasks to queue
[2023-02-23 09:34:31,949] {logging_mixin.py:115} INFO - [2023-02-23 09:34:31,949] {dagbag.py:507} INFO - Filling up the DagBag from /home/alura/Documents/PrevisaoTempo/venv/lib/python3.9/site-packages/airflow/example_dags/example_time_delta_sensor_async.py
[2023-02-23 09:34:31,955] {processor.py:651} INFO - DAG(s) dict_keys(['example_time_delta_sensor_async']) retrieved from /home/alura/Documents/PrevisaoTempo/venv/lib/python3.9/site-packages/airflow/example_dags/example_time_delta_sensor_async.py
[2023-02-23 09:34:31,991] {logging_mixin.py:115} INFO - [2023-02-23 09:34:31,991] {dag.py:2379} INFO - Sync 1 DAGs
[2023-02-23 09:34:32,003] {logging_mixin.py:115} INFO - [2023-02-23 09:34:32,003] {dag.py:2927} INFO - Setting next_dagrun for example_time_delta_sensor_async to None, run_after=None
[2023-02-23 09:34:32,009] {processor.py:161} INFO - Processing /home/alura/Documents/PrevisaoTempo/venv/lib/python3.9/site-packages/airflow/example_dags/example_time_delta_sensor_async.py took 0.063 seconds
[2023-02-23 09:35:04,151] {processor.py:153} INFO - Started process (PID=35334) to work on /home/alura/Documents/PrevisaoTempo/venv/lib/python3.9/site-packages/airflow/example_dags/example_time_delta_sensor_async.py
[2023-02-23 09:35:04,151] {processor.py:641} INFO - Processing file /home/alura/Documents/PrevisaoTempo/venv/lib/python3.9/site-packages/airflow/example_dags/example_time_delta_sensor_async.py for tasks to queue
[2023-02-23 09:35:04,151] {logging_mixin.py:115} INFO - [2023-02-23 09:35:04,151] {dagbag.py:507} INFO - Filling up the DagBag from /home/alura/Documents/PrevisaoTempo/venv/lib/python3.9/site-packages/airflow/example_dags/example_time_delta_sensor_async.py
[2023-02-23 09:35:04,154] {processor.py:651} INFO - DAG(s) dict_keys(['example_time_delta_sensor_async']) retrieved from /home/alura/Documents/PrevisaoTempo/venv/lib/python3.9/site-packages/airflow/example_dags/example_time_delta_sensor_async.py
[2023-02-23 09:35:04,167] {logging_mixin.py:115} INFO - [2023-02-23 09:35:04,167] {dag.py:2379} INFO - Sync 1 DAGs
[2023-02-23 09:35:04,178] {logging_mixin.py:115} INFO - [2023-02-23 09:35:04,178] {dag.py:2927} INFO - Setting next_dagrun for example_time_delta_sensor_async to None, run_after=None
[2023-02-23 09:35:04,185] {processor.py:161} INFO - Processing /home/alura/Documents/PrevisaoTempo/venv/lib/python3.9/site-packages/airflow/example_dags/example_time_delta_sensor_async.py took 0.036 seconds
[2023-02-23 09:35:36,718] {processor.py:153} INFO - Started process (PID=35558) to work on /home/alura/Documents/PrevisaoTempo/venv/lib/python3.9/site-packages/airflow/example_dags/example_time_delta_sensor_async.py
[2023-02-23 09:35:36,718] {processor.py:641} INFO - Processing file /home/alura/Documents/PrevisaoTempo/venv/lib/python3.9/site-packages/airflow/example_dags/example_time_delta_sensor_async.py for tasks to queue
[2023-02-23 09:35:36,719] {logging_mixin.py:115} INFO - [2023-02-23 09:35:36,719] {dagbag.py:507} INFO - Filling up the DagBag from /home/alura/Documents/PrevisaoTempo/venv/lib/python3.9/site-packages/airflow/example_dags/example_time_delta_sensor_async.py
[2023-02-23 09:35:36,722] {processor.py:651} INFO - DAG(s) dict_keys(['example_time_delta_sensor_async']) retrieved from /home/alura/Documents/PrevisaoTempo/venv/lib/python3.9/site-packages/airflow/example_dags/example_time_delta_sensor_async.py
[2023-02-23 09:35:36,733] {logging_mixin.py:115} INFO - [2023-02-23 09:35:36,733] {dag.py:2379} INFO - Sync 1 DAGs
[2023-02-23 09:35:36,743] {logging_mixin.py:115} INFO - [2023-02-23 09:35:36,743] {dag.py:2927} INFO - Setting next_dagrun for example_time_delta_sensor_async to None, run_after=None
[2023-02-23 09:35:36,750] {processor.py:161} INFO - Processing /home/alura/Documents/PrevisaoTempo/venv/lib/python3.9/site-packages/airflow/example_dags/example_time_delta_sensor_async.py took 0.034 seconds
[2023-02-23 09:36:09,354] {processor.py:153} INFO - Started process (PID=35759) to work on /home/alura/Documents/PrevisaoTempo/venv/lib/python3.9/site-packages/airflow/example_dags/example_time_delta_sensor_async.py
[2023-02-23 09:36:09,354] {processor.py:641} INFO - Processing file /home/alura/Documents/PrevisaoTempo/venv/lib/python3.9/site-packages/airflow/example_dags/example_time_delta_sensor_async.py for tasks to queue
[2023-02-23 09:36:09,355] {logging_mixin.py:115} INFO - [2023-02-23 09:36:09,355] {dagbag.py:507} INFO - Filling up the DagBag from /home/alura/Documents/PrevisaoTempo/venv/lib/python3.9/site-packages/airflow/example_dags/example_time_delta_sensor_async.py
[2023-02-23 09:36:09,357] {processor.py:651} INFO - DAG(s) dict_keys(['example_time_delta_sensor_async']) retrieved from /home/alura/Documents/PrevisaoTempo/venv/lib/python3.9/site-packages/airflow/example_dags/example_time_delta_sensor_async.py
[2023-02-23 09:36:09,369] {logging_mixin.py:115} INFO - [2023-02-23 09:36:09,369] {dag.py:2379} INFO - Sync 1 DAGs
[2023-02-23 09:36:09,380] {logging_mixin.py:115} INFO - [2023-02-23 09:36:09,380] {dag.py:2927} INFO - Setting next_dagrun for example_time_delta_sensor_async to None, run_after=None
[2023-02-23 09:36:09,386] {processor.py:161} INFO - Processing /home/alura/Documents/PrevisaoTempo/venv/lib/python3.9/site-packages/airflow/example_dags/example_time_delta_sensor_async.py took 0.033 seconds
