[2023-02-23 09:31:51,051] {processor.py:153} INFO - Started process (PID=33740) to work on /home/alura/Documents/PrevisaoTempo/venv/lib/python3.9/site-packages/airflow/example_dags/example_dag_decorator.py
[2023-02-23 09:31:51,051] {processor.py:641} INFO - Processing file /home/alura/Documents/PrevisaoTempo/venv/lib/python3.9/site-packages/airflow/example_dags/example_dag_decorator.py for tasks to queue
[2023-02-23 09:31:51,051] {logging_mixin.py:115} INFO - [2023-02-23 09:31:51,051] {dagbag.py:507} INFO - Filling up the DagBag from /home/alura/Documents/PrevisaoTempo/venv/lib/python3.9/site-packages/airflow/example_dags/example_dag_decorator.py
[2023-02-23 09:31:51,064] {processor.py:651} INFO - DAG(s) dict_keys(['example_dag_decorator']) retrieved from /home/alura/Documents/PrevisaoTempo/venv/lib/python3.9/site-packages/airflow/example_dags/example_dag_decorator.py
[2023-02-23 09:31:51,099] {logging_mixin.py:115} INFO - [2023-02-23 09:31:51,099] {manager.py:508} INFO - Created Permission View: can delete on DAG:example_dag_decorator
[2023-02-23 09:31:51,103] {logging_mixin.py:115} INFO - [2023-02-23 09:31:51,103] {manager.py:508} INFO - Created Permission View: can read on DAG:example_dag_decorator
[2023-02-23 09:31:51,107] {logging_mixin.py:115} INFO - [2023-02-23 09:31:51,107] {manager.py:508} INFO - Created Permission View: can edit on DAG:example_dag_decorator
[2023-02-23 09:31:51,107] {logging_mixin.py:115} INFO - [2023-02-23 09:31:51,107] {dag.py:2379} INFO - Sync 1 DAGs
[2023-02-23 09:31:51,111] {logging_mixin.py:115} INFO - [2023-02-23 09:31:51,111] {dag.py:2398} INFO - Creating ORM DAG for example_dag_decorator
[2023-02-23 09:31:51,116] {logging_mixin.py:115} INFO - [2023-02-23 09:31:51,116] {dag.py:2927} INFO - Setting next_dagrun for example_dag_decorator to None, run_after=None
[2023-02-23 09:31:51,124] {processor.py:161} INFO - Processing /home/alura/Documents/PrevisaoTempo/venv/lib/python3.9/site-packages/airflow/example_dags/example_dag_decorator.py took 0.075 seconds
[2023-02-23 09:32:22,076] {processor.py:153} INFO - Started process (PID=33977) to work on /home/alura/Documents/PrevisaoTempo/venv/lib/python3.9/site-packages/airflow/example_dags/example_dag_decorator.py
[2023-02-23 09:32:22,078] {processor.py:641} INFO - Processing file /home/alura/Documents/PrevisaoTempo/venv/lib/python3.9/site-packages/airflow/example_dags/example_dag_decorator.py for tasks to queue
[2023-02-23 09:32:22,079] {logging_mixin.py:115} INFO - [2023-02-23 09:32:22,079] {dagbag.py:507} INFO - Filling up the DagBag from /home/alura/Documents/PrevisaoTempo/venv/lib/python3.9/site-packages/airflow/example_dags/example_dag_decorator.py
[2023-02-23 09:32:22,136] {processor.py:651} INFO - DAG(s) dict_keys(['example_dag_decorator']) retrieved from /home/alura/Documents/PrevisaoTempo/venv/lib/python3.9/site-packages/airflow/example_dags/example_dag_decorator.py
[2023-02-23 09:32:22,217] {logging_mixin.py:115} INFO - [2023-02-23 09:32:22,217] {dag.py:2379} INFO - Sync 1 DAGs
[2023-02-23 09:32:22,251] {logging_mixin.py:115} INFO - [2023-02-23 09:32:22,250] {dag.py:2927} INFO - Setting next_dagrun for example_dag_decorator to None, run_after=None
[2023-02-23 09:32:22,293] {processor.py:161} INFO - Processing /home/alura/Documents/PrevisaoTempo/venv/lib/python3.9/site-packages/airflow/example_dags/example_dag_decorator.py took 0.219 seconds
[2023-02-23 09:32:54,364] {processor.py:153} INFO - Started process (PID=34160) to work on /home/alura/Documents/PrevisaoTempo/venv/lib/python3.9/site-packages/airflow/example_dags/example_dag_decorator.py
[2023-02-23 09:32:54,365] {processor.py:641} INFO - Processing file /home/alura/Documents/PrevisaoTempo/venv/lib/python3.9/site-packages/airflow/example_dags/example_dag_decorator.py for tasks to queue
[2023-02-23 09:32:54,365] {logging_mixin.py:115} INFO - [2023-02-23 09:32:54,365] {dagbag.py:507} INFO - Filling up the DagBag from /home/alura/Documents/PrevisaoTempo/venv/lib/python3.9/site-packages/airflow/example_dags/example_dag_decorator.py
[2023-02-23 09:32:54,376] {processor.py:651} INFO - DAG(s) dict_keys(['example_dag_decorator']) retrieved from /home/alura/Documents/PrevisaoTempo/venv/lib/python3.9/site-packages/airflow/example_dags/example_dag_decorator.py
[2023-02-23 09:32:54,385] {logging_mixin.py:115} INFO - [2023-02-23 09:32:54,385] {dag.py:2379} INFO - Sync 1 DAGs
[2023-02-23 09:32:54,393] {logging_mixin.py:115} INFO - [2023-02-23 09:32:54,392] {dag.py:2927} INFO - Setting next_dagrun for example_dag_decorator to None, run_after=None
[2023-02-23 09:32:54,399] {processor.py:161} INFO - Processing /home/alura/Documents/PrevisaoTempo/venv/lib/python3.9/site-packages/airflow/example_dags/example_dag_decorator.py took 0.036 seconds
[2023-02-23 09:33:28,269] {processor.py:153} INFO - Started process (PID=34357) to work on /home/alura/Documents/PrevisaoTempo/venv/lib/python3.9/site-packages/airflow/example_dags/example_dag_decorator.py
[2023-02-23 09:33:28,269] {processor.py:641} INFO - Processing file /home/alura/Documents/PrevisaoTempo/venv/lib/python3.9/site-packages/airflow/example_dags/example_dag_decorator.py for tasks to queue
[2023-02-23 09:33:28,270] {logging_mixin.py:115} INFO - [2023-02-23 09:33:28,270] {dagbag.py:507} INFO - Filling up the DagBag from /home/alura/Documents/PrevisaoTempo/venv/lib/python3.9/site-packages/airflow/example_dags/example_dag_decorator.py
[2023-02-23 09:33:28,281] {processor.py:651} INFO - DAG(s) dict_keys(['example_dag_decorator']) retrieved from /home/alura/Documents/PrevisaoTempo/venv/lib/python3.9/site-packages/airflow/example_dags/example_dag_decorator.py
[2023-02-23 09:33:28,308] {logging_mixin.py:115} INFO - [2023-02-23 09:33:28,308] {dag.py:2379} INFO - Sync 1 DAGs
[2023-02-23 09:33:28,315] {logging_mixin.py:115} INFO - [2023-02-23 09:33:28,315] {dag.py:2927} INFO - Setting next_dagrun for example_dag_decorator to None, run_after=None
[2023-02-23 09:33:28,324] {processor.py:161} INFO - Processing /home/alura/Documents/PrevisaoTempo/venv/lib/python3.9/site-packages/airflow/example_dags/example_dag_decorator.py took 0.057 seconds
[2023-02-23 09:33:59,967] {processor.py:153} INFO - Started process (PID=34559) to work on /home/alura/Documents/PrevisaoTempo/venv/lib/python3.9/site-packages/airflow/example_dags/example_dag_decorator.py
[2023-02-23 09:33:59,968] {processor.py:641} INFO - Processing file /home/alura/Documents/PrevisaoTempo/venv/lib/python3.9/site-packages/airflow/example_dags/example_dag_decorator.py for tasks to queue
[2023-02-23 09:33:59,968] {logging_mixin.py:115} INFO - [2023-02-23 09:33:59,968] {dagbag.py:507} INFO - Filling up the DagBag from /home/alura/Documents/PrevisaoTempo/venv/lib/python3.9/site-packages/airflow/example_dags/example_dag_decorator.py
[2023-02-23 09:33:59,980] {processor.py:651} INFO - DAG(s) dict_keys(['example_dag_decorator']) retrieved from /home/alura/Documents/PrevisaoTempo/venv/lib/python3.9/site-packages/airflow/example_dags/example_dag_decorator.py
[2023-02-23 09:34:00,005] {logging_mixin.py:115} INFO - [2023-02-23 09:34:00,005] {dag.py:2379} INFO - Sync 1 DAGs
[2023-02-23 09:34:00,013] {logging_mixin.py:115} INFO - [2023-02-23 09:34:00,013] {dag.py:2927} INFO - Setting next_dagrun for example_dag_decorator to None, run_after=None
[2023-02-23 09:34:00,021] {processor.py:161} INFO - Processing /home/alura/Documents/PrevisaoTempo/venv/lib/python3.9/site-packages/airflow/example_dags/example_dag_decorator.py took 0.055 seconds
[2023-02-23 09:34:33,895] {processor.py:153} INFO - Started process (PID=35151) to work on /home/alura/Documents/PrevisaoTempo/venv/lib/python3.9/site-packages/airflow/example_dags/example_dag_decorator.py
[2023-02-23 09:34:33,895] {processor.py:641} INFO - Processing file /home/alura/Documents/PrevisaoTempo/venv/lib/python3.9/site-packages/airflow/example_dags/example_dag_decorator.py for tasks to queue
[2023-02-23 09:34:33,895] {logging_mixin.py:115} INFO - [2023-02-23 09:34:33,895] {dagbag.py:507} INFO - Filling up the DagBag from /home/alura/Documents/PrevisaoTempo/venv/lib/python3.9/site-packages/airflow/example_dags/example_dag_decorator.py
[2023-02-23 09:34:33,913] {processor.py:651} INFO - DAG(s) dict_keys(['example_dag_decorator']) retrieved from /home/alura/Documents/PrevisaoTempo/venv/lib/python3.9/site-packages/airflow/example_dags/example_dag_decorator.py
[2023-02-23 09:34:33,925] {logging_mixin.py:115} INFO - [2023-02-23 09:34:33,925] {dag.py:2379} INFO - Sync 1 DAGs
[2023-02-23 09:34:33,937] {logging_mixin.py:115} INFO - [2023-02-23 09:34:33,937] {dag.py:2927} INFO - Setting next_dagrun for example_dag_decorator to None, run_after=None
[2023-02-23 09:34:33,947] {processor.py:161} INFO - Processing /home/alura/Documents/PrevisaoTempo/venv/lib/python3.9/site-packages/airflow/example_dags/example_dag_decorator.py took 0.054 seconds
[2023-02-23 09:35:06,401] {processor.py:153} INFO - Started process (PID=35341) to work on /home/alura/Documents/PrevisaoTempo/venv/lib/python3.9/site-packages/airflow/example_dags/example_dag_decorator.py
[2023-02-23 09:35:06,401] {processor.py:641} INFO - Processing file /home/alura/Documents/PrevisaoTempo/venv/lib/python3.9/site-packages/airflow/example_dags/example_dag_decorator.py for tasks to queue
[2023-02-23 09:35:06,402] {logging_mixin.py:115} INFO - [2023-02-23 09:35:06,402] {dagbag.py:507} INFO - Filling up the DagBag from /home/alura/Documents/PrevisaoTempo/venv/lib/python3.9/site-packages/airflow/example_dags/example_dag_decorator.py
[2023-02-23 09:35:06,415] {processor.py:651} INFO - DAG(s) dict_keys(['example_dag_decorator']) retrieved from /home/alura/Documents/PrevisaoTempo/venv/lib/python3.9/site-packages/airflow/example_dags/example_dag_decorator.py
[2023-02-23 09:35:06,439] {logging_mixin.py:115} INFO - [2023-02-23 09:35:06,439] {dag.py:2379} INFO - Sync 1 DAGs
[2023-02-23 09:35:06,446] {logging_mixin.py:115} INFO - [2023-02-23 09:35:06,446] {dag.py:2927} INFO - Setting next_dagrun for example_dag_decorator to None, run_after=None
[2023-02-23 09:35:06,453] {processor.py:161} INFO - Processing /home/alura/Documents/PrevisaoTempo/venv/lib/python3.9/site-packages/airflow/example_dags/example_dag_decorator.py took 0.054 seconds
[2023-02-23 09:35:39,747] {processor.py:153} INFO - Started process (PID=35574) to work on /home/alura/Documents/PrevisaoTempo/venv/lib/python3.9/site-packages/airflow/example_dags/example_dag_decorator.py
[2023-02-23 09:35:39,748] {processor.py:641} INFO - Processing file /home/alura/Documents/PrevisaoTempo/venv/lib/python3.9/site-packages/airflow/example_dags/example_dag_decorator.py for tasks to queue
[2023-02-23 09:35:39,748] {logging_mixin.py:115} INFO - [2023-02-23 09:35:39,748] {dagbag.py:507} INFO - Filling up the DagBag from /home/alura/Documents/PrevisaoTempo/venv/lib/python3.9/site-packages/airflow/example_dags/example_dag_decorator.py
[2023-02-23 09:35:39,760] {processor.py:651} INFO - DAG(s) dict_keys(['example_dag_decorator']) retrieved from /home/alura/Documents/PrevisaoTempo/venv/lib/python3.9/site-packages/airflow/example_dags/example_dag_decorator.py
[2023-02-23 09:35:39,769] {logging_mixin.py:115} INFO - [2023-02-23 09:35:39,769] {dag.py:2379} INFO - Sync 1 DAGs
[2023-02-23 09:35:39,777] {logging_mixin.py:115} INFO - [2023-02-23 09:35:39,777] {dag.py:2927} INFO - Setting next_dagrun for example_dag_decorator to None, run_after=None
[2023-02-23 09:35:39,785] {processor.py:161} INFO - Processing /home/alura/Documents/PrevisaoTempo/venv/lib/python3.9/site-packages/airflow/example_dags/example_dag_decorator.py took 0.039 seconds
[2023-02-23 09:36:12,729] {processor.py:153} INFO - Started process (PID=35772) to work on /home/alura/Documents/PrevisaoTempo/venv/lib/python3.9/site-packages/airflow/example_dags/example_dag_decorator.py
[2023-02-23 09:36:12,730] {processor.py:641} INFO - Processing file /home/alura/Documents/PrevisaoTempo/venv/lib/python3.9/site-packages/airflow/example_dags/example_dag_decorator.py for tasks to queue
[2023-02-23 09:36:12,730] {logging_mixin.py:115} INFO - [2023-02-23 09:36:12,730] {dagbag.py:507} INFO - Filling up the DagBag from /home/alura/Documents/PrevisaoTempo/venv/lib/python3.9/site-packages/airflow/example_dags/example_dag_decorator.py
[2023-02-23 09:36:12,742] {processor.py:651} INFO - DAG(s) dict_keys(['example_dag_decorator']) retrieved from /home/alura/Documents/PrevisaoTempo/venv/lib/python3.9/site-packages/airflow/example_dags/example_dag_decorator.py
[2023-02-23 09:36:12,751] {logging_mixin.py:115} INFO - [2023-02-23 09:36:12,751] {dag.py:2379} INFO - Sync 1 DAGs
[2023-02-23 09:36:12,760] {logging_mixin.py:115} INFO - [2023-02-23 09:36:12,759] {dag.py:2927} INFO - Setting next_dagrun for example_dag_decorator to None, run_after=None
[2023-02-23 09:36:12,766] {processor.py:161} INFO - Processing /home/alura/Documents/PrevisaoTempo/venv/lib/python3.9/site-packages/airflow/example_dags/example_dag_decorator.py took 0.038 seconds
