[2023-02-23 09:32:05,303] {processor.py:153} INFO - Started process (PID=33853) to work on /home/alura/Documents/PrevisaoTempo/venv/lib/python3.9/site-packages/airflow/example_dags/example_nested_branch_dag.py
[2023-02-23 09:32:05,303] {processor.py:641} INFO - Processing file /home/alura/Documents/PrevisaoTempo/venv/lib/python3.9/site-packages/airflow/example_dags/example_nested_branch_dag.py for tasks to queue
[2023-02-23 09:32:05,304] {logging_mixin.py:115} INFO - [2023-02-23 09:32:05,304] {dagbag.py:507} INFO - Filling up the DagBag from /home/alura/Documents/PrevisaoTempo/venv/lib/python3.9/site-packages/airflow/example_dags/example_nested_branch_dag.py
[2023-02-23 09:32:05,309] {processor.py:651} INFO - DAG(s) dict_keys(['example_nested_branch_dag']) retrieved from /home/alura/Documents/PrevisaoTempo/venv/lib/python3.9/site-packages/airflow/example_dags/example_nested_branch_dag.py
[2023-02-23 09:32:05,341] {logging_mixin.py:115} INFO - [2023-02-23 09:32:05,341] {manager.py:508} INFO - Created Permission View: can delete on DAG:example_nested_branch_dag
[2023-02-23 09:32:05,346] {logging_mixin.py:115} INFO - [2023-02-23 09:32:05,346] {manager.py:508} INFO - Created Permission View: can read on DAG:example_nested_branch_dag
[2023-02-23 09:32:05,349] {logging_mixin.py:115} INFO - [2023-02-23 09:32:05,349] {manager.py:508} INFO - Created Permission View: can edit on DAG:example_nested_branch_dag
[2023-02-23 09:32:05,349] {logging_mixin.py:115} INFO - [2023-02-23 09:32:05,349] {dag.py:2379} INFO - Sync 1 DAGs
[2023-02-23 09:32:05,353] {logging_mixin.py:115} INFO - [2023-02-23 09:32:05,353] {dag.py:2398} INFO - Creating ORM DAG for example_nested_branch_dag
[2023-02-23 09:32:05,359] {logging_mixin.py:115} INFO - [2023-02-23 09:32:05,359] {dag.py:2927} INFO - Setting next_dagrun for example_nested_branch_dag to 2023-02-22T00:00:00+00:00, run_after=2023-02-23T00:00:00+00:00
[2023-02-23 09:32:05,368] {processor.py:161} INFO - Processing /home/alura/Documents/PrevisaoTempo/venv/lib/python3.9/site-packages/airflow/example_dags/example_nested_branch_dag.py took 0.066 seconds
[2023-02-23 09:32:37,217] {processor.py:153} INFO - Started process (PID=34065) to work on /home/alura/Documents/PrevisaoTempo/venv/lib/python3.9/site-packages/airflow/example_dags/example_nested_branch_dag.py
[2023-02-23 09:32:37,218] {processor.py:641} INFO - Processing file /home/alura/Documents/PrevisaoTempo/venv/lib/python3.9/site-packages/airflow/example_dags/example_nested_branch_dag.py for tasks to queue
[2023-02-23 09:32:37,218] {logging_mixin.py:115} INFO - [2023-02-23 09:32:37,218] {dagbag.py:507} INFO - Filling up the DagBag from /home/alura/Documents/PrevisaoTempo/venv/lib/python3.9/site-packages/airflow/example_dags/example_nested_branch_dag.py
[2023-02-23 09:32:37,224] {processor.py:651} INFO - DAG(s) dict_keys(['example_nested_branch_dag']) retrieved from /home/alura/Documents/PrevisaoTempo/venv/lib/python3.9/site-packages/airflow/example_dags/example_nested_branch_dag.py
[2023-02-23 09:32:37,233] {logging_mixin.py:115} INFO - [2023-02-23 09:32:37,233] {dag.py:2379} INFO - Sync 1 DAGs
[2023-02-23 09:32:37,245] {logging_mixin.py:115} INFO - [2023-02-23 09:32:37,245] {dag.py:2927} INFO - Setting next_dagrun for example_nested_branch_dag to 2023-02-22T00:00:00+00:00, run_after=2023-02-23T00:00:00+00:00
[2023-02-23 09:32:37,252] {processor.py:161} INFO - Processing /home/alura/Documents/PrevisaoTempo/venv/lib/python3.9/site-packages/airflow/example_dags/example_nested_branch_dag.py took 0.036 seconds
[2023-02-23 09:33:09,764] {processor.py:153} INFO - Started process (PID=34255) to work on /home/alura/Documents/PrevisaoTempo/venv/lib/python3.9/site-packages/airflow/example_dags/example_nested_branch_dag.py
[2023-02-23 09:33:09,765] {processor.py:641} INFO - Processing file /home/alura/Documents/PrevisaoTempo/venv/lib/python3.9/site-packages/airflow/example_dags/example_nested_branch_dag.py for tasks to queue
[2023-02-23 09:33:09,765] {logging_mixin.py:115} INFO - [2023-02-23 09:33:09,765] {dagbag.py:507} INFO - Filling up the DagBag from /home/alura/Documents/PrevisaoTempo/venv/lib/python3.9/site-packages/airflow/example_dags/example_nested_branch_dag.py
[2023-02-23 09:33:09,770] {processor.py:651} INFO - DAG(s) dict_keys(['example_nested_branch_dag']) retrieved from /home/alura/Documents/PrevisaoTempo/venv/lib/python3.9/site-packages/airflow/example_dags/example_nested_branch_dag.py
[2023-02-23 09:33:09,779] {logging_mixin.py:115} INFO - [2023-02-23 09:33:09,779] {dag.py:2379} INFO - Sync 1 DAGs
[2023-02-23 09:33:09,790] {logging_mixin.py:115} INFO - [2023-02-23 09:33:09,790] {dag.py:2927} INFO - Setting next_dagrun for example_nested_branch_dag to 2023-02-22T00:00:00+00:00, run_after=2023-02-23T00:00:00+00:00
[2023-02-23 09:33:09,797] {processor.py:161} INFO - Processing /home/alura/Documents/PrevisaoTempo/venv/lib/python3.9/site-packages/airflow/example_dags/example_nested_branch_dag.py took 0.034 seconds
[2023-02-23 09:33:44,381] {processor.py:153} INFO - Started process (PID=34457) to work on /home/alura/Documents/PrevisaoTempo/venv/lib/python3.9/site-packages/airflow/example_dags/example_nested_branch_dag.py
[2023-02-23 09:33:44,381] {processor.py:641} INFO - Processing file /home/alura/Documents/PrevisaoTempo/venv/lib/python3.9/site-packages/airflow/example_dags/example_nested_branch_dag.py for tasks to queue
[2023-02-23 09:33:44,382] {logging_mixin.py:115} INFO - [2023-02-23 09:33:44,382] {dagbag.py:507} INFO - Filling up the DagBag from /home/alura/Documents/PrevisaoTempo/venv/lib/python3.9/site-packages/airflow/example_dags/example_nested_branch_dag.py
[2023-02-23 09:33:44,387] {processor.py:651} INFO - DAG(s) dict_keys(['example_nested_branch_dag']) retrieved from /home/alura/Documents/PrevisaoTempo/venv/lib/python3.9/site-packages/airflow/example_dags/example_nested_branch_dag.py
[2023-02-23 09:33:44,398] {logging_mixin.py:115} INFO - [2023-02-23 09:33:44,398] {dag.py:2379} INFO - Sync 1 DAGs
[2023-02-23 09:33:44,411] {logging_mixin.py:115} INFO - [2023-02-23 09:33:44,411] {dag.py:2927} INFO - Setting next_dagrun for example_nested_branch_dag to 2023-02-22T00:00:00+00:00, run_after=2023-02-23T00:00:00+00:00
[2023-02-23 09:33:44,418] {processor.py:161} INFO - Processing /home/alura/Documents/PrevisaoTempo/venv/lib/python3.9/site-packages/airflow/example_dags/example_nested_branch_dag.py took 0.039 seconds
[2023-02-23 09:34:15,369] {processor.py:153} INFO - Started process (PID=34919) to work on /home/alura/Documents/PrevisaoTempo/venv/lib/python3.9/site-packages/airflow/example_dags/example_nested_branch_dag.py
[2023-02-23 09:34:15,370] {processor.py:641} INFO - Processing file /home/alura/Documents/PrevisaoTempo/venv/lib/python3.9/site-packages/airflow/example_dags/example_nested_branch_dag.py for tasks to queue
[2023-02-23 09:34:15,370] {logging_mixin.py:115} INFO - [2023-02-23 09:34:15,370] {dagbag.py:507} INFO - Filling up the DagBag from /home/alura/Documents/PrevisaoTempo/venv/lib/python3.9/site-packages/airflow/example_dags/example_nested_branch_dag.py
[2023-02-23 09:34:15,382] {processor.py:651} INFO - DAG(s) dict_keys(['example_nested_branch_dag']) retrieved from /home/alura/Documents/PrevisaoTempo/venv/lib/python3.9/site-packages/airflow/example_dags/example_nested_branch_dag.py
[2023-02-23 09:34:15,395] {logging_mixin.py:115} INFO - [2023-02-23 09:34:15,395] {dag.py:2379} INFO - Sync 1 DAGs
[2023-02-23 09:34:15,413] {logging_mixin.py:115} INFO - [2023-02-23 09:34:15,412] {dag.py:2927} INFO - Setting next_dagrun for example_nested_branch_dag to 2023-02-22T00:00:00+00:00, run_after=2023-02-23T00:00:00+00:00
[2023-02-23 09:34:15,423] {processor.py:161} INFO - Processing /home/alura/Documents/PrevisaoTempo/venv/lib/python3.9/site-packages/airflow/example_dags/example_nested_branch_dag.py took 0.055 seconds
[2023-02-23 09:34:50,659] {processor.py:153} INFO - Started process (PID=35244) to work on /home/alura/Documents/PrevisaoTempo/venv/lib/python3.9/site-packages/airflow/example_dags/example_nested_branch_dag.py
[2023-02-23 09:34:50,659] {processor.py:641} INFO - Processing file /home/alura/Documents/PrevisaoTempo/venv/lib/python3.9/site-packages/airflow/example_dags/example_nested_branch_dag.py for tasks to queue
[2023-02-23 09:34:50,660] {logging_mixin.py:115} INFO - [2023-02-23 09:34:50,660] {dagbag.py:507} INFO - Filling up the DagBag from /home/alura/Documents/PrevisaoTempo/venv/lib/python3.9/site-packages/airflow/example_dags/example_nested_branch_dag.py
[2023-02-23 09:34:50,665] {processor.py:651} INFO - DAG(s) dict_keys(['example_nested_branch_dag']) retrieved from /home/alura/Documents/PrevisaoTempo/venv/lib/python3.9/site-packages/airflow/example_dags/example_nested_branch_dag.py
[2023-02-23 09:34:50,673] {logging_mixin.py:115} INFO - [2023-02-23 09:34:50,673] {dag.py:2379} INFO - Sync 1 DAGs
[2023-02-23 09:34:50,684] {logging_mixin.py:115} INFO - [2023-02-23 09:34:50,684] {dag.py:2927} INFO - Setting next_dagrun for example_nested_branch_dag to 2023-02-22T00:00:00+00:00, run_after=2023-02-23T00:00:00+00:00
[2023-02-23 09:34:50,693] {processor.py:161} INFO - Processing /home/alura/Documents/PrevisaoTempo/venv/lib/python3.9/site-packages/airflow/example_dags/example_nested_branch_dag.py took 0.036 seconds
[2023-02-23 09:35:22,077] {processor.py:153} INFO - Started process (PID=35445) to work on /home/alura/Documents/PrevisaoTempo/venv/lib/python3.9/site-packages/airflow/example_dags/example_nested_branch_dag.py
[2023-02-23 09:35:22,078] {processor.py:641} INFO - Processing file /home/alura/Documents/PrevisaoTempo/venv/lib/python3.9/site-packages/airflow/example_dags/example_nested_branch_dag.py for tasks to queue
[2023-02-23 09:35:22,078] {logging_mixin.py:115} INFO - [2023-02-23 09:35:22,078] {dagbag.py:507} INFO - Filling up the DagBag from /home/alura/Documents/PrevisaoTempo/venv/lib/python3.9/site-packages/airflow/example_dags/example_nested_branch_dag.py
[2023-02-23 09:35:22,084] {processor.py:651} INFO - DAG(s) dict_keys(['example_nested_branch_dag']) retrieved from /home/alura/Documents/PrevisaoTempo/venv/lib/python3.9/site-packages/airflow/example_dags/example_nested_branch_dag.py
[2023-02-23 09:35:22,094] {logging_mixin.py:115} INFO - [2023-02-23 09:35:22,094] {dag.py:2379} INFO - Sync 1 DAGs
[2023-02-23 09:35:22,107] {logging_mixin.py:115} INFO - [2023-02-23 09:35:22,107] {dag.py:2927} INFO - Setting next_dagrun for example_nested_branch_dag to 2023-02-22T00:00:00+00:00, run_after=2023-02-23T00:00:00+00:00
[2023-02-23 09:35:22,114] {processor.py:161} INFO - Processing /home/alura/Documents/PrevisaoTempo/venv/lib/python3.9/site-packages/airflow/example_dags/example_nested_branch_dag.py took 0.039 seconds
[2023-02-23 09:35:55,844] {processor.py:153} INFO - Started process (PID=35677) to work on /home/alura/Documents/PrevisaoTempo/venv/lib/python3.9/site-packages/airflow/example_dags/example_nested_branch_dag.py
[2023-02-23 09:35:55,844] {processor.py:641} INFO - Processing file /home/alura/Documents/PrevisaoTempo/venv/lib/python3.9/site-packages/airflow/example_dags/example_nested_branch_dag.py for tasks to queue
[2023-02-23 09:35:55,845] {logging_mixin.py:115} INFO - [2023-02-23 09:35:55,845] {dagbag.py:507} INFO - Filling up the DagBag from /home/alura/Documents/PrevisaoTempo/venv/lib/python3.9/site-packages/airflow/example_dags/example_nested_branch_dag.py
[2023-02-23 09:35:55,850] {processor.py:651} INFO - DAG(s) dict_keys(['example_nested_branch_dag']) retrieved from /home/alura/Documents/PrevisaoTempo/venv/lib/python3.9/site-packages/airflow/example_dags/example_nested_branch_dag.py
[2023-02-23 09:35:55,858] {logging_mixin.py:115} INFO - [2023-02-23 09:35:55,858] {dag.py:2379} INFO - Sync 1 DAGs
[2023-02-23 09:35:55,869] {logging_mixin.py:115} INFO - [2023-02-23 09:35:55,869] {dag.py:2927} INFO - Setting next_dagrun for example_nested_branch_dag to 2023-02-22T00:00:00+00:00, run_after=2023-02-23T00:00:00+00:00
[2023-02-23 09:35:55,876] {processor.py:161} INFO - Processing /home/alura/Documents/PrevisaoTempo/venv/lib/python3.9/site-packages/airflow/example_dags/example_nested_branch_dag.py took 0.033 seconds
