[2023-02-23 09:31:52,786] {processor.py:153} INFO - Started process (PID=33760) to work on /home/alura/Documents/PrevisaoTempo/venv/lib/python3.9/site-packages/airflow/example_dags/example_trigger_controller_dag.py
[2023-02-23 09:31:52,786] {processor.py:641} INFO - Processing file /home/alura/Documents/PrevisaoTempo/venv/lib/python3.9/site-packages/airflow/example_dags/example_trigger_controller_dag.py for tasks to queue
[2023-02-23 09:31:52,786] {logging_mixin.py:115} INFO - [2023-02-23 09:31:52,786] {dagbag.py:507} INFO - Filling up the DagBag from /home/alura/Documents/PrevisaoTempo/venv/lib/python3.9/site-packages/airflow/example_dags/example_trigger_controller_dag.py
[2023-02-23 09:31:52,790] {processor.py:651} INFO - DAG(s) dict_keys(['example_trigger_controller_dag']) retrieved from /home/alura/Documents/PrevisaoTempo/venv/lib/python3.9/site-packages/airflow/example_dags/example_trigger_controller_dag.py
[2023-02-23 09:31:52,825] {logging_mixin.py:115} INFO - [2023-02-23 09:31:52,825] {manager.py:508} INFO - Created Permission View: can delete on DAG:example_trigger_controller_dag
[2023-02-23 09:31:52,830] {logging_mixin.py:115} INFO - [2023-02-23 09:31:52,830] {manager.py:508} INFO - Created Permission View: can read on DAG:example_trigger_controller_dag
[2023-02-23 09:31:52,834] {logging_mixin.py:115} INFO - [2023-02-23 09:31:52,834] {manager.py:508} INFO - Created Permission View: can edit on DAG:example_trigger_controller_dag
[2023-02-23 09:31:52,834] {logging_mixin.py:115} INFO - [2023-02-23 09:31:52,834] {dag.py:2379} INFO - Sync 1 DAGs
[2023-02-23 09:31:52,839] {logging_mixin.py:115} INFO - [2023-02-23 09:31:52,839] {dag.py:2398} INFO - Creating ORM DAG for example_trigger_controller_dag
[2023-02-23 09:31:52,844] {logging_mixin.py:115} INFO - [2023-02-23 09:31:52,844] {dag.py:2927} INFO - Setting next_dagrun for example_trigger_controller_dag to 2021-01-01T00:00:00+00:00, run_after=2021-01-01T00:00:00+00:00
[2023-02-23 09:31:52,853] {processor.py:161} INFO - Processing /home/alura/Documents/PrevisaoTempo/venv/lib/python3.9/site-packages/airflow/example_dags/example_trigger_controller_dag.py took 0.068 seconds
[2023-02-23 09:32:23,577] {processor.py:153} INFO - Started process (PID=33991) to work on /home/alura/Documents/PrevisaoTempo/venv/lib/python3.9/site-packages/airflow/example_dags/example_trigger_controller_dag.py
[2023-02-23 09:32:23,578] {processor.py:641} INFO - Processing file /home/alura/Documents/PrevisaoTempo/venv/lib/python3.9/site-packages/airflow/example_dags/example_trigger_controller_dag.py for tasks to queue
[2023-02-23 09:32:23,578] {logging_mixin.py:115} INFO - [2023-02-23 09:32:23,578] {dagbag.py:507} INFO - Filling up the DagBag from /home/alura/Documents/PrevisaoTempo/venv/lib/python3.9/site-packages/airflow/example_dags/example_trigger_controller_dag.py
[2023-02-23 09:32:23,580] {processor.py:651} INFO - DAG(s) dict_keys(['example_trigger_controller_dag']) retrieved from /home/alura/Documents/PrevisaoTempo/venv/lib/python3.9/site-packages/airflow/example_dags/example_trigger_controller_dag.py
[2023-02-23 09:32:23,588] {logging_mixin.py:115} INFO - [2023-02-23 09:32:23,588] {dag.py:2379} INFO - Sync 1 DAGs
[2023-02-23 09:32:23,600] {logging_mixin.py:115} INFO - [2023-02-23 09:32:23,600] {dag.py:2927} INFO - Setting next_dagrun for example_trigger_controller_dag to 2021-01-01T00:00:00+00:00, run_after=2021-01-01T00:00:00+00:00
[2023-02-23 09:32:23,607] {processor.py:161} INFO - Processing /home/alura/Documents/PrevisaoTempo/venv/lib/python3.9/site-packages/airflow/example_dags/example_trigger_controller_dag.py took 0.031 seconds
[2023-02-23 09:32:56,613] {processor.py:153} INFO - Started process (PID=34171) to work on /home/alura/Documents/PrevisaoTempo/venv/lib/python3.9/site-packages/airflow/example_dags/example_trigger_controller_dag.py
[2023-02-23 09:32:56,614] {processor.py:641} INFO - Processing file /home/alura/Documents/PrevisaoTempo/venv/lib/python3.9/site-packages/airflow/example_dags/example_trigger_controller_dag.py for tasks to queue
[2023-02-23 09:32:56,614] {logging_mixin.py:115} INFO - [2023-02-23 09:32:56,614] {dagbag.py:507} INFO - Filling up the DagBag from /home/alura/Documents/PrevisaoTempo/venv/lib/python3.9/site-packages/airflow/example_dags/example_trigger_controller_dag.py
[2023-02-23 09:32:56,616] {processor.py:651} INFO - DAG(s) dict_keys(['example_trigger_controller_dag']) retrieved from /home/alura/Documents/PrevisaoTempo/venv/lib/python3.9/site-packages/airflow/example_dags/example_trigger_controller_dag.py
[2023-02-23 09:32:56,624] {logging_mixin.py:115} INFO - [2023-02-23 09:32:56,624] {dag.py:2379} INFO - Sync 1 DAGs
[2023-02-23 09:32:56,635] {logging_mixin.py:115} INFO - [2023-02-23 09:32:56,635] {dag.py:2927} INFO - Setting next_dagrun for example_trigger_controller_dag to 2021-01-01T00:00:00+00:00, run_after=2021-01-01T00:00:00+00:00
[2023-02-23 09:32:56,642] {processor.py:161} INFO - Processing /home/alura/Documents/PrevisaoTempo/venv/lib/python3.9/site-packages/airflow/example_dags/example_trigger_controller_dag.py took 0.030 seconds
[2023-02-23 09:33:30,297] {processor.py:153} INFO - Started process (PID=34373) to work on /home/alura/Documents/PrevisaoTempo/venv/lib/python3.9/site-packages/airflow/example_dags/example_trigger_controller_dag.py
[2023-02-23 09:33:30,298] {processor.py:641} INFO - Processing file /home/alura/Documents/PrevisaoTempo/venv/lib/python3.9/site-packages/airflow/example_dags/example_trigger_controller_dag.py for tasks to queue
[2023-02-23 09:33:30,298] {logging_mixin.py:115} INFO - [2023-02-23 09:33:30,298] {dagbag.py:507} INFO - Filling up the DagBag from /home/alura/Documents/PrevisaoTempo/venv/lib/python3.9/site-packages/airflow/example_dags/example_trigger_controller_dag.py
[2023-02-23 09:33:30,303] {processor.py:651} INFO - DAG(s) dict_keys(['example_trigger_controller_dag']) retrieved from /home/alura/Documents/PrevisaoTempo/venv/lib/python3.9/site-packages/airflow/example_dags/example_trigger_controller_dag.py
[2023-02-23 09:33:30,315] {logging_mixin.py:115} INFO - [2023-02-23 09:33:30,315] {dag.py:2379} INFO - Sync 1 DAGs
[2023-02-23 09:33:30,325] {logging_mixin.py:115} INFO - [2023-02-23 09:33:30,325] {dag.py:2927} INFO - Setting next_dagrun for example_trigger_controller_dag to 2021-01-01T00:00:00+00:00, run_after=2021-01-01T00:00:00+00:00
[2023-02-23 09:33:30,333] {processor.py:161} INFO - Processing /home/alura/Documents/PrevisaoTempo/venv/lib/python3.9/site-packages/airflow/example_dags/example_trigger_controller_dag.py took 0.038 seconds
[2023-02-23 09:34:02,229] {processor.py:153} INFO - Started process (PID=34570) to work on /home/alura/Documents/PrevisaoTempo/venv/lib/python3.9/site-packages/airflow/example_dags/example_trigger_controller_dag.py
[2023-02-23 09:34:02,230] {processor.py:641} INFO - Processing file /home/alura/Documents/PrevisaoTempo/venv/lib/python3.9/site-packages/airflow/example_dags/example_trigger_controller_dag.py for tasks to queue
[2023-02-23 09:34:02,230] {logging_mixin.py:115} INFO - [2023-02-23 09:34:02,230] {dagbag.py:507} INFO - Filling up the DagBag from /home/alura/Documents/PrevisaoTempo/venv/lib/python3.9/site-packages/airflow/example_dags/example_trigger_controller_dag.py
[2023-02-23 09:34:02,232] {processor.py:651} INFO - DAG(s) dict_keys(['example_trigger_controller_dag']) retrieved from /home/alura/Documents/PrevisaoTempo/venv/lib/python3.9/site-packages/airflow/example_dags/example_trigger_controller_dag.py
[2023-02-23 09:34:02,240] {logging_mixin.py:115} INFO - [2023-02-23 09:34:02,240] {dag.py:2379} INFO - Sync 1 DAGs
[2023-02-23 09:34:02,249] {logging_mixin.py:115} INFO - [2023-02-23 09:34:02,249] {dag.py:2927} INFO - Setting next_dagrun for example_trigger_controller_dag to 2021-01-01T00:00:00+00:00, run_after=2021-01-01T00:00:00+00:00
[2023-02-23 09:34:02,256] {processor.py:161} INFO - Processing /home/alura/Documents/PrevisaoTempo/venv/lib/python3.9/site-packages/airflow/example_dags/example_trigger_controller_dag.py took 0.028 seconds
[2023-02-23 09:34:35,947] {processor.py:153} INFO - Started process (PID=35163) to work on /home/alura/Documents/PrevisaoTempo/venv/lib/python3.9/site-packages/airflow/example_dags/example_trigger_controller_dag.py
[2023-02-23 09:34:35,948] {processor.py:641} INFO - Processing file /home/alura/Documents/PrevisaoTempo/venv/lib/python3.9/site-packages/airflow/example_dags/example_trigger_controller_dag.py for tasks to queue
[2023-02-23 09:34:35,948] {logging_mixin.py:115} INFO - [2023-02-23 09:34:35,948] {dagbag.py:507} INFO - Filling up the DagBag from /home/alura/Documents/PrevisaoTempo/venv/lib/python3.9/site-packages/airflow/example_dags/example_trigger_controller_dag.py
[2023-02-23 09:34:35,950] {processor.py:651} INFO - DAG(s) dict_keys(['example_trigger_controller_dag']) retrieved from /home/alura/Documents/PrevisaoTempo/venv/lib/python3.9/site-packages/airflow/example_dags/example_trigger_controller_dag.py
[2023-02-23 09:34:35,960] {logging_mixin.py:115} INFO - [2023-02-23 09:34:35,960] {dag.py:2379} INFO - Sync 1 DAGs
[2023-02-23 09:34:35,976] {logging_mixin.py:115} INFO - [2023-02-23 09:34:35,976] {dag.py:2927} INFO - Setting next_dagrun for example_trigger_controller_dag to 2021-01-01T00:00:00+00:00, run_after=2021-01-01T00:00:00+00:00
[2023-02-23 09:34:35,992] {processor.py:161} INFO - Processing /home/alura/Documents/PrevisaoTempo/venv/lib/python3.9/site-packages/airflow/example_dags/example_trigger_controller_dag.py took 0.046 seconds
[2023-02-23 09:35:07,802] {processor.py:153} INFO - Started process (PID=35350) to work on /home/alura/Documents/PrevisaoTempo/venv/lib/python3.9/site-packages/airflow/example_dags/example_trigger_controller_dag.py
[2023-02-23 09:35:07,803] {processor.py:641} INFO - Processing file /home/alura/Documents/PrevisaoTempo/venv/lib/python3.9/site-packages/airflow/example_dags/example_trigger_controller_dag.py for tasks to queue
[2023-02-23 09:35:07,803] {logging_mixin.py:115} INFO - [2023-02-23 09:35:07,803] {dagbag.py:507} INFO - Filling up the DagBag from /home/alura/Documents/PrevisaoTempo/venv/lib/python3.9/site-packages/airflow/example_dags/example_trigger_controller_dag.py
[2023-02-23 09:35:07,805] {processor.py:651} INFO - DAG(s) dict_keys(['example_trigger_controller_dag']) retrieved from /home/alura/Documents/PrevisaoTempo/venv/lib/python3.9/site-packages/airflow/example_dags/example_trigger_controller_dag.py
[2023-02-23 09:35:07,813] {logging_mixin.py:115} INFO - [2023-02-23 09:35:07,813] {dag.py:2379} INFO - Sync 1 DAGs
[2023-02-23 09:35:07,824] {logging_mixin.py:115} INFO - [2023-02-23 09:35:07,824] {dag.py:2927} INFO - Setting next_dagrun for example_trigger_controller_dag to 2021-01-01T00:00:00+00:00, run_after=2021-01-01T00:00:00+00:00
[2023-02-23 09:35:07,830] {processor.py:161} INFO - Processing /home/alura/Documents/PrevisaoTempo/venv/lib/python3.9/site-packages/airflow/example_dags/example_trigger_controller_dag.py took 0.030 seconds
[2023-02-23 09:35:41,999] {processor.py:153} INFO - Started process (PID=35584) to work on /home/alura/Documents/PrevisaoTempo/venv/lib/python3.9/site-packages/airflow/example_dags/example_trigger_controller_dag.py
[2023-02-23 09:35:42,000] {processor.py:641} INFO - Processing file /home/alura/Documents/PrevisaoTempo/venv/lib/python3.9/site-packages/airflow/example_dags/example_trigger_controller_dag.py for tasks to queue
[2023-02-23 09:35:42,000] {logging_mixin.py:115} INFO - [2023-02-23 09:35:42,000] {dagbag.py:507} INFO - Filling up the DagBag from /home/alura/Documents/PrevisaoTempo/venv/lib/python3.9/site-packages/airflow/example_dags/example_trigger_controller_dag.py
[2023-02-23 09:35:42,002] {processor.py:651} INFO - DAG(s) dict_keys(['example_trigger_controller_dag']) retrieved from /home/alura/Documents/PrevisaoTempo/venv/lib/python3.9/site-packages/airflow/example_dags/example_trigger_controller_dag.py
[2023-02-23 09:35:42,012] {logging_mixin.py:115} INFO - [2023-02-23 09:35:42,012] {dag.py:2379} INFO - Sync 1 DAGs
[2023-02-23 09:35:42,023] {logging_mixin.py:115} INFO - [2023-02-23 09:35:42,023] {dag.py:2927} INFO - Setting next_dagrun for example_trigger_controller_dag to 2021-01-01T00:00:00+00:00, run_after=2021-01-01T00:00:00+00:00
[2023-02-23 09:35:42,034] {processor.py:161} INFO - Processing /home/alura/Documents/PrevisaoTempo/venv/lib/python3.9/site-packages/airflow/example_dags/example_trigger_controller_dag.py took 0.037 seconds
[2023-02-23 09:36:14,487] {processor.py:153} INFO - Started process (PID=35788) to work on /home/alura/Documents/PrevisaoTempo/venv/lib/python3.9/site-packages/airflow/example_dags/example_trigger_controller_dag.py
[2023-02-23 09:36:14,488] {processor.py:641} INFO - Processing file /home/alura/Documents/PrevisaoTempo/venv/lib/python3.9/site-packages/airflow/example_dags/example_trigger_controller_dag.py for tasks to queue
[2023-02-23 09:36:14,488] {logging_mixin.py:115} INFO - [2023-02-23 09:36:14,488] {dagbag.py:507} INFO - Filling up the DagBag from /home/alura/Documents/PrevisaoTempo/venv/lib/python3.9/site-packages/airflow/example_dags/example_trigger_controller_dag.py
[2023-02-23 09:36:14,490] {processor.py:651} INFO - DAG(s) dict_keys(['example_trigger_controller_dag']) retrieved from /home/alura/Documents/PrevisaoTempo/venv/lib/python3.9/site-packages/airflow/example_dags/example_trigger_controller_dag.py
[2023-02-23 09:36:14,498] {logging_mixin.py:115} INFO - [2023-02-23 09:36:14,498] {dag.py:2379} INFO - Sync 1 DAGs
[2023-02-23 09:36:14,508] {logging_mixin.py:115} INFO - [2023-02-23 09:36:14,508] {dag.py:2927} INFO - Setting next_dagrun for example_trigger_controller_dag to 2021-01-01T00:00:00+00:00, run_after=2021-01-01T00:00:00+00:00
[2023-02-23 09:36:14,516] {processor.py:161} INFO - Processing /home/alura/Documents/PrevisaoTempo/venv/lib/python3.9/site-packages/airflow/example_dags/example_trigger_controller_dag.py took 0.030 seconds
