[2023-02-23 09:32:01,922] {processor.py:153} INFO - Started process (PID=33834) to work on /home/alura/Documents/PrevisaoTempo/venv/lib/python3.9/site-packages/airflow/example_dags/example_task_group_decorator.py
[2023-02-23 09:32:01,922] {processor.py:641} INFO - Processing file /home/alura/Documents/PrevisaoTempo/venv/lib/python3.9/site-packages/airflow/example_dags/example_task_group_decorator.py for tasks to queue
[2023-02-23 09:32:01,922] {logging_mixin.py:115} INFO - [2023-02-23 09:32:01,922] {dagbag.py:507} INFO - Filling up the DagBag from /home/alura/Documents/PrevisaoTempo/venv/lib/python3.9/site-packages/airflow/example_dags/example_task_group_decorator.py
[2023-02-23 09:32:01,937] {processor.py:651} INFO - DAG(s) dict_keys(['example_task_group_decorator']) retrieved from /home/alura/Documents/PrevisaoTempo/venv/lib/python3.9/site-packages/airflow/example_dags/example_task_group_decorator.py
[2023-02-23 09:32:01,975] {logging_mixin.py:115} INFO - [2023-02-23 09:32:01,975] {manager.py:508} INFO - Created Permission View: can delete on DAG:example_task_group_decorator
[2023-02-23 09:32:01,981] {logging_mixin.py:115} INFO - [2023-02-23 09:32:01,981] {manager.py:508} INFO - Created Permission View: can read on DAG:example_task_group_decorator
[2023-02-23 09:32:01,986] {logging_mixin.py:115} INFO - [2023-02-23 09:32:01,986] {manager.py:508} INFO - Created Permission View: can edit on DAG:example_task_group_decorator
[2023-02-23 09:32:01,986] {logging_mixin.py:115} INFO - [2023-02-23 09:32:01,986] {dag.py:2379} INFO - Sync 1 DAGs
[2023-02-23 09:32:01,990] {logging_mixin.py:115} INFO - [2023-02-23 09:32:01,990] {dag.py:2398} INFO - Creating ORM DAG for example_task_group_decorator
[2023-02-23 09:32:01,996] {logging_mixin.py:115} INFO - [2023-02-23 09:32:01,995] {dag.py:2927} INFO - Setting next_dagrun for example_task_group_decorator to 2023-02-22T17:32:01.995755+00:00, run_after=2023-02-23T17:32:01.995755+00:00
[2023-02-23 09:32:02,007] {processor.py:161} INFO - Processing /home/alura/Documents/PrevisaoTempo/venv/lib/python3.9/site-packages/airflow/example_dags/example_task_group_decorator.py took 0.087 seconds
[2023-02-23 09:32:33,840] {processor.py:153} INFO - Started process (PID=34050) to work on /home/alura/Documents/PrevisaoTempo/venv/lib/python3.9/site-packages/airflow/example_dags/example_task_group_decorator.py
[2023-02-23 09:32:33,841] {processor.py:641} INFO - Processing file /home/alura/Documents/PrevisaoTempo/venv/lib/python3.9/site-packages/airflow/example_dags/example_task_group_decorator.py for tasks to queue
[2023-02-23 09:32:33,841] {logging_mixin.py:115} INFO - [2023-02-23 09:32:33,841] {dagbag.py:507} INFO - Filling up the DagBag from /home/alura/Documents/PrevisaoTempo/venv/lib/python3.9/site-packages/airflow/example_dags/example_task_group_decorator.py
[2023-02-23 09:32:33,854] {processor.py:651} INFO - DAG(s) dict_keys(['example_task_group_decorator']) retrieved from /home/alura/Documents/PrevisaoTempo/venv/lib/python3.9/site-packages/airflow/example_dags/example_task_group_decorator.py
[2023-02-23 09:32:33,876] {logging_mixin.py:115} INFO - [2023-02-23 09:32:33,876] {dag.py:2379} INFO - Sync 1 DAGs
[2023-02-23 09:32:33,884] {logging_mixin.py:115} INFO - [2023-02-23 09:32:33,883] {dag.py:2927} INFO - Setting next_dagrun for example_task_group_decorator to 2023-02-22T17:32:33.883817+00:00, run_after=2023-02-23T17:32:33.883817+00:00
[2023-02-23 09:32:33,890] {processor.py:161} INFO - Processing /home/alura/Documents/PrevisaoTempo/venv/lib/python3.9/site-packages/airflow/example_dags/example_task_group_decorator.py took 0.051 seconds
[2023-02-23 09:33:06,881] {processor.py:153} INFO - Started process (PID=34234) to work on /home/alura/Documents/PrevisaoTempo/venv/lib/python3.9/site-packages/airflow/example_dags/example_task_group_decorator.py
[2023-02-23 09:33:06,882] {processor.py:641} INFO - Processing file /home/alura/Documents/PrevisaoTempo/venv/lib/python3.9/site-packages/airflow/example_dags/example_task_group_decorator.py for tasks to queue
[2023-02-23 09:33:06,882] {logging_mixin.py:115} INFO - [2023-02-23 09:33:06,882] {dagbag.py:507} INFO - Filling up the DagBag from /home/alura/Documents/PrevisaoTempo/venv/lib/python3.9/site-packages/airflow/example_dags/example_task_group_decorator.py
[2023-02-23 09:33:06,894] {processor.py:651} INFO - DAG(s) dict_keys(['example_task_group_decorator']) retrieved from /home/alura/Documents/PrevisaoTempo/venv/lib/python3.9/site-packages/airflow/example_dags/example_task_group_decorator.py
[2023-02-23 09:33:06,919] {logging_mixin.py:115} INFO - [2023-02-23 09:33:06,919] {dag.py:2379} INFO - Sync 1 DAGs
[2023-02-23 09:33:06,928] {logging_mixin.py:115} INFO - [2023-02-23 09:33:06,928] {dag.py:2927} INFO - Setting next_dagrun for example_task_group_decorator to 2023-02-22T17:33:06.927833+00:00, run_after=2023-02-23T17:33:06.927833+00:00
[2023-02-23 09:33:06,936] {processor.py:161} INFO - Processing /home/alura/Documents/PrevisaoTempo/venv/lib/python3.9/site-packages/airflow/example_dags/example_task_group_decorator.py took 0.056 seconds
[2023-02-23 09:33:41,645] {processor.py:153} INFO - Started process (PID=34436) to work on /home/alura/Documents/PrevisaoTempo/venv/lib/python3.9/site-packages/airflow/example_dags/example_task_group_decorator.py
[2023-02-23 09:33:41,645] {processor.py:641} INFO - Processing file /home/alura/Documents/PrevisaoTempo/venv/lib/python3.9/site-packages/airflow/example_dags/example_task_group_decorator.py for tasks to queue
[2023-02-23 09:33:41,646] {logging_mixin.py:115} INFO - [2023-02-23 09:33:41,646] {dagbag.py:507} INFO - Filling up the DagBag from /home/alura/Documents/PrevisaoTempo/venv/lib/python3.9/site-packages/airflow/example_dags/example_task_group_decorator.py
[2023-02-23 09:33:41,658] {processor.py:651} INFO - DAG(s) dict_keys(['example_task_group_decorator']) retrieved from /home/alura/Documents/PrevisaoTempo/venv/lib/python3.9/site-packages/airflow/example_dags/example_task_group_decorator.py
[2023-02-23 09:33:41,682] {logging_mixin.py:115} INFO - [2023-02-23 09:33:41,682] {dag.py:2379} INFO - Sync 1 DAGs
[2023-02-23 09:33:41,690] {logging_mixin.py:115} INFO - [2023-02-23 09:33:41,689] {dag.py:2927} INFO - Setting next_dagrun for example_task_group_decorator to 2023-02-22T17:33:41.689793+00:00, run_after=2023-02-23T17:33:41.689793+00:00
[2023-02-23 09:33:41,697] {processor.py:161} INFO - Processing /home/alura/Documents/PrevisaoTempo/venv/lib/python3.9/site-packages/airflow/example_dags/example_task_group_decorator.py took 0.054 seconds
[2023-02-23 09:34:12,504] {processor.py:153} INFO - Started process (PID=34887) to work on /home/alura/Documents/PrevisaoTempo/venv/lib/python3.9/site-packages/airflow/example_dags/example_task_group_decorator.py
[2023-02-23 09:34:12,505] {processor.py:641} INFO - Processing file /home/alura/Documents/PrevisaoTempo/venv/lib/python3.9/site-packages/airflow/example_dags/example_task_group_decorator.py for tasks to queue
[2023-02-23 09:34:12,506] {logging_mixin.py:115} INFO - [2023-02-23 09:34:12,506] {dagbag.py:507} INFO - Filling up the DagBag from /home/alura/Documents/PrevisaoTempo/venv/lib/python3.9/site-packages/airflow/example_dags/example_task_group_decorator.py
[2023-02-23 09:34:12,522] {processor.py:651} INFO - DAG(s) dict_keys(['example_task_group_decorator']) retrieved from /home/alura/Documents/PrevisaoTempo/venv/lib/python3.9/site-packages/airflow/example_dags/example_task_group_decorator.py
[2023-02-23 09:34:12,549] {logging_mixin.py:115} INFO - [2023-02-23 09:34:12,549] {dag.py:2379} INFO - Sync 1 DAGs
[2023-02-23 09:34:12,561] {logging_mixin.py:115} INFO - [2023-02-23 09:34:12,561] {dag.py:2927} INFO - Setting next_dagrun for example_task_group_decorator to 2023-02-22T17:34:12.561144+00:00, run_after=2023-02-23T17:34:12.561144+00:00
[2023-02-23 09:34:12,576] {processor.py:161} INFO - Processing /home/alura/Documents/PrevisaoTempo/venv/lib/python3.9/site-packages/airflow/example_dags/example_task_group_decorator.py took 0.075 seconds
[2023-02-23 09:34:47,281] {processor.py:153} INFO - Started process (PID=35221) to work on /home/alura/Documents/PrevisaoTempo/venv/lib/python3.9/site-packages/airflow/example_dags/example_task_group_decorator.py
[2023-02-23 09:34:47,282] {processor.py:641} INFO - Processing file /home/alura/Documents/PrevisaoTempo/venv/lib/python3.9/site-packages/airflow/example_dags/example_task_group_decorator.py for tasks to queue
[2023-02-23 09:34:47,282] {logging_mixin.py:115} INFO - [2023-02-23 09:34:47,282] {dagbag.py:507} INFO - Filling up the DagBag from /home/alura/Documents/PrevisaoTempo/venv/lib/python3.9/site-packages/airflow/example_dags/example_task_group_decorator.py
[2023-02-23 09:34:47,297] {processor.py:651} INFO - DAG(s) dict_keys(['example_task_group_decorator']) retrieved from /home/alura/Documents/PrevisaoTempo/venv/lib/python3.9/site-packages/airflow/example_dags/example_task_group_decorator.py
[2023-02-23 09:34:47,320] {logging_mixin.py:115} INFO - [2023-02-23 09:34:47,320] {dag.py:2379} INFO - Sync 1 DAGs
[2023-02-23 09:34:47,328] {logging_mixin.py:115} INFO - [2023-02-23 09:34:47,328] {dag.py:2927} INFO - Setting next_dagrun for example_task_group_decorator to 2023-02-22T17:34:47.327937+00:00, run_after=2023-02-23T17:34:47.327937+00:00
[2023-02-23 09:34:47,335] {processor.py:161} INFO - Processing /home/alura/Documents/PrevisaoTempo/venv/lib/python3.9/site-packages/airflow/example_dags/example_task_group_decorator.py took 0.055 seconds
[2023-02-23 09:35:18,078] {processor.py:153} INFO - Started process (PID=35419) to work on /home/alura/Documents/PrevisaoTempo/venv/lib/python3.9/site-packages/airflow/example_dags/example_task_group_decorator.py
[2023-02-23 09:35:18,078] {processor.py:641} INFO - Processing file /home/alura/Documents/PrevisaoTempo/venv/lib/python3.9/site-packages/airflow/example_dags/example_task_group_decorator.py for tasks to queue
[2023-02-23 09:35:18,079] {logging_mixin.py:115} INFO - [2023-02-23 09:35:18,079] {dagbag.py:507} INFO - Filling up the DagBag from /home/alura/Documents/PrevisaoTempo/venv/lib/python3.9/site-packages/airflow/example_dags/example_task_group_decorator.py
[2023-02-23 09:35:18,092] {processor.py:651} INFO - DAG(s) dict_keys(['example_task_group_decorator']) retrieved from /home/alura/Documents/PrevisaoTempo/venv/lib/python3.9/site-packages/airflow/example_dags/example_task_group_decorator.py
[2023-02-23 09:35:18,120] {logging_mixin.py:115} INFO - [2023-02-23 09:35:18,120] {dag.py:2379} INFO - Sync 1 DAGs
[2023-02-23 09:35:18,129] {logging_mixin.py:115} INFO - [2023-02-23 09:35:18,129] {dag.py:2927} INFO - Setting next_dagrun for example_task_group_decorator to 2023-02-22T17:35:18.129382+00:00, run_after=2023-02-23T17:35:18.129382+00:00
[2023-02-23 09:35:18,137] {processor.py:161} INFO - Processing /home/alura/Documents/PrevisaoTempo/venv/lib/python3.9/site-packages/airflow/example_dags/example_task_group_decorator.py took 0.061 seconds
[2023-02-23 09:35:52,280] {processor.py:153} INFO - Started process (PID=35653) to work on /home/alura/Documents/PrevisaoTempo/venv/lib/python3.9/site-packages/airflow/example_dags/example_task_group_decorator.py
[2023-02-23 09:35:52,280] {processor.py:641} INFO - Processing file /home/alura/Documents/PrevisaoTempo/venv/lib/python3.9/site-packages/airflow/example_dags/example_task_group_decorator.py for tasks to queue
[2023-02-23 09:35:52,281] {logging_mixin.py:115} INFO - [2023-02-23 09:35:52,281] {dagbag.py:507} INFO - Filling up the DagBag from /home/alura/Documents/PrevisaoTempo/venv/lib/python3.9/site-packages/airflow/example_dags/example_task_group_decorator.py
[2023-02-23 09:35:52,293] {processor.py:651} INFO - DAG(s) dict_keys(['example_task_group_decorator']) retrieved from /home/alura/Documents/PrevisaoTempo/venv/lib/python3.9/site-packages/airflow/example_dags/example_task_group_decorator.py
[2023-02-23 09:35:52,318] {logging_mixin.py:115} INFO - [2023-02-23 09:35:52,318] {dag.py:2379} INFO - Sync 1 DAGs
[2023-02-23 09:35:52,326] {logging_mixin.py:115} INFO - [2023-02-23 09:35:52,326] {dag.py:2927} INFO - Setting next_dagrun for example_task_group_decorator to 2023-02-22T17:35:52.325847+00:00, run_after=2023-02-23T17:35:52.325847+00:00
[2023-02-23 09:35:52,335] {processor.py:161} INFO - Processing /home/alura/Documents/PrevisaoTempo/venv/lib/python3.9/site-packages/airflow/example_dags/example_task_group_decorator.py took 0.056 seconds
