[2023-02-23 09:31:46,546] {processor.py:153} INFO - Started process (PID=33718) to work on /home/alura/Documents/PrevisaoTempo/venv/lib/python3.9/site-packages/airflow/example_dags/example_short_circuit_operator.py
[2023-02-23 09:31:46,546] {processor.py:641} INFO - Processing file /home/alura/Documents/PrevisaoTempo/venv/lib/python3.9/site-packages/airflow/example_dags/example_short_circuit_operator.py for tasks to queue
[2023-02-23 09:31:46,546] {logging_mixin.py:115} INFO - [2023-02-23 09:31:46,546] {dagbag.py:507} INFO - Filling up the DagBag from /home/alura/Documents/PrevisaoTempo/venv/lib/python3.9/site-packages/airflow/example_dags/example_short_circuit_operator.py
[2023-02-23 09:31:46,551] {processor.py:651} INFO - DAG(s) dict_keys(['example_short_circuit_operator']) retrieved from /home/alura/Documents/PrevisaoTempo/venv/lib/python3.9/site-packages/airflow/example_dags/example_short_circuit_operator.py
[2023-02-23 09:31:46,587] {logging_mixin.py:115} INFO - [2023-02-23 09:31:46,587] {manager.py:508} INFO - Created Permission View: can delete on DAG:example_short_circuit_operator
[2023-02-23 09:31:46,592] {logging_mixin.py:115} INFO - [2023-02-23 09:31:46,592] {manager.py:508} INFO - Created Permission View: can read on DAG:example_short_circuit_operator
[2023-02-23 09:31:46,595] {logging_mixin.py:115} INFO - [2023-02-23 09:31:46,595] {manager.py:508} INFO - Created Permission View: can edit on DAG:example_short_circuit_operator
[2023-02-23 09:31:46,595] {logging_mixin.py:115} INFO - [2023-02-23 09:31:46,595] {dag.py:2379} INFO - Sync 1 DAGs
[2023-02-23 09:31:46,599] {logging_mixin.py:115} INFO - [2023-02-23 09:31:46,599] {dag.py:2398} INFO - Creating ORM DAG for example_short_circuit_operator
[2023-02-23 09:31:46,604] {logging_mixin.py:115} INFO - [2023-02-23 09:31:46,604] {dag.py:2927} INFO - Setting next_dagrun for example_short_circuit_operator to 2023-02-22T17:31:46.604361+00:00, run_after=2023-02-23T17:31:46.604361+00:00
[2023-02-23 09:31:46,612] {processor.py:161} INFO - Processing /home/alura/Documents/PrevisaoTempo/venv/lib/python3.9/site-packages/airflow/example_dags/example_short_circuit_operator.py took 0.067 seconds
[2023-02-23 09:32:18,447] {processor.py:153} INFO - Started process (PID=33941) to work on /home/alura/Documents/PrevisaoTempo/venv/lib/python3.9/site-packages/airflow/example_dags/example_short_circuit_operator.py
[2023-02-23 09:32:18,448] {processor.py:641} INFO - Processing file /home/alura/Documents/PrevisaoTempo/venv/lib/python3.9/site-packages/airflow/example_dags/example_short_circuit_operator.py for tasks to queue
[2023-02-23 09:32:18,448] {logging_mixin.py:115} INFO - [2023-02-23 09:32:18,448] {dagbag.py:507} INFO - Filling up the DagBag from /home/alura/Documents/PrevisaoTempo/venv/lib/python3.9/site-packages/airflow/example_dags/example_short_circuit_operator.py
[2023-02-23 09:32:18,453] {processor.py:651} INFO - DAG(s) dict_keys(['example_short_circuit_operator']) retrieved from /home/alura/Documents/PrevisaoTempo/venv/lib/python3.9/site-packages/airflow/example_dags/example_short_circuit_operator.py
[2023-02-23 09:32:18,461] {logging_mixin.py:115} INFO - [2023-02-23 09:32:18,461] {dag.py:2379} INFO - Sync 1 DAGs
[2023-02-23 09:32:18,471] {logging_mixin.py:115} INFO - [2023-02-23 09:32:18,471] {dag.py:2927} INFO - Setting next_dagrun for example_short_circuit_operator to 2023-02-22T17:32:18.471137+00:00, run_after=2023-02-23T17:32:18.471137+00:00
[2023-02-23 09:32:18,477] {processor.py:161} INFO - Processing /home/alura/Documents/PrevisaoTempo/venv/lib/python3.9/site-packages/airflow/example_dags/example_short_circuit_operator.py took 0.031 seconds
[2023-02-23 09:32:50,360] {processor.py:153} INFO - Started process (PID=34135) to work on /home/alura/Documents/PrevisaoTempo/venv/lib/python3.9/site-packages/airflow/example_dags/example_short_circuit_operator.py
[2023-02-23 09:32:50,361] {processor.py:641} INFO - Processing file /home/alura/Documents/PrevisaoTempo/venv/lib/python3.9/site-packages/airflow/example_dags/example_short_circuit_operator.py for tasks to queue
[2023-02-23 09:32:50,361] {logging_mixin.py:115} INFO - [2023-02-23 09:32:50,361] {dagbag.py:507} INFO - Filling up the DagBag from /home/alura/Documents/PrevisaoTempo/venv/lib/python3.9/site-packages/airflow/example_dags/example_short_circuit_operator.py
[2023-02-23 09:32:50,366] {processor.py:651} INFO - DAG(s) dict_keys(['example_short_circuit_operator']) retrieved from /home/alura/Documents/PrevisaoTempo/venv/lib/python3.9/site-packages/airflow/example_dags/example_short_circuit_operator.py
[2023-02-23 09:32:50,375] {logging_mixin.py:115} INFO - [2023-02-23 09:32:50,375] {dag.py:2379} INFO - Sync 1 DAGs
[2023-02-23 09:32:50,385] {logging_mixin.py:115} INFO - [2023-02-23 09:32:50,385] {dag.py:2927} INFO - Setting next_dagrun for example_short_circuit_operator to 2023-02-22T17:32:50.384966+00:00, run_after=2023-02-23T17:32:50.384966+00:00
[2023-02-23 09:32:50,392] {processor.py:161} INFO - Processing /home/alura/Documents/PrevisaoTempo/venv/lib/python3.9/site-packages/airflow/example_dags/example_short_circuit_operator.py took 0.032 seconds
[2023-02-23 09:33:24,031] {processor.py:153} INFO - Started process (PID=34337) to work on /home/alura/Documents/PrevisaoTempo/venv/lib/python3.9/site-packages/airflow/example_dags/example_short_circuit_operator.py
[2023-02-23 09:33:24,031] {processor.py:641} INFO - Processing file /home/alura/Documents/PrevisaoTempo/venv/lib/python3.9/site-packages/airflow/example_dags/example_short_circuit_operator.py for tasks to queue
[2023-02-23 09:33:24,032] {logging_mixin.py:115} INFO - [2023-02-23 09:33:24,032] {dagbag.py:507} INFO - Filling up the DagBag from /home/alura/Documents/PrevisaoTempo/venv/lib/python3.9/site-packages/airflow/example_dags/example_short_circuit_operator.py
[2023-02-23 09:33:24,036] {processor.py:651} INFO - DAG(s) dict_keys(['example_short_circuit_operator']) retrieved from /home/alura/Documents/PrevisaoTempo/venv/lib/python3.9/site-packages/airflow/example_dags/example_short_circuit_operator.py
[2023-02-23 09:33:24,046] {logging_mixin.py:115} INFO - [2023-02-23 09:33:24,046] {dag.py:2379} INFO - Sync 1 DAGs
[2023-02-23 09:33:24,056] {logging_mixin.py:115} INFO - [2023-02-23 09:33:24,056] {dag.py:2927} INFO - Setting next_dagrun for example_short_circuit_operator to 2023-02-22T17:33:24.056236+00:00, run_after=2023-02-23T17:33:24.056236+00:00
[2023-02-23 09:33:24,064] {processor.py:161} INFO - Processing /home/alura/Documents/PrevisaoTempo/venv/lib/python3.9/site-packages/airflow/example_dags/example_short_circuit_operator.py took 0.035 seconds
[2023-02-23 09:33:57,096] {processor.py:153} INFO - Started process (PID=34538) to work on /home/alura/Documents/PrevisaoTempo/venv/lib/python3.9/site-packages/airflow/example_dags/example_short_circuit_operator.py
[2023-02-23 09:33:57,096] {processor.py:641} INFO - Processing file /home/alura/Documents/PrevisaoTempo/venv/lib/python3.9/site-packages/airflow/example_dags/example_short_circuit_operator.py for tasks to queue
[2023-02-23 09:33:57,096] {logging_mixin.py:115} INFO - [2023-02-23 09:33:57,096] {dagbag.py:507} INFO - Filling up the DagBag from /home/alura/Documents/PrevisaoTempo/venv/lib/python3.9/site-packages/airflow/example_dags/example_short_circuit_operator.py
[2023-02-23 09:33:57,101] {processor.py:651} INFO - DAG(s) dict_keys(['example_short_circuit_operator']) retrieved from /home/alura/Documents/PrevisaoTempo/venv/lib/python3.9/site-packages/airflow/example_dags/example_short_circuit_operator.py
[2023-02-23 09:33:57,110] {logging_mixin.py:115} INFO - [2023-02-23 09:33:57,110] {dag.py:2379} INFO - Sync 1 DAGs
[2023-02-23 09:33:57,120] {logging_mixin.py:115} INFO - [2023-02-23 09:33:57,120] {dag.py:2927} INFO - Setting next_dagrun for example_short_circuit_operator to 2023-02-22T17:33:57.120127+00:00, run_after=2023-02-23T17:33:57.120127+00:00
[2023-02-23 09:33:57,127] {processor.py:161} INFO - Processing /home/alura/Documents/PrevisaoTempo/venv/lib/python3.9/site-packages/airflow/example_dags/example_short_circuit_operator.py took 0.033 seconds
[2023-02-23 09:34:29,889] {processor.py:153} INFO - Started process (PID=35108) to work on /home/alura/Documents/PrevisaoTempo/venv/lib/python3.9/site-packages/airflow/example_dags/example_short_circuit_operator.py
[2023-02-23 09:34:29,890] {processor.py:641} INFO - Processing file /home/alura/Documents/PrevisaoTempo/venv/lib/python3.9/site-packages/airflow/example_dags/example_short_circuit_operator.py for tasks to queue
[2023-02-23 09:34:29,890] {logging_mixin.py:115} INFO - [2023-02-23 09:34:29,890] {dagbag.py:507} INFO - Filling up the DagBag from /home/alura/Documents/PrevisaoTempo/venv/lib/python3.9/site-packages/airflow/example_dags/example_short_circuit_operator.py
[2023-02-23 09:34:29,896] {processor.py:651} INFO - DAG(s) dict_keys(['example_short_circuit_operator']) retrieved from /home/alura/Documents/PrevisaoTempo/venv/lib/python3.9/site-packages/airflow/example_dags/example_short_circuit_operator.py
[2023-02-23 09:34:29,906] {logging_mixin.py:115} INFO - [2023-02-23 09:34:29,906] {dag.py:2379} INFO - Sync 1 DAGs
[2023-02-23 09:34:29,918] {logging_mixin.py:115} INFO - [2023-02-23 09:34:29,918] {dag.py:2927} INFO - Setting next_dagrun for example_short_circuit_operator to 2023-02-22T17:34:29.918344+00:00, run_after=2023-02-23T17:34:29.918344+00:00
[2023-02-23 09:34:29,926] {processor.py:161} INFO - Processing /home/alura/Documents/PrevisaoTempo/venv/lib/python3.9/site-packages/airflow/example_dags/example_short_circuit_operator.py took 0.038 seconds
[2023-02-23 09:35:01,542] {processor.py:153} INFO - Started process (PID=35317) to work on /home/alura/Documents/PrevisaoTempo/venv/lib/python3.9/site-packages/airflow/example_dags/example_short_circuit_operator.py
[2023-02-23 09:35:01,543] {processor.py:641} INFO - Processing file /home/alura/Documents/PrevisaoTempo/venv/lib/python3.9/site-packages/airflow/example_dags/example_short_circuit_operator.py for tasks to queue
[2023-02-23 09:35:01,543] {logging_mixin.py:115} INFO - [2023-02-23 09:35:01,543] {dagbag.py:507} INFO - Filling up the DagBag from /home/alura/Documents/PrevisaoTempo/venv/lib/python3.9/site-packages/airflow/example_dags/example_short_circuit_operator.py
[2023-02-23 09:35:01,548] {processor.py:651} INFO - DAG(s) dict_keys(['example_short_circuit_operator']) retrieved from /home/alura/Documents/PrevisaoTempo/venv/lib/python3.9/site-packages/airflow/example_dags/example_short_circuit_operator.py
[2023-02-23 09:35:01,560] {logging_mixin.py:115} INFO - [2023-02-23 09:35:01,560] {dag.py:2379} INFO - Sync 1 DAGs
[2023-02-23 09:35:01,572] {logging_mixin.py:115} INFO - [2023-02-23 09:35:01,572] {dag.py:2927} INFO - Setting next_dagrun for example_short_circuit_operator to 2023-02-22T17:35:01.572040+00:00, run_after=2023-02-23T17:35:01.572040+00:00
[2023-02-23 09:35:01,580] {processor.py:161} INFO - Processing /home/alura/Documents/PrevisaoTempo/venv/lib/python3.9/site-packages/airflow/example_dags/example_short_circuit_operator.py took 0.039 seconds
[2023-02-23 09:35:34,465] {processor.py:153} INFO - Started process (PID=35548) to work on /home/alura/Documents/PrevisaoTempo/venv/lib/python3.9/site-packages/airflow/example_dags/example_short_circuit_operator.py
[2023-02-23 09:35:34,466] {processor.py:641} INFO - Processing file /home/alura/Documents/PrevisaoTempo/venv/lib/python3.9/site-packages/airflow/example_dags/example_short_circuit_operator.py for tasks to queue
[2023-02-23 09:35:34,466] {logging_mixin.py:115} INFO - [2023-02-23 09:35:34,466] {dagbag.py:507} INFO - Filling up the DagBag from /home/alura/Documents/PrevisaoTempo/venv/lib/python3.9/site-packages/airflow/example_dags/example_short_circuit_operator.py
[2023-02-23 09:35:34,470] {processor.py:651} INFO - DAG(s) dict_keys(['example_short_circuit_operator']) retrieved from /home/alura/Documents/PrevisaoTempo/venv/lib/python3.9/site-packages/airflow/example_dags/example_short_circuit_operator.py
[2023-02-23 09:35:34,479] {logging_mixin.py:115} INFO - [2023-02-23 09:35:34,479] {dag.py:2379} INFO - Sync 1 DAGs
[2023-02-23 09:35:34,490] {logging_mixin.py:115} INFO - [2023-02-23 09:35:34,490] {dag.py:2927} INFO - Setting next_dagrun for example_short_circuit_operator to 2023-02-22T17:35:34.489900+00:00, run_after=2023-02-23T17:35:34.489900+00:00
[2023-02-23 09:35:34,497] {processor.py:161} INFO - Processing /home/alura/Documents/PrevisaoTempo/venv/lib/python3.9/site-packages/airflow/example_dags/example_short_circuit_operator.py took 0.033 seconds
[2023-02-23 09:36:07,097] {processor.py:153} INFO - Started process (PID=35743) to work on /home/alura/Documents/PrevisaoTempo/venv/lib/python3.9/site-packages/airflow/example_dags/example_short_circuit_operator.py
[2023-02-23 09:36:07,098] {processor.py:641} INFO - Processing file /home/alura/Documents/PrevisaoTempo/venv/lib/python3.9/site-packages/airflow/example_dags/example_short_circuit_operator.py for tasks to queue
[2023-02-23 09:36:07,099] {logging_mixin.py:115} INFO - [2023-02-23 09:36:07,099] {dagbag.py:507} INFO - Filling up the DagBag from /home/alura/Documents/PrevisaoTempo/venv/lib/python3.9/site-packages/airflow/example_dags/example_short_circuit_operator.py
[2023-02-23 09:36:07,103] {processor.py:651} INFO - DAG(s) dict_keys(['example_short_circuit_operator']) retrieved from /home/alura/Documents/PrevisaoTempo/venv/lib/python3.9/site-packages/airflow/example_dags/example_short_circuit_operator.py
[2023-02-23 09:36:07,113] {logging_mixin.py:115} INFO - [2023-02-23 09:36:07,113] {dag.py:2379} INFO - Sync 1 DAGs
[2023-02-23 09:36:07,124] {logging_mixin.py:115} INFO - [2023-02-23 09:36:07,124] {dag.py:2927} INFO - Setting next_dagrun for example_short_circuit_operator to 2023-02-22T17:36:07.123838+00:00, run_after=2023-02-23T17:36:07.123838+00:00
[2023-02-23 09:36:07,130] {processor.py:161} INFO - Processing /home/alura/Documents/PrevisaoTempo/venv/lib/python3.9/site-packages/airflow/example_dags/example_short_circuit_operator.py took 0.034 seconds
