[2023-02-23 09:32:06,428] {processor.py:153} INFO - Started process (PID=33864) to work on /home/alura/Documents/PrevisaoTempo/venv/lib/python3.9/site-packages/airflow/example_dags/example_branch_operator_decorator.py
[2023-02-23 09:32:06,428] {processor.py:641} INFO - Processing file /home/alura/Documents/PrevisaoTempo/venv/lib/python3.9/site-packages/airflow/example_dags/example_branch_operator_decorator.py for tasks to queue
[2023-02-23 09:32:06,428] {logging_mixin.py:115} INFO - [2023-02-23 09:32:06,428] {dagbag.py:507} INFO - Filling up the DagBag from /home/alura/Documents/PrevisaoTempo/venv/lib/python3.9/site-packages/airflow/example_dags/example_branch_operator_decorator.py
[2023-02-23 09:32:06,439] {processor.py:651} INFO - DAG(s) dict_keys(['example_branch_python_operator_decorator']) retrieved from /home/alura/Documents/PrevisaoTempo/venv/lib/python3.9/site-packages/airflow/example_dags/example_branch_operator_decorator.py
[2023-02-23 09:32:06,474] {logging_mixin.py:115} INFO - [2023-02-23 09:32:06,474] {manager.py:508} INFO - Created Permission View: can delete on DAG:example_branch_python_operator_decorator
[2023-02-23 09:32:06,488] {logging_mixin.py:115} INFO - [2023-02-23 09:32:06,488] {manager.py:508} INFO - Created Permission View: can read on DAG:example_branch_python_operator_decorator
[2023-02-23 09:32:06,493] {logging_mixin.py:115} INFO - [2023-02-23 09:32:06,493] {manager.py:508} INFO - Created Permission View: can edit on DAG:example_branch_python_operator_decorator
[2023-02-23 09:32:06,493] {logging_mixin.py:115} INFO - [2023-02-23 09:32:06,493] {dag.py:2379} INFO - Sync 1 DAGs
[2023-02-23 09:32:06,498] {logging_mixin.py:115} INFO - [2023-02-23 09:32:06,497] {dag.py:2398} INFO - Creating ORM DAG for example_branch_python_operator_decorator
[2023-02-23 09:32:06,504] {logging_mixin.py:115} INFO - [2023-02-23 09:32:06,503] {dag.py:2927} INFO - Setting next_dagrun for example_branch_python_operator_decorator to 2023-02-22T00:00:00+00:00, run_after=2023-02-23T00:00:00+00:00
[2023-02-23 09:32:06,513] {processor.py:161} INFO - Processing /home/alura/Documents/PrevisaoTempo/venv/lib/python3.9/site-packages/airflow/example_dags/example_branch_operator_decorator.py took 0.087 seconds
[2023-02-23 09:32:37,839] {processor.py:153} INFO - Started process (PID=34071) to work on /home/alura/Documents/PrevisaoTempo/venv/lib/python3.9/site-packages/airflow/example_dags/example_branch_operator_decorator.py
[2023-02-23 09:32:37,839] {processor.py:641} INFO - Processing file /home/alura/Documents/PrevisaoTempo/venv/lib/python3.9/site-packages/airflow/example_dags/example_branch_operator_decorator.py for tasks to queue
[2023-02-23 09:32:37,840] {logging_mixin.py:115} INFO - [2023-02-23 09:32:37,840] {dagbag.py:507} INFO - Filling up the DagBag from /home/alura/Documents/PrevisaoTempo/venv/lib/python3.9/site-packages/airflow/example_dags/example_branch_operator_decorator.py
[2023-02-23 09:32:37,849] {processor.py:651} INFO - DAG(s) dict_keys(['example_branch_python_operator_decorator']) retrieved from /home/alura/Documents/PrevisaoTempo/venv/lib/python3.9/site-packages/airflow/example_dags/example_branch_operator_decorator.py
[2023-02-23 09:32:37,859] {logging_mixin.py:115} INFO - [2023-02-23 09:32:37,859] {dag.py:2379} INFO - Sync 1 DAGs
[2023-02-23 09:32:37,869] {logging_mixin.py:115} INFO - [2023-02-23 09:32:37,869] {dag.py:2927} INFO - Setting next_dagrun for example_branch_python_operator_decorator to 2023-02-22T00:00:00+00:00, run_after=2023-02-23T00:00:00+00:00
[2023-02-23 09:32:37,877] {processor.py:161} INFO - Processing /home/alura/Documents/PrevisaoTempo/venv/lib/python3.9/site-packages/airflow/example_dags/example_branch_operator_decorator.py took 0.039 seconds
[2023-02-23 09:33:10,889] {processor.py:153} INFO - Started process (PID=34261) to work on /home/alura/Documents/PrevisaoTempo/venv/lib/python3.9/site-packages/airflow/example_dags/example_branch_operator_decorator.py
[2023-02-23 09:33:10,889] {processor.py:641} INFO - Processing file /home/alura/Documents/PrevisaoTempo/venv/lib/python3.9/site-packages/airflow/example_dags/example_branch_operator_decorator.py for tasks to queue
[2023-02-23 09:33:10,889] {logging_mixin.py:115} INFO - [2023-02-23 09:33:10,889] {dagbag.py:507} INFO - Filling up the DagBag from /home/alura/Documents/PrevisaoTempo/venv/lib/python3.9/site-packages/airflow/example_dags/example_branch_operator_decorator.py
[2023-02-23 09:33:10,899] {processor.py:651} INFO - DAG(s) dict_keys(['example_branch_python_operator_decorator']) retrieved from /home/alura/Documents/PrevisaoTempo/venv/lib/python3.9/site-packages/airflow/example_dags/example_branch_operator_decorator.py
[2023-02-23 09:33:10,908] {logging_mixin.py:115} INFO - [2023-02-23 09:33:10,908] {dag.py:2379} INFO - Sync 1 DAGs
[2023-02-23 09:33:10,917] {logging_mixin.py:115} INFO - [2023-02-23 09:33:10,917] {dag.py:2927} INFO - Setting next_dagrun for example_branch_python_operator_decorator to 2023-02-22T00:00:00+00:00, run_after=2023-02-23T00:00:00+00:00
[2023-02-23 09:33:10,924] {processor.py:161} INFO - Processing /home/alura/Documents/PrevisaoTempo/venv/lib/python3.9/site-packages/airflow/example_dags/example_branch_operator_decorator.py took 0.037 seconds
[2023-02-23 09:33:44,571] {processor.py:153} INFO - Started process (PID=34459) to work on /home/alura/Documents/PrevisaoTempo/venv/lib/python3.9/site-packages/airflow/example_dags/example_branch_operator_decorator.py
[2023-02-23 09:33:44,572] {processor.py:641} INFO - Processing file /home/alura/Documents/PrevisaoTempo/venv/lib/python3.9/site-packages/airflow/example_dags/example_branch_operator_decorator.py for tasks to queue
[2023-02-23 09:33:44,572] {logging_mixin.py:115} INFO - [2023-02-23 09:33:44,572] {dagbag.py:507} INFO - Filling up the DagBag from /home/alura/Documents/PrevisaoTempo/venv/lib/python3.9/site-packages/airflow/example_dags/example_branch_operator_decorator.py
[2023-02-23 09:33:44,582] {processor.py:651} INFO - DAG(s) dict_keys(['example_branch_python_operator_decorator']) retrieved from /home/alura/Documents/PrevisaoTempo/venv/lib/python3.9/site-packages/airflow/example_dags/example_branch_operator_decorator.py
[2023-02-23 09:33:44,595] {logging_mixin.py:115} INFO - [2023-02-23 09:33:44,595] {dag.py:2379} INFO - Sync 1 DAGs
[2023-02-23 09:33:44,607] {logging_mixin.py:115} INFO - [2023-02-23 09:33:44,607] {dag.py:2927} INFO - Setting next_dagrun for example_branch_python_operator_decorator to 2023-02-22T00:00:00+00:00, run_after=2023-02-23T00:00:00+00:00
[2023-02-23 09:33:44,613] {processor.py:161} INFO - Processing /home/alura/Documents/PrevisaoTempo/venv/lib/python3.9/site-packages/airflow/example_dags/example_branch_operator_decorator.py took 0.045 seconds
[2023-02-23 09:34:16,552] {processor.py:153} INFO - Started process (PID=34950) to work on /home/alura/Documents/PrevisaoTempo/venv/lib/python3.9/site-packages/airflow/example_dags/example_branch_operator_decorator.py
[2023-02-23 09:34:16,552] {processor.py:641} INFO - Processing file /home/alura/Documents/PrevisaoTempo/venv/lib/python3.9/site-packages/airflow/example_dags/example_branch_operator_decorator.py for tasks to queue
[2023-02-23 09:34:16,553] {logging_mixin.py:115} INFO - [2023-02-23 09:34:16,553] {dagbag.py:507} INFO - Filling up the DagBag from /home/alura/Documents/PrevisaoTempo/venv/lib/python3.9/site-packages/airflow/example_dags/example_branch_operator_decorator.py
[2023-02-23 09:34:16,568] {processor.py:651} INFO - DAG(s) dict_keys(['example_branch_python_operator_decorator']) retrieved from /home/alura/Documents/PrevisaoTempo/venv/lib/python3.9/site-packages/airflow/example_dags/example_branch_operator_decorator.py
[2023-02-23 09:34:16,594] {logging_mixin.py:115} INFO - [2023-02-23 09:34:16,594] {dag.py:2379} INFO - Sync 1 DAGs
[2023-02-23 09:34:16,610] {logging_mixin.py:115} INFO - [2023-02-23 09:34:16,610] {dag.py:2927} INFO - Setting next_dagrun for example_branch_python_operator_decorator to 2023-02-22T00:00:00+00:00, run_after=2023-02-23T00:00:00+00:00
[2023-02-23 09:34:16,621] {processor.py:161} INFO - Processing /home/alura/Documents/PrevisaoTempo/venv/lib/python3.9/site-packages/airflow/example_dags/example_branch_operator_decorator.py took 0.071 seconds
[2023-02-23 09:34:52,413] {processor.py:153} INFO - Started process (PID=35254) to work on /home/alura/Documents/PrevisaoTempo/venv/lib/python3.9/site-packages/airflow/example_dags/example_branch_operator_decorator.py
[2023-02-23 09:34:52,414] {processor.py:641} INFO - Processing file /home/alura/Documents/PrevisaoTempo/venv/lib/python3.9/site-packages/airflow/example_dags/example_branch_operator_decorator.py for tasks to queue
[2023-02-23 09:34:52,414] {logging_mixin.py:115} INFO - [2023-02-23 09:34:52,414] {dagbag.py:507} INFO - Filling up the DagBag from /home/alura/Documents/PrevisaoTempo/venv/lib/python3.9/site-packages/airflow/example_dags/example_branch_operator_decorator.py
[2023-02-23 09:34:52,425] {processor.py:651} INFO - DAG(s) dict_keys(['example_branch_python_operator_decorator']) retrieved from /home/alura/Documents/PrevisaoTempo/venv/lib/python3.9/site-packages/airflow/example_dags/example_branch_operator_decorator.py
[2023-02-23 09:34:52,437] {logging_mixin.py:115} INFO - [2023-02-23 09:34:52,437] {dag.py:2379} INFO - Sync 1 DAGs
[2023-02-23 09:34:52,450] {logging_mixin.py:115} INFO - [2023-02-23 09:34:52,450] {dag.py:2927} INFO - Setting next_dagrun for example_branch_python_operator_decorator to 2023-02-22T00:00:00+00:00, run_after=2023-02-23T00:00:00+00:00
[2023-02-23 09:34:52,459] {processor.py:161} INFO - Processing /home/alura/Documents/PrevisaoTempo/venv/lib/python3.9/site-packages/airflow/example_dags/example_branch_operator_decorator.py took 0.048 seconds
[2023-02-23 09:35:23,211] {processor.py:153} INFO - Started process (PID=35452) to work on /home/alura/Documents/PrevisaoTempo/venv/lib/python3.9/site-packages/airflow/example_dags/example_branch_operator_decorator.py
[2023-02-23 09:35:23,211] {processor.py:641} INFO - Processing file /home/alura/Documents/PrevisaoTempo/venv/lib/python3.9/site-packages/airflow/example_dags/example_branch_operator_decorator.py for tasks to queue
[2023-02-23 09:35:23,211] {logging_mixin.py:115} INFO - [2023-02-23 09:35:23,211] {dagbag.py:507} INFO - Filling up the DagBag from /home/alura/Documents/PrevisaoTempo/venv/lib/python3.9/site-packages/airflow/example_dags/example_branch_operator_decorator.py
[2023-02-23 09:35:23,221] {processor.py:651} INFO - DAG(s) dict_keys(['example_branch_python_operator_decorator']) retrieved from /home/alura/Documents/PrevisaoTempo/venv/lib/python3.9/site-packages/airflow/example_dags/example_branch_operator_decorator.py
[2023-02-23 09:35:23,231] {logging_mixin.py:115} INFO - [2023-02-23 09:35:23,231] {dag.py:2379} INFO - Sync 1 DAGs
[2023-02-23 09:35:23,241] {logging_mixin.py:115} INFO - [2023-02-23 09:35:23,241] {dag.py:2927} INFO - Setting next_dagrun for example_branch_python_operator_decorator to 2023-02-22T00:00:00+00:00, run_after=2023-02-23T00:00:00+00:00
[2023-02-23 09:35:23,248] {processor.py:161} INFO - Processing /home/alura/Documents/PrevisaoTempo/venv/lib/python3.9/site-packages/airflow/example_dags/example_branch_operator_decorator.py took 0.039 seconds
[2023-02-23 09:35:56,974] {processor.py:153} INFO - Started process (PID=35683) to work on /home/alura/Documents/PrevisaoTempo/venv/lib/python3.9/site-packages/airflow/example_dags/example_branch_operator_decorator.py
[2023-02-23 09:35:56,975] {processor.py:641} INFO - Processing file /home/alura/Documents/PrevisaoTempo/venv/lib/python3.9/site-packages/airflow/example_dags/example_branch_operator_decorator.py for tasks to queue
[2023-02-23 09:35:56,975] {logging_mixin.py:115} INFO - [2023-02-23 09:35:56,975] {dagbag.py:507} INFO - Filling up the DagBag from /home/alura/Documents/PrevisaoTempo/venv/lib/python3.9/site-packages/airflow/example_dags/example_branch_operator_decorator.py
[2023-02-23 09:35:56,985] {processor.py:651} INFO - DAG(s) dict_keys(['example_branch_python_operator_decorator']) retrieved from /home/alura/Documents/PrevisaoTempo/venv/lib/python3.9/site-packages/airflow/example_dags/example_branch_operator_decorator.py
[2023-02-23 09:35:56,996] {logging_mixin.py:115} INFO - [2023-02-23 09:35:56,996] {dag.py:2379} INFO - Sync 1 DAGs
[2023-02-23 09:35:57,008] {logging_mixin.py:115} INFO - [2023-02-23 09:35:57,008] {dag.py:2927} INFO - Setting next_dagrun for example_branch_python_operator_decorator to 2023-02-22T00:00:00+00:00, run_after=2023-02-23T00:00:00+00:00
[2023-02-23 09:35:57,015] {processor.py:161} INFO - Processing /home/alura/Documents/PrevisaoTempo/venv/lib/python3.9/site-packages/airflow/example_dags/example_branch_operator_decorator.py took 0.042 seconds
