[2023-02-23 09:31:46,243] {processor.py:153} INFO - Started process (PID=33713) to work on /home/alura/Documents/PrevisaoTempo/venv/lib/python3.9/site-packages/airflow/example_dags/example_latest_only.py
[2023-02-23 09:31:46,243] {processor.py:641} INFO - Processing file /home/alura/Documents/PrevisaoTempo/venv/lib/python3.9/site-packages/airflow/example_dags/example_latest_only.py for tasks to queue
[2023-02-23 09:31:46,243] {logging_mixin.py:115} INFO - [2023-02-23 09:31:46,243] {dagbag.py:507} INFO - Filling up the DagBag from /home/alura/Documents/PrevisaoTempo/venv/lib/python3.9/site-packages/airflow/example_dags/example_latest_only.py
[2023-02-23 09:31:46,247] {processor.py:651} INFO - DAG(s) dict_keys(['latest_only']) retrieved from /home/alura/Documents/PrevisaoTempo/venv/lib/python3.9/site-packages/airflow/example_dags/example_latest_only.py
[2023-02-23 09:31:46,283] {logging_mixin.py:115} INFO - [2023-02-23 09:31:46,283] {manager.py:508} INFO - Created Permission View: can delete on DAG:latest_only
[2023-02-23 09:31:46,288] {logging_mixin.py:115} INFO - [2023-02-23 09:31:46,288] {manager.py:508} INFO - Created Permission View: can read on DAG:latest_only
[2023-02-23 09:31:46,292] {logging_mixin.py:115} INFO - [2023-02-23 09:31:46,292] {manager.py:508} INFO - Created Permission View: can edit on DAG:latest_only
[2023-02-23 09:31:46,292] {logging_mixin.py:115} INFO - [2023-02-23 09:31:46,292] {dag.py:2379} INFO - Sync 1 DAGs
[2023-02-23 09:31:46,295] {logging_mixin.py:115} INFO - [2023-02-23 09:31:46,295] {dag.py:2398} INFO - Creating ORM DAG for latest_only
[2023-02-23 09:31:46,300] {logging_mixin.py:115} INFO - [2023-02-23 09:31:46,300] {dag.py:2927} INFO - Setting next_dagrun for latest_only to 2023-02-23T13:31:46.300033+00:00, run_after=2023-02-23T17:31:46.300033+00:00
[2023-02-23 09:31:46,307] {processor.py:161} INFO - Processing /home/alura/Documents/PrevisaoTempo/venv/lib/python3.9/site-packages/airflow/example_dags/example_latest_only.py took 0.066 seconds
[2023-02-23 09:32:17,313] {processor.py:153} INFO - Started process (PID=33937) to work on /home/alura/Documents/PrevisaoTempo/venv/lib/python3.9/site-packages/airflow/example_dags/example_latest_only.py
[2023-02-23 09:32:17,313] {processor.py:641} INFO - Processing file /home/alura/Documents/PrevisaoTempo/venv/lib/python3.9/site-packages/airflow/example_dags/example_latest_only.py for tasks to queue
[2023-02-23 09:32:17,314] {logging_mixin.py:115} INFO - [2023-02-23 09:32:17,314] {dagbag.py:507} INFO - Filling up the DagBag from /home/alura/Documents/PrevisaoTempo/venv/lib/python3.9/site-packages/airflow/example_dags/example_latest_only.py
[2023-02-23 09:32:17,317] {processor.py:651} INFO - DAG(s) dict_keys(['latest_only']) retrieved from /home/alura/Documents/PrevisaoTempo/venv/lib/python3.9/site-packages/airflow/example_dags/example_latest_only.py
[2023-02-23 09:32:17,325] {logging_mixin.py:115} INFO - [2023-02-23 09:32:17,324] {dag.py:2379} INFO - Sync 1 DAGs
[2023-02-23 09:32:17,334] {logging_mixin.py:115} INFO - [2023-02-23 09:32:17,334] {dag.py:2927} INFO - Setting next_dagrun for latest_only to 2023-02-23T13:32:17.334646+00:00, run_after=2023-02-23T17:32:17.334646+00:00
[2023-02-23 09:32:17,341] {processor.py:161} INFO - Processing /home/alura/Documents/PrevisaoTempo/venv/lib/python3.9/site-packages/airflow/example_dags/example_latest_only.py took 0.029 seconds
[2023-02-23 09:32:49,234] {processor.py:153} INFO - Started process (PID=34129) to work on /home/alura/Documents/PrevisaoTempo/venv/lib/python3.9/site-packages/airflow/example_dags/example_latest_only.py
[2023-02-23 09:32:49,234] {processor.py:641} INFO - Processing file /home/alura/Documents/PrevisaoTempo/venv/lib/python3.9/site-packages/airflow/example_dags/example_latest_only.py for tasks to queue
[2023-02-23 09:32:49,235] {logging_mixin.py:115} INFO - [2023-02-23 09:32:49,234] {dagbag.py:507} INFO - Filling up the DagBag from /home/alura/Documents/PrevisaoTempo/venv/lib/python3.9/site-packages/airflow/example_dags/example_latest_only.py
[2023-02-23 09:32:49,238] {processor.py:651} INFO - DAG(s) dict_keys(['latest_only']) retrieved from /home/alura/Documents/PrevisaoTempo/venv/lib/python3.9/site-packages/airflow/example_dags/example_latest_only.py
[2023-02-23 09:32:49,246] {logging_mixin.py:115} INFO - [2023-02-23 09:32:49,246] {dag.py:2379} INFO - Sync 1 DAGs
[2023-02-23 09:32:49,256] {logging_mixin.py:115} INFO - [2023-02-23 09:32:49,256] {dag.py:2927} INFO - Setting next_dagrun for latest_only to 2023-02-23T13:32:49.255893+00:00, run_after=2023-02-23T17:32:49.255893+00:00
[2023-02-23 09:32:49,262] {processor.py:161} INFO - Processing /home/alura/Documents/PrevisaoTempo/venv/lib/python3.9/site-packages/airflow/example_dags/example_latest_only.py took 0.030 seconds
[2023-02-23 09:33:22,996] {processor.py:153} INFO - Started process (PID=34330) to work on /home/alura/Documents/PrevisaoTempo/venv/lib/python3.9/site-packages/airflow/example_dags/example_latest_only.py
[2023-02-23 09:33:22,996] {processor.py:641} INFO - Processing file /home/alura/Documents/PrevisaoTempo/venv/lib/python3.9/site-packages/airflow/example_dags/example_latest_only.py for tasks to queue
[2023-02-23 09:33:22,996] {logging_mixin.py:115} INFO - [2023-02-23 09:33:22,996] {dagbag.py:507} INFO - Filling up the DagBag from /home/alura/Documents/PrevisaoTempo/venv/lib/python3.9/site-packages/airflow/example_dags/example_latest_only.py
[2023-02-23 09:33:22,999] {processor.py:651} INFO - DAG(s) dict_keys(['latest_only']) retrieved from /home/alura/Documents/PrevisaoTempo/venv/lib/python3.9/site-packages/airflow/example_dags/example_latest_only.py
[2023-02-23 09:33:23,008] {logging_mixin.py:115} INFO - [2023-02-23 09:33:23,008] {dag.py:2379} INFO - Sync 1 DAGs
[2023-02-23 09:33:23,019] {logging_mixin.py:115} INFO - [2023-02-23 09:33:23,019] {dag.py:2927} INFO - Setting next_dagrun for latest_only to 2023-02-23T13:33:23.018870+00:00, run_after=2023-02-23T17:33:23.018870+00:00
[2023-02-23 09:33:23,025] {processor.py:161} INFO - Processing /home/alura/Documents/PrevisaoTempo/venv/lib/python3.9/site-packages/airflow/example_dags/example_latest_only.py took 0.031 seconds
[2023-02-23 09:33:55,968] {processor.py:153} INFO - Started process (PID=34532) to work on /home/alura/Documents/PrevisaoTempo/venv/lib/python3.9/site-packages/airflow/example_dags/example_latest_only.py
[2023-02-23 09:33:55,969] {processor.py:641} INFO - Processing file /home/alura/Documents/PrevisaoTempo/venv/lib/python3.9/site-packages/airflow/example_dags/example_latest_only.py for tasks to queue
[2023-02-23 09:33:55,969] {logging_mixin.py:115} INFO - [2023-02-23 09:33:55,969] {dagbag.py:507} INFO - Filling up the DagBag from /home/alura/Documents/PrevisaoTempo/venv/lib/python3.9/site-packages/airflow/example_dags/example_latest_only.py
[2023-02-23 09:33:55,972] {processor.py:651} INFO - DAG(s) dict_keys(['latest_only']) retrieved from /home/alura/Documents/PrevisaoTempo/venv/lib/python3.9/site-packages/airflow/example_dags/example_latest_only.py
[2023-02-23 09:33:55,980] {logging_mixin.py:115} INFO - [2023-02-23 09:33:55,980] {dag.py:2379} INFO - Sync 1 DAGs
[2023-02-23 09:33:55,989] {logging_mixin.py:115} INFO - [2023-02-23 09:33:55,989] {dag.py:2927} INFO - Setting next_dagrun for latest_only to 2023-02-23T13:33:55.989661+00:00, run_after=2023-02-23T17:33:55.989661+00:00
[2023-02-23 09:33:55,996] {processor.py:161} INFO - Processing /home/alura/Documents/PrevisaoTempo/venv/lib/python3.9/site-packages/airflow/example_dags/example_latest_only.py took 0.029 seconds
[2023-02-23 09:34:28,764] {processor.py:153} INFO - Started process (PID=35102) to work on /home/alura/Documents/PrevisaoTempo/venv/lib/python3.9/site-packages/airflow/example_dags/example_latest_only.py
[2023-02-23 09:34:28,764] {processor.py:641} INFO - Processing file /home/alura/Documents/PrevisaoTempo/venv/lib/python3.9/site-packages/airflow/example_dags/example_latest_only.py for tasks to queue
[2023-02-23 09:34:28,764] {logging_mixin.py:115} INFO - [2023-02-23 09:34:28,764] {dagbag.py:507} INFO - Filling up the DagBag from /home/alura/Documents/PrevisaoTempo/venv/lib/python3.9/site-packages/airflow/example_dags/example_latest_only.py
[2023-02-23 09:34:28,769] {processor.py:651} INFO - DAG(s) dict_keys(['latest_only']) retrieved from /home/alura/Documents/PrevisaoTempo/venv/lib/python3.9/site-packages/airflow/example_dags/example_latest_only.py
[2023-02-23 09:34:28,777] {logging_mixin.py:115} INFO - [2023-02-23 09:34:28,777] {dag.py:2379} INFO - Sync 1 DAGs
[2023-02-23 09:34:28,788] {logging_mixin.py:115} INFO - [2023-02-23 09:34:28,788] {dag.py:2927} INFO - Setting next_dagrun for latest_only to 2023-02-23T13:34:28.788367+00:00, run_after=2023-02-23T17:34:28.788367+00:00
[2023-02-23 09:34:28,795] {processor.py:161} INFO - Processing /home/alura/Documents/PrevisaoTempo/venv/lib/python3.9/site-packages/airflow/example_dags/example_latest_only.py took 0.032 seconds
[2023-02-23 09:35:01,275] {processor.py:153} INFO - Started process (PID=35313) to work on /home/alura/Documents/PrevisaoTempo/venv/lib/python3.9/site-packages/airflow/example_dags/example_latest_only.py
[2023-02-23 09:35:01,275] {processor.py:641} INFO - Processing file /home/alura/Documents/PrevisaoTempo/venv/lib/python3.9/site-packages/airflow/example_dags/example_latest_only.py for tasks to queue
[2023-02-23 09:35:01,276] {logging_mixin.py:115} INFO - [2023-02-23 09:35:01,276] {dagbag.py:507} INFO - Filling up the DagBag from /home/alura/Documents/PrevisaoTempo/venv/lib/python3.9/site-packages/airflow/example_dags/example_latest_only.py
[2023-02-23 09:35:01,279] {processor.py:651} INFO - DAG(s) dict_keys(['latest_only']) retrieved from /home/alura/Documents/PrevisaoTempo/venv/lib/python3.9/site-packages/airflow/example_dags/example_latest_only.py
[2023-02-23 09:35:01,288] {logging_mixin.py:115} INFO - [2023-02-23 09:35:01,288] {dag.py:2379} INFO - Sync 1 DAGs
[2023-02-23 09:35:01,301] {logging_mixin.py:115} INFO - [2023-02-23 09:35:01,301] {dag.py:2927} INFO - Setting next_dagrun for latest_only to 2023-02-23T13:35:01.301185+00:00, run_after=2023-02-23T17:35:01.301185+00:00
[2023-02-23 09:35:01,309] {processor.py:161} INFO - Processing /home/alura/Documents/PrevisaoTempo/venv/lib/python3.9/site-packages/airflow/example_dags/example_latest_only.py took 0.035 seconds
[2023-02-23 09:35:33,488] {processor.py:153} INFO - Started process (PID=35543) to work on /home/alura/Documents/PrevisaoTempo/venv/lib/python3.9/site-packages/airflow/example_dags/example_latest_only.py
[2023-02-23 09:35:33,489] {processor.py:641} INFO - Processing file /home/alura/Documents/PrevisaoTempo/venv/lib/python3.9/site-packages/airflow/example_dags/example_latest_only.py for tasks to queue
[2023-02-23 09:35:33,489] {logging_mixin.py:115} INFO - [2023-02-23 09:35:33,489] {dagbag.py:507} INFO - Filling up the DagBag from /home/alura/Documents/PrevisaoTempo/venv/lib/python3.9/site-packages/airflow/example_dags/example_latest_only.py
[2023-02-23 09:35:33,492] {processor.py:651} INFO - DAG(s) dict_keys(['latest_only']) retrieved from /home/alura/Documents/PrevisaoTempo/venv/lib/python3.9/site-packages/airflow/example_dags/example_latest_only.py
[2023-02-23 09:35:33,500] {logging_mixin.py:115} INFO - [2023-02-23 09:35:33,500] {dag.py:2379} INFO - Sync 1 DAGs
[2023-02-23 09:35:33,528] {logging_mixin.py:115} INFO - [2023-02-23 09:35:33,528] {dag.py:2927} INFO - Setting next_dagrun for latest_only to 2023-02-23T13:35:33.528190+00:00, run_after=2023-02-23T17:35:33.528190+00:00
[2023-02-23 09:35:33,535] {processor.py:161} INFO - Processing /home/alura/Documents/PrevisaoTempo/venv/lib/python3.9/site-packages/airflow/example_dags/example_latest_only.py took 0.048 seconds
[2023-02-23 09:36:05,972] {processor.py:153} INFO - Started process (PID=35738) to work on /home/alura/Documents/PrevisaoTempo/venv/lib/python3.9/site-packages/airflow/example_dags/example_latest_only.py
[2023-02-23 09:36:05,973] {processor.py:641} INFO - Processing file /home/alura/Documents/PrevisaoTempo/venv/lib/python3.9/site-packages/airflow/example_dags/example_latest_only.py for tasks to queue
[2023-02-23 09:36:05,973] {logging_mixin.py:115} INFO - [2023-02-23 09:36:05,973] {dagbag.py:507} INFO - Filling up the DagBag from /home/alura/Documents/PrevisaoTempo/venv/lib/python3.9/site-packages/airflow/example_dags/example_latest_only.py
[2023-02-23 09:36:05,976] {processor.py:651} INFO - DAG(s) dict_keys(['latest_only']) retrieved from /home/alura/Documents/PrevisaoTempo/venv/lib/python3.9/site-packages/airflow/example_dags/example_latest_only.py
[2023-02-23 09:36:05,984] {logging_mixin.py:115} INFO - [2023-02-23 09:36:05,984] {dag.py:2379} INFO - Sync 1 DAGs
[2023-02-23 09:36:05,994] {logging_mixin.py:115} INFO - [2023-02-23 09:36:05,994] {dag.py:2927} INFO - Setting next_dagrun for latest_only to 2023-02-23T13:36:05.994372+00:00, run_after=2023-02-23T17:36:05.994372+00:00
[2023-02-23 09:36:06,001] {processor.py:161} INFO - Processing /home/alura/Documents/PrevisaoTempo/venv/lib/python3.9/site-packages/airflow/example_dags/example_latest_only.py took 0.030 seconds
