[2023-02-23 09:32:12,182] {processor.py:153} INFO - Started process (PID=33908) to work on /home/alura/Documents/PrevisaoTempo/venv/lib/python3.9/site-packages/airflow/example_dags/example_branch_datetime_operator.py
[2023-02-23 09:32:12,183] {processor.py:641} INFO - Processing file /home/alura/Documents/PrevisaoTempo/venv/lib/python3.9/site-packages/airflow/example_dags/example_branch_datetime_operator.py for tasks to queue
[2023-02-23 09:32:12,183] {logging_mixin.py:115} INFO - [2023-02-23 09:32:12,183] {dagbag.py:507} INFO - Filling up the DagBag from /home/alura/Documents/PrevisaoTempo/venv/lib/python3.9/site-packages/airflow/example_dags/example_branch_datetime_operator.py
[2023-02-23 09:32:12,188] {processor.py:651} INFO - DAG(s) dict_keys(['example_branch_datetime_operator_2']) retrieved from /home/alura/Documents/PrevisaoTempo/venv/lib/python3.9/site-packages/airflow/example_dags/example_branch_datetime_operator.py
[2023-02-23 09:32:12,223] {logging_mixin.py:115} INFO - [2023-02-23 09:32:12,223] {manager.py:508} INFO - Created Permission View: can delete on DAG:example_branch_datetime_operator_2
[2023-02-23 09:32:12,228] {logging_mixin.py:115} INFO - [2023-02-23 09:32:12,228] {manager.py:508} INFO - Created Permission View: can read on DAG:example_branch_datetime_operator_2
[2023-02-23 09:32:12,231] {logging_mixin.py:115} INFO - [2023-02-23 09:32:12,231] {manager.py:508} INFO - Created Permission View: can edit on DAG:example_branch_datetime_operator_2
[2023-02-23 09:32:12,231] {logging_mixin.py:115} INFO - [2023-02-23 09:32:12,231] {dag.py:2379} INFO - Sync 1 DAGs
[2023-02-23 09:32:12,235] {logging_mixin.py:115} INFO - [2023-02-23 09:32:12,235] {dag.py:2398} INFO - Creating ORM DAG for example_branch_datetime_operator_2
[2023-02-23 09:32:12,240] {logging_mixin.py:115} INFO - [2023-02-23 09:32:12,240] {dag.py:2927} INFO - Setting next_dagrun for example_branch_datetime_operator_2 to 2023-02-22T00:00:00+00:00, run_after=2023-02-23T00:00:00+00:00
[2023-02-23 09:32:12,248] {processor.py:161} INFO - Processing /home/alura/Documents/PrevisaoTempo/venv/lib/python3.9/site-packages/airflow/example_dags/example_branch_datetime_operator.py took 0.067 seconds
[2023-02-23 09:32:44,101] {processor.py:153} INFO - Started process (PID=34102) to work on /home/alura/Documents/PrevisaoTempo/venv/lib/python3.9/site-packages/airflow/example_dags/example_branch_datetime_operator.py
[2023-02-23 09:32:44,102] {processor.py:641} INFO - Processing file /home/alura/Documents/PrevisaoTempo/venv/lib/python3.9/site-packages/airflow/example_dags/example_branch_datetime_operator.py for tasks to queue
[2023-02-23 09:32:44,102] {logging_mixin.py:115} INFO - [2023-02-23 09:32:44,102] {dagbag.py:507} INFO - Filling up the DagBag from /home/alura/Documents/PrevisaoTempo/venv/lib/python3.9/site-packages/airflow/example_dags/example_branch_datetime_operator.py
[2023-02-23 09:32:44,106] {processor.py:651} INFO - DAG(s) dict_keys(['example_branch_datetime_operator_2']) retrieved from /home/alura/Documents/PrevisaoTempo/venv/lib/python3.9/site-packages/airflow/example_dags/example_branch_datetime_operator.py
[2023-02-23 09:32:44,114] {logging_mixin.py:115} INFO - [2023-02-23 09:32:44,114] {dag.py:2379} INFO - Sync 1 DAGs
[2023-02-23 09:32:44,126] {logging_mixin.py:115} INFO - [2023-02-23 09:32:44,126] {dag.py:2927} INFO - Setting next_dagrun for example_branch_datetime_operator_2 to 2023-02-22T00:00:00+00:00, run_after=2023-02-23T00:00:00+00:00
[2023-02-23 09:32:44,133] {processor.py:161} INFO - Processing /home/alura/Documents/PrevisaoTempo/venv/lib/python3.9/site-packages/airflow/example_dags/example_branch_datetime_operator.py took 0.033 seconds
[2023-02-23 09:33:18,896] {processor.py:153} INFO - Started process (PID=34310) to work on /home/alura/Documents/PrevisaoTempo/venv/lib/python3.9/site-packages/airflow/example_dags/example_branch_datetime_operator.py
[2023-02-23 09:33:18,897] {processor.py:641} INFO - Processing file /home/alura/Documents/PrevisaoTempo/venv/lib/python3.9/site-packages/airflow/example_dags/example_branch_datetime_operator.py for tasks to queue
[2023-02-23 09:33:18,897] {logging_mixin.py:115} INFO - [2023-02-23 09:33:18,897] {dagbag.py:507} INFO - Filling up the DagBag from /home/alura/Documents/PrevisaoTempo/venv/lib/python3.9/site-packages/airflow/example_dags/example_branch_datetime_operator.py
[2023-02-23 09:33:18,901] {processor.py:651} INFO - DAG(s) dict_keys(['example_branch_datetime_operator_2']) retrieved from /home/alura/Documents/PrevisaoTempo/venv/lib/python3.9/site-packages/airflow/example_dags/example_branch_datetime_operator.py
[2023-02-23 09:33:18,910] {logging_mixin.py:115} INFO - [2023-02-23 09:33:18,909] {dag.py:2379} INFO - Sync 1 DAGs
[2023-02-23 09:33:18,921] {logging_mixin.py:115} INFO - [2023-02-23 09:33:18,921] {dag.py:2927} INFO - Setting next_dagrun for example_branch_datetime_operator_2 to 2023-02-22T00:00:00+00:00, run_after=2023-02-23T00:00:00+00:00
[2023-02-23 09:33:18,928] {processor.py:161} INFO - Processing /home/alura/Documents/PrevisaoTempo/venv/lib/python3.9/site-packages/airflow/example_dags/example_branch_datetime_operator.py took 0.033 seconds
[2023-02-23 09:33:53,088] {processor.py:153} INFO - Started process (PID=34513) to work on /home/alura/Documents/PrevisaoTempo/venv/lib/python3.9/site-packages/airflow/example_dags/example_branch_datetime_operator.py
[2023-02-23 09:33:53,089] {processor.py:641} INFO - Processing file /home/alura/Documents/PrevisaoTempo/venv/lib/python3.9/site-packages/airflow/example_dags/example_branch_datetime_operator.py for tasks to queue
[2023-02-23 09:33:53,089] {logging_mixin.py:115} INFO - [2023-02-23 09:33:53,089] {dagbag.py:507} INFO - Filling up the DagBag from /home/alura/Documents/PrevisaoTempo/venv/lib/python3.9/site-packages/airflow/example_dags/example_branch_datetime_operator.py
[2023-02-23 09:33:53,093] {processor.py:651} INFO - DAG(s) dict_keys(['example_branch_datetime_operator_2']) retrieved from /home/alura/Documents/PrevisaoTempo/venv/lib/python3.9/site-packages/airflow/example_dags/example_branch_datetime_operator.py
[2023-02-23 09:33:53,101] {logging_mixin.py:115} INFO - [2023-02-23 09:33:53,101] {dag.py:2379} INFO - Sync 1 DAGs
[2023-02-23 09:33:53,112] {logging_mixin.py:115} INFO - [2023-02-23 09:33:53,112] {dag.py:2927} INFO - Setting next_dagrun for example_branch_datetime_operator_2 to 2023-02-22T00:00:00+00:00, run_after=2023-02-23T00:00:00+00:00
[2023-02-23 09:33:53,118] {processor.py:161} INFO - Processing /home/alura/Documents/PrevisaoTempo/venv/lib/python3.9/site-packages/airflow/example_dags/example_branch_datetime_operator.py took 0.031 seconds
[2023-02-23 09:34:26,813] {processor.py:153} INFO - Started process (PID=35088) to work on /home/alura/Documents/PrevisaoTempo/venv/lib/python3.9/site-packages/airflow/example_dags/example_branch_datetime_operator.py
[2023-02-23 09:34:26,814] {processor.py:641} INFO - Processing file /home/alura/Documents/PrevisaoTempo/venv/lib/python3.9/site-packages/airflow/example_dags/example_branch_datetime_operator.py for tasks to queue
[2023-02-23 09:34:26,814] {logging_mixin.py:115} INFO - [2023-02-23 09:34:26,814] {dagbag.py:507} INFO - Filling up the DagBag from /home/alura/Documents/PrevisaoTempo/venv/lib/python3.9/site-packages/airflow/example_dags/example_branch_datetime_operator.py
[2023-02-23 09:34:26,820] {processor.py:651} INFO - DAG(s) dict_keys(['example_branch_datetime_operator_2']) retrieved from /home/alura/Documents/PrevisaoTempo/venv/lib/python3.9/site-packages/airflow/example_dags/example_branch_datetime_operator.py
[2023-02-23 09:34:26,829] {logging_mixin.py:115} INFO - [2023-02-23 09:34:26,829] {dag.py:2379} INFO - Sync 1 DAGs
[2023-02-23 09:34:26,841] {logging_mixin.py:115} INFO - [2023-02-23 09:34:26,841] {dag.py:2927} INFO - Setting next_dagrun for example_branch_datetime_operator_2 to 2023-02-22T00:00:00+00:00, run_after=2023-02-23T00:00:00+00:00
[2023-02-23 09:34:26,848] {processor.py:161} INFO - Processing /home/alura/Documents/PrevisaoTempo/venv/lib/python3.9/site-packages/airflow/example_dags/example_branch_datetime_operator.py took 0.037 seconds
[2023-02-23 09:35:02,673] {processor.py:153} INFO - Started process (PID=35320) to work on /home/alura/Documents/PrevisaoTempo/venv/lib/python3.9/site-packages/airflow/example_dags/example_branch_datetime_operator.py
[2023-02-23 09:35:02,673] {processor.py:641} INFO - Processing file /home/alura/Documents/PrevisaoTempo/venv/lib/python3.9/site-packages/airflow/example_dags/example_branch_datetime_operator.py for tasks to queue
[2023-02-23 09:35:02,673] {logging_mixin.py:115} INFO - [2023-02-23 09:35:02,673] {dagbag.py:507} INFO - Filling up the DagBag from /home/alura/Documents/PrevisaoTempo/venv/lib/python3.9/site-packages/airflow/example_dags/example_branch_datetime_operator.py
[2023-02-23 09:35:02,680] {processor.py:651} INFO - DAG(s) dict_keys(['example_branch_datetime_operator_2']) retrieved from /home/alura/Documents/PrevisaoTempo/venv/lib/python3.9/site-packages/airflow/example_dags/example_branch_datetime_operator.py
[2023-02-23 09:35:02,688] {logging_mixin.py:115} INFO - [2023-02-23 09:35:02,687] {dag.py:2379} INFO - Sync 1 DAGs
[2023-02-23 09:35:02,699] {logging_mixin.py:115} INFO - [2023-02-23 09:35:02,699] {dag.py:2927} INFO - Setting next_dagrun for example_branch_datetime_operator_2 to 2023-02-22T00:00:00+00:00, run_after=2023-02-23T00:00:00+00:00
[2023-02-23 09:35:02,705] {processor.py:161} INFO - Processing /home/alura/Documents/PrevisaoTempo/venv/lib/python3.9/site-packages/airflow/example_dags/example_branch_datetime_operator.py took 0.034 seconds
[2023-02-23 09:35:38,621] {processor.py:153} INFO - Started process (PID=35569) to work on /home/alura/Documents/PrevisaoTempo/venv/lib/python3.9/site-packages/airflow/example_dags/example_branch_datetime_operator.py
[2023-02-23 09:35:38,621] {processor.py:641} INFO - Processing file /home/alura/Documents/PrevisaoTempo/venv/lib/python3.9/site-packages/airflow/example_dags/example_branch_datetime_operator.py for tasks to queue
[2023-02-23 09:35:38,622] {logging_mixin.py:115} INFO - [2023-02-23 09:35:38,622] {dagbag.py:507} INFO - Filling up the DagBag from /home/alura/Documents/PrevisaoTempo/venv/lib/python3.9/site-packages/airflow/example_dags/example_branch_datetime_operator.py
[2023-02-23 09:35:38,626] {processor.py:651} INFO - DAG(s) dict_keys(['example_branch_datetime_operator_2']) retrieved from /home/alura/Documents/PrevisaoTempo/venv/lib/python3.9/site-packages/airflow/example_dags/example_branch_datetime_operator.py
[2023-02-23 09:35:38,633] {logging_mixin.py:115} INFO - [2023-02-23 09:35:38,633] {dag.py:2379} INFO - Sync 1 DAGs
[2023-02-23 09:35:38,644] {logging_mixin.py:115} INFO - [2023-02-23 09:35:38,644] {dag.py:2927} INFO - Setting next_dagrun for example_branch_datetime_operator_2 to 2023-02-22T00:00:00+00:00, run_after=2023-02-23T00:00:00+00:00
[2023-02-23 09:35:38,650] {processor.py:161} INFO - Processing /home/alura/Documents/PrevisaoTempo/venv/lib/python3.9/site-packages/airflow/example_dags/example_branch_datetime_operator.py took 0.031 seconds
[2023-02-23 09:36:11,604] {processor.py:153} INFO - Started process (PID=35767) to work on /home/alura/Documents/PrevisaoTempo/venv/lib/python3.9/site-packages/airflow/example_dags/example_branch_datetime_operator.py
[2023-02-23 09:36:11,605] {processor.py:641} INFO - Processing file /home/alura/Documents/PrevisaoTempo/venv/lib/python3.9/site-packages/airflow/example_dags/example_branch_datetime_operator.py for tasks to queue
[2023-02-23 09:36:11,605] {logging_mixin.py:115} INFO - [2023-02-23 09:36:11,605] {dagbag.py:507} INFO - Filling up the DagBag from /home/alura/Documents/PrevisaoTempo/venv/lib/python3.9/site-packages/airflow/example_dags/example_branch_datetime_operator.py
[2023-02-23 09:36:11,609] {processor.py:651} INFO - DAG(s) dict_keys(['example_branch_datetime_operator_2']) retrieved from /home/alura/Documents/PrevisaoTempo/venv/lib/python3.9/site-packages/airflow/example_dags/example_branch_datetime_operator.py
[2023-02-23 09:36:11,617] {logging_mixin.py:115} INFO - [2023-02-23 09:36:11,617] {dag.py:2379} INFO - Sync 1 DAGs
[2023-02-23 09:36:11,628] {logging_mixin.py:115} INFO - [2023-02-23 09:36:11,628] {dag.py:2927} INFO - Setting next_dagrun for example_branch_datetime_operator_2 to 2023-02-22T00:00:00+00:00, run_after=2023-02-23T00:00:00+00:00
[2023-02-23 09:36:11,635] {processor.py:161} INFO - Processing /home/alura/Documents/PrevisaoTempo/venv/lib/python3.9/site-packages/airflow/example_dags/example_branch_datetime_operator.py took 0.032 seconds
