[2023-02-23 09:32:04,179] {processor.py:153} INFO - Started process (PID=33847) to work on /home/alura/Documents/PrevisaoTempo/venv/lib/python3.9/site-packages/airflow/example_dags/example_latest_only_with_trigger.py
[2023-02-23 09:32:04,179] {processor.py:641} INFO - Processing file /home/alura/Documents/PrevisaoTempo/venv/lib/python3.9/site-packages/airflow/example_dags/example_latest_only_with_trigger.py for tasks to queue
[2023-02-23 09:32:04,179] {logging_mixin.py:115} INFO - [2023-02-23 09:32:04,179] {dagbag.py:507} INFO - Filling up the DagBag from /home/alura/Documents/PrevisaoTempo/venv/lib/python3.9/site-packages/airflow/example_dags/example_latest_only_with_trigger.py
[2023-02-23 09:32:04,183] {processor.py:651} INFO - DAG(s) dict_keys(['latest_only_with_trigger']) retrieved from /home/alura/Documents/PrevisaoTempo/venv/lib/python3.9/site-packages/airflow/example_dags/example_latest_only_with_trigger.py
[2023-02-23 09:32:04,215] {logging_mixin.py:115} INFO - [2023-02-23 09:32:04,215] {manager.py:508} INFO - Created Permission View: can delete on DAG:latest_only_with_trigger
[2023-02-23 09:32:04,219] {logging_mixin.py:115} INFO - [2023-02-23 09:32:04,219] {manager.py:508} INFO - Created Permission View: can read on DAG:latest_only_with_trigger
[2023-02-23 09:32:04,223] {logging_mixin.py:115} INFO - [2023-02-23 09:32:04,223] {manager.py:508} INFO - Created Permission View: can edit on DAG:latest_only_with_trigger
[2023-02-23 09:32:04,223] {logging_mixin.py:115} INFO - [2023-02-23 09:32:04,223] {dag.py:2379} INFO - Sync 1 DAGs
[2023-02-23 09:32:04,227] {logging_mixin.py:115} INFO - [2023-02-23 09:32:04,227] {dag.py:2398} INFO - Creating ORM DAG for latest_only_with_trigger
[2023-02-23 09:32:04,231] {logging_mixin.py:115} INFO - [2023-02-23 09:32:04,231] {dag.py:2927} INFO - Setting next_dagrun for latest_only_with_trigger to 2023-02-23T13:32:04.231445+00:00, run_after=2023-02-23T17:32:04.231445+00:00
[2023-02-23 09:32:04,238] {processor.py:161} INFO - Processing /home/alura/Documents/PrevisaoTempo/venv/lib/python3.9/site-packages/airflow/example_dags/example_latest_only_with_trigger.py took 0.061 seconds
[2023-02-23 09:32:36,089] {processor.py:153} INFO - Started process (PID=34060) to work on /home/alura/Documents/PrevisaoTempo/venv/lib/python3.9/site-packages/airflow/example_dags/example_latest_only_with_trigger.py
[2023-02-23 09:32:36,089] {processor.py:641} INFO - Processing file /home/alura/Documents/PrevisaoTempo/venv/lib/python3.9/site-packages/airflow/example_dags/example_latest_only_with_trigger.py for tasks to queue
[2023-02-23 09:32:36,090] {logging_mixin.py:115} INFO - [2023-02-23 09:32:36,090] {dagbag.py:507} INFO - Filling up the DagBag from /home/alura/Documents/PrevisaoTempo/venv/lib/python3.9/site-packages/airflow/example_dags/example_latest_only_with_trigger.py
[2023-02-23 09:32:36,093] {processor.py:651} INFO - DAG(s) dict_keys(['latest_only_with_trigger']) retrieved from /home/alura/Documents/PrevisaoTempo/venv/lib/python3.9/site-packages/airflow/example_dags/example_latest_only_with_trigger.py
[2023-02-23 09:32:36,101] {logging_mixin.py:115} INFO - [2023-02-23 09:32:36,101] {dag.py:2379} INFO - Sync 1 DAGs
[2023-02-23 09:32:36,111] {logging_mixin.py:115} INFO - [2023-02-23 09:32:36,111] {dag.py:2927} INFO - Setting next_dagrun for latest_only_with_trigger to 2023-02-23T13:32:36.111471+00:00, run_after=2023-02-23T17:32:36.111471+00:00
[2023-02-23 09:32:36,118] {processor.py:161} INFO - Processing /home/alura/Documents/PrevisaoTempo/venv/lib/python3.9/site-packages/airflow/example_dags/example_latest_only_with_trigger.py took 0.030 seconds
[2023-02-23 09:33:08,632] {processor.py:153} INFO - Started process (PID=34249) to work on /home/alura/Documents/PrevisaoTempo/venv/lib/python3.9/site-packages/airflow/example_dags/example_latest_only_with_trigger.py
[2023-02-23 09:33:08,633] {processor.py:641} INFO - Processing file /home/alura/Documents/PrevisaoTempo/venv/lib/python3.9/site-packages/airflow/example_dags/example_latest_only_with_trigger.py for tasks to queue
[2023-02-23 09:33:08,633] {logging_mixin.py:115} INFO - [2023-02-23 09:33:08,633] {dagbag.py:507} INFO - Filling up the DagBag from /home/alura/Documents/PrevisaoTempo/venv/lib/python3.9/site-packages/airflow/example_dags/example_latest_only_with_trigger.py
[2023-02-23 09:33:08,636] {processor.py:651} INFO - DAG(s) dict_keys(['latest_only_with_trigger']) retrieved from /home/alura/Documents/PrevisaoTempo/venv/lib/python3.9/site-packages/airflow/example_dags/example_latest_only_with_trigger.py
[2023-02-23 09:33:08,645] {logging_mixin.py:115} INFO - [2023-02-23 09:33:08,644] {dag.py:2379} INFO - Sync 1 DAGs
[2023-02-23 09:33:08,655] {logging_mixin.py:115} INFO - [2023-02-23 09:33:08,655] {dag.py:2927} INFO - Setting next_dagrun for latest_only_with_trigger to 2023-02-23T13:33:08.655387+00:00, run_after=2023-02-23T17:33:08.655387+00:00
[2023-02-23 09:33:08,662] {processor.py:161} INFO - Processing /home/alura/Documents/PrevisaoTempo/venv/lib/python3.9/site-packages/airflow/example_dags/example_latest_only_with_trigger.py took 0.031 seconds
[2023-02-23 09:33:43,251] {processor.py:153} INFO - Started process (PID=34448) to work on /home/alura/Documents/PrevisaoTempo/venv/lib/python3.9/site-packages/airflow/example_dags/example_latest_only_with_trigger.py
[2023-02-23 09:33:43,251] {processor.py:641} INFO - Processing file /home/alura/Documents/PrevisaoTempo/venv/lib/python3.9/site-packages/airflow/example_dags/example_latest_only_with_trigger.py for tasks to queue
[2023-02-23 09:33:43,252] {logging_mixin.py:115} INFO - [2023-02-23 09:33:43,252] {dagbag.py:507} INFO - Filling up the DagBag from /home/alura/Documents/PrevisaoTempo/venv/lib/python3.9/site-packages/airflow/example_dags/example_latest_only_with_trigger.py
[2023-02-23 09:33:43,255] {processor.py:651} INFO - DAG(s) dict_keys(['latest_only_with_trigger']) retrieved from /home/alura/Documents/PrevisaoTempo/venv/lib/python3.9/site-packages/airflow/example_dags/example_latest_only_with_trigger.py
[2023-02-23 09:33:43,263] {logging_mixin.py:115} INFO - [2023-02-23 09:33:43,263] {dag.py:2379} INFO - Sync 1 DAGs
[2023-02-23 09:33:43,273] {logging_mixin.py:115} INFO - [2023-02-23 09:33:43,272] {dag.py:2927} INFO - Setting next_dagrun for latest_only_with_trigger to 2023-02-23T13:33:43.272783+00:00, run_after=2023-02-23T17:33:43.272783+00:00
[2023-02-23 09:33:43,280] {processor.py:161} INFO - Processing /home/alura/Documents/PrevisaoTempo/venv/lib/python3.9/site-packages/airflow/example_dags/example_latest_only_with_trigger.py took 0.030 seconds
[2023-02-23 09:34:14,770] {processor.py:153} INFO - Started process (PID=34908) to work on /home/alura/Documents/PrevisaoTempo/venv/lib/python3.9/site-packages/airflow/example_dags/example_latest_only_with_trigger.py
[2023-02-23 09:34:14,771] {processor.py:641} INFO - Processing file /home/alura/Documents/PrevisaoTempo/venv/lib/python3.9/site-packages/airflow/example_dags/example_latest_only_with_trigger.py for tasks to queue
[2023-02-23 09:34:14,772] {logging_mixin.py:115} INFO - [2023-02-23 09:34:14,772] {dagbag.py:507} INFO - Filling up the DagBag from /home/alura/Documents/PrevisaoTempo/venv/lib/python3.9/site-packages/airflow/example_dags/example_latest_only_with_trigger.py
[2023-02-23 09:34:14,781] {processor.py:651} INFO - DAG(s) dict_keys(['latest_only_with_trigger']) retrieved from /home/alura/Documents/PrevisaoTempo/venv/lib/python3.9/site-packages/airflow/example_dags/example_latest_only_with_trigger.py
[2023-02-23 09:34:14,804] {logging_mixin.py:115} INFO - [2023-02-23 09:34:14,803] {dag.py:2379} INFO - Sync 1 DAGs
[2023-02-23 09:34:14,846] {logging_mixin.py:115} INFO - [2023-02-23 09:34:14,846] {dag.py:2927} INFO - Setting next_dagrun for latest_only_with_trigger to 2023-02-23T13:34:14.845809+00:00, run_after=2023-02-23T17:34:14.845809+00:00
[2023-02-23 09:34:14,857] {processor.py:161} INFO - Processing /home/alura/Documents/PrevisaoTempo/venv/lib/python3.9/site-packages/airflow/example_dags/example_latest_only_with_trigger.py took 0.089 seconds
[2023-02-23 09:34:49,534] {processor.py:153} INFO - Started process (PID=35238) to work on /home/alura/Documents/PrevisaoTempo/venv/lib/python3.9/site-packages/airflow/example_dags/example_latest_only_with_trigger.py
[2023-02-23 09:34:49,535] {processor.py:641} INFO - Processing file /home/alura/Documents/PrevisaoTempo/venv/lib/python3.9/site-packages/airflow/example_dags/example_latest_only_with_trigger.py for tasks to queue
[2023-02-23 09:34:49,535] {logging_mixin.py:115} INFO - [2023-02-23 09:34:49,535] {dagbag.py:507} INFO - Filling up the DagBag from /home/alura/Documents/PrevisaoTempo/venv/lib/python3.9/site-packages/airflow/example_dags/example_latest_only_with_trigger.py
[2023-02-23 09:34:49,538] {processor.py:651} INFO - DAG(s) dict_keys(['latest_only_with_trigger']) retrieved from /home/alura/Documents/PrevisaoTempo/venv/lib/python3.9/site-packages/airflow/example_dags/example_latest_only_with_trigger.py
[2023-02-23 09:34:49,548] {logging_mixin.py:115} INFO - [2023-02-23 09:34:49,547] {dag.py:2379} INFO - Sync 1 DAGs
[2023-02-23 09:34:49,561] {logging_mixin.py:115} INFO - [2023-02-23 09:34:49,561] {dag.py:2927} INFO - Setting next_dagrun for latest_only_with_trigger to 2023-02-23T13:34:49.561570+00:00, run_after=2023-02-23T17:34:49.561570+00:00
[2023-02-23 09:34:49,571] {processor.py:161} INFO - Processing /home/alura/Documents/PrevisaoTempo/venv/lib/python3.9/site-packages/airflow/example_dags/example_latest_only_with_trigger.py took 0.038 seconds
[2023-02-23 09:35:20,327] {processor.py:153} INFO - Started process (PID=35437) to work on /home/alura/Documents/PrevisaoTempo/venv/lib/python3.9/site-packages/airflow/example_dags/example_latest_only_with_trigger.py
[2023-02-23 09:35:20,328] {processor.py:641} INFO - Processing file /home/alura/Documents/PrevisaoTempo/venv/lib/python3.9/site-packages/airflow/example_dags/example_latest_only_with_trigger.py for tasks to queue
[2023-02-23 09:35:20,328] {logging_mixin.py:115} INFO - [2023-02-23 09:35:20,328] {dagbag.py:507} INFO - Filling up the DagBag from /home/alura/Documents/PrevisaoTempo/venv/lib/python3.9/site-packages/airflow/example_dags/example_latest_only_with_trigger.py
[2023-02-23 09:35:20,331] {processor.py:651} INFO - DAG(s) dict_keys(['latest_only_with_trigger']) retrieved from /home/alura/Documents/PrevisaoTempo/venv/lib/python3.9/site-packages/airflow/example_dags/example_latest_only_with_trigger.py
[2023-02-23 09:35:20,340] {logging_mixin.py:115} INFO - [2023-02-23 09:35:20,340] {dag.py:2379} INFO - Sync 1 DAGs
[2023-02-23 09:35:20,350] {logging_mixin.py:115} INFO - [2023-02-23 09:35:20,350] {dag.py:2927} INFO - Setting next_dagrun for latest_only_with_trigger to 2023-02-23T13:35:20.350663+00:00, run_after=2023-02-23T17:35:20.350663+00:00
[2023-02-23 09:35:20,357] {processor.py:161} INFO - Processing /home/alura/Documents/PrevisaoTempo/venv/lib/python3.9/site-packages/airflow/example_dags/example_latest_only_with_trigger.py took 0.031 seconds
[2023-02-23 09:35:54,032] {processor.py:153} INFO - Started process (PID=35669) to work on /home/alura/Documents/PrevisaoTempo/venv/lib/python3.9/site-packages/airflow/example_dags/example_latest_only_with_trigger.py
[2023-02-23 09:35:54,033] {processor.py:641} INFO - Processing file /home/alura/Documents/PrevisaoTempo/venv/lib/python3.9/site-packages/airflow/example_dags/example_latest_only_with_trigger.py for tasks to queue
[2023-02-23 09:35:54,033] {logging_mixin.py:115} INFO - [2023-02-23 09:35:54,033] {dagbag.py:507} INFO - Filling up the DagBag from /home/alura/Documents/PrevisaoTempo/venv/lib/python3.9/site-packages/airflow/example_dags/example_latest_only_with_trigger.py
[2023-02-23 09:35:54,036] {processor.py:651} INFO - DAG(s) dict_keys(['latest_only_with_trigger']) retrieved from /home/alura/Documents/PrevisaoTempo/venv/lib/python3.9/site-packages/airflow/example_dags/example_latest_only_with_trigger.py
[2023-02-23 09:35:54,045] {logging_mixin.py:115} INFO - [2023-02-23 09:35:54,045] {dag.py:2379} INFO - Sync 1 DAGs
[2023-02-23 09:35:54,058] {logging_mixin.py:115} INFO - [2023-02-23 09:35:54,058] {dag.py:2927} INFO - Setting next_dagrun for latest_only_with_trigger to 2023-02-23T13:35:54.058225+00:00, run_after=2023-02-23T17:35:54.058225+00:00
[2023-02-23 09:35:54,066] {processor.py:161} INFO - Processing /home/alura/Documents/PrevisaoTempo/venv/lib/python3.9/site-packages/airflow/example_dags/example_latest_only_with_trigger.py took 0.035 seconds
