[2023-02-23 09:32:01,784] {processor.py:153} INFO - Started process (PID=33832) to work on /home/alura/Documents/PrevisaoTempo/venv/lib/python3.9/site-packages/airflow/example_dags/example_kubernetes_executor.py
[2023-02-23 09:32:01,785] {processor.py:641} INFO - Processing file /home/alura/Documents/PrevisaoTempo/venv/lib/python3.9/site-packages/airflow/example_dags/example_kubernetes_executor.py for tasks to queue
[2023-02-23 09:32:01,785] {logging_mixin.py:115} INFO - [2023-02-23 09:32:01,785] {dagbag.py:507} INFO - Filling up the DagBag from /home/alura/Documents/PrevisaoTempo/venv/lib/python3.9/site-packages/airflow/example_dags/example_kubernetes_executor.py
[2023-02-23 09:32:01,793] {logging_mixin.py:115} INFO - [2023-02-23 09:32:01,793] {example_kubernetes_executor.py:39} WARNING - The example_kubernetes_executor example DAG requires the kubernetes provider. Please install it with: pip install apache-airflow[cncf.kubernetes]
[2023-02-23 09:32:01,793] {processor.py:653} WARNING - No viable dags retrieved from /home/alura/Documents/PrevisaoTempo/venv/lib/python3.9/site-packages/airflow/example_dags/example_kubernetes_executor.py
[2023-02-23 09:32:01,802] {processor.py:161} INFO - Processing /home/alura/Documents/PrevisaoTempo/venv/lib/python3.9/site-packages/airflow/example_dags/example_kubernetes_executor.py took 0.019 seconds
[2023-02-23 09:32:32,709] {processor.py:153} INFO - Started process (PID=34046) to work on /home/alura/Documents/PrevisaoTempo/venv/lib/python3.9/site-packages/airflow/example_dags/example_kubernetes_executor.py
[2023-02-23 09:32:32,709] {processor.py:641} INFO - Processing file /home/alura/Documents/PrevisaoTempo/venv/lib/python3.9/site-packages/airflow/example_dags/example_kubernetes_executor.py for tasks to queue
[2023-02-23 09:32:32,709] {logging_mixin.py:115} INFO - [2023-02-23 09:32:32,709] {dagbag.py:507} INFO - Filling up the DagBag from /home/alura/Documents/PrevisaoTempo/venv/lib/python3.9/site-packages/airflow/example_dags/example_kubernetes_executor.py
[2023-02-23 09:32:32,716] {logging_mixin.py:115} INFO - [2023-02-23 09:32:32,716] {example_kubernetes_executor.py:39} WARNING - The example_kubernetes_executor example DAG requires the kubernetes provider. Please install it with: pip install apache-airflow[cncf.kubernetes]
[2023-02-23 09:32:32,717] {processor.py:653} WARNING - No viable dags retrieved from /home/alura/Documents/PrevisaoTempo/venv/lib/python3.9/site-packages/airflow/example_dags/example_kubernetes_executor.py
[2023-02-23 09:32:32,722] {processor.py:161} INFO - Processing /home/alura/Documents/PrevisaoTempo/venv/lib/python3.9/site-packages/airflow/example_dags/example_kubernetes_executor.py took 0.014 seconds
[2023-02-23 09:33:05,757] {processor.py:153} INFO - Started process (PID=34229) to work on /home/alura/Documents/PrevisaoTempo/venv/lib/python3.9/site-packages/airflow/example_dags/example_kubernetes_executor.py
[2023-02-23 09:33:05,757] {processor.py:641} INFO - Processing file /home/alura/Documents/PrevisaoTempo/venv/lib/python3.9/site-packages/airflow/example_dags/example_kubernetes_executor.py for tasks to queue
[2023-02-23 09:33:05,758] {logging_mixin.py:115} INFO - [2023-02-23 09:33:05,758] {dagbag.py:507} INFO - Filling up the DagBag from /home/alura/Documents/PrevisaoTempo/venv/lib/python3.9/site-packages/airflow/example_dags/example_kubernetes_executor.py
[2023-02-23 09:33:05,765] {logging_mixin.py:115} INFO - [2023-02-23 09:33:05,765] {example_kubernetes_executor.py:39} WARNING - The example_kubernetes_executor example DAG requires the kubernetes provider. Please install it with: pip install apache-airflow[cncf.kubernetes]
[2023-02-23 09:33:05,766] {processor.py:653} WARNING - No viable dags retrieved from /home/alura/Documents/PrevisaoTempo/venv/lib/python3.9/site-packages/airflow/example_dags/example_kubernetes_executor.py
[2023-02-23 09:33:05,774] {processor.py:161} INFO - Processing /home/alura/Documents/PrevisaoTempo/venv/lib/python3.9/site-packages/airflow/example_dags/example_kubernetes_executor.py took 0.018 seconds
[2023-02-23 09:33:40,521] {processor.py:153} INFO - Started process (PID=34433) to work on /home/alura/Documents/PrevisaoTempo/venv/lib/python3.9/site-packages/airflow/example_dags/example_kubernetes_executor.py
[2023-02-23 09:33:40,522] {processor.py:641} INFO - Processing file /home/alura/Documents/PrevisaoTempo/venv/lib/python3.9/site-packages/airflow/example_dags/example_kubernetes_executor.py for tasks to queue
[2023-02-23 09:33:40,522] {logging_mixin.py:115} INFO - [2023-02-23 09:33:40,522] {dagbag.py:507} INFO - Filling up the DagBag from /home/alura/Documents/PrevisaoTempo/venv/lib/python3.9/site-packages/airflow/example_dags/example_kubernetes_executor.py
[2023-02-23 09:33:40,530] {logging_mixin.py:115} INFO - [2023-02-23 09:33:40,529] {example_kubernetes_executor.py:39} WARNING - The example_kubernetes_executor example DAG requires the kubernetes provider. Please install it with: pip install apache-airflow[cncf.kubernetes]
[2023-02-23 09:33:40,530] {processor.py:653} WARNING - No viable dags retrieved from /home/alura/Documents/PrevisaoTempo/venv/lib/python3.9/site-packages/airflow/example_dags/example_kubernetes_executor.py
[2023-02-23 09:33:40,535] {processor.py:161} INFO - Processing /home/alura/Documents/PrevisaoTempo/venv/lib/python3.9/site-packages/airflow/example_dags/example_kubernetes_executor.py took 0.015 seconds
[2023-02-23 09:34:11,374] {processor.py:153} INFO - Started process (PID=34794) to work on /home/alura/Documents/PrevisaoTempo/venv/lib/python3.9/site-packages/airflow/example_dags/example_kubernetes_executor.py
[2023-02-23 09:34:11,375] {processor.py:641} INFO - Processing file /home/alura/Documents/PrevisaoTempo/venv/lib/python3.9/site-packages/airflow/example_dags/example_kubernetes_executor.py for tasks to queue
[2023-02-23 09:34:11,376] {logging_mixin.py:115} INFO - [2023-02-23 09:34:11,376] {dagbag.py:507} INFO - Filling up the DagBag from /home/alura/Documents/PrevisaoTempo/venv/lib/python3.9/site-packages/airflow/example_dags/example_kubernetes_executor.py
[2023-02-23 09:34:11,391] {logging_mixin.py:115} INFO - [2023-02-23 09:34:11,391] {example_kubernetes_executor.py:39} WARNING - The example_kubernetes_executor example DAG requires the kubernetes provider. Please install it with: pip install apache-airflow[cncf.kubernetes]
[2023-02-23 09:34:11,391] {processor.py:653} WARNING - No viable dags retrieved from /home/alura/Documents/PrevisaoTempo/venv/lib/python3.9/site-packages/airflow/example_dags/example_kubernetes_executor.py
[2023-02-23 09:34:11,403] {processor.py:161} INFO - Processing /home/alura/Documents/PrevisaoTempo/venv/lib/python3.9/site-packages/airflow/example_dags/example_kubernetes_executor.py took 0.032 seconds
[2023-02-23 09:34:46,149] {processor.py:153} INFO - Started process (PID=35216) to work on /home/alura/Documents/PrevisaoTempo/venv/lib/python3.9/site-packages/airflow/example_dags/example_kubernetes_executor.py
[2023-02-23 09:34:46,150] {processor.py:641} INFO - Processing file /home/alura/Documents/PrevisaoTempo/venv/lib/python3.9/site-packages/airflow/example_dags/example_kubernetes_executor.py for tasks to queue
[2023-02-23 09:34:46,150] {logging_mixin.py:115} INFO - [2023-02-23 09:34:46,150] {dagbag.py:507} INFO - Filling up the DagBag from /home/alura/Documents/PrevisaoTempo/venv/lib/python3.9/site-packages/airflow/example_dags/example_kubernetes_executor.py
[2023-02-23 09:34:46,158] {logging_mixin.py:115} INFO - [2023-02-23 09:34:46,158] {example_kubernetes_executor.py:39} WARNING - The example_kubernetes_executor example DAG requires the kubernetes provider. Please install it with: pip install apache-airflow[cncf.kubernetes]
[2023-02-23 09:34:46,158] {processor.py:653} WARNING - No viable dags retrieved from /home/alura/Documents/PrevisaoTempo/venv/lib/python3.9/site-packages/airflow/example_dags/example_kubernetes_executor.py
[2023-02-23 09:34:46,163] {processor.py:161} INFO - Processing /home/alura/Documents/PrevisaoTempo/venv/lib/python3.9/site-packages/airflow/example_dags/example_kubernetes_executor.py took 0.015 seconds
[2023-02-23 09:35:16,937] {processor.py:153} INFO - Started process (PID=35415) to work on /home/alura/Documents/PrevisaoTempo/venv/lib/python3.9/site-packages/airflow/example_dags/example_kubernetes_executor.py
[2023-02-23 09:35:16,938] {processor.py:641} INFO - Processing file /home/alura/Documents/PrevisaoTempo/venv/lib/python3.9/site-packages/airflow/example_dags/example_kubernetes_executor.py for tasks to queue
[2023-02-23 09:35:16,938] {logging_mixin.py:115} INFO - [2023-02-23 09:35:16,938] {dagbag.py:507} INFO - Filling up the DagBag from /home/alura/Documents/PrevisaoTempo/venv/lib/python3.9/site-packages/airflow/example_dags/example_kubernetes_executor.py
[2023-02-23 09:35:16,946] {logging_mixin.py:115} INFO - [2023-02-23 09:35:16,946] {example_kubernetes_executor.py:39} WARNING - The example_kubernetes_executor example DAG requires the kubernetes provider. Please install it with: pip install apache-airflow[cncf.kubernetes]
[2023-02-23 09:35:16,947] {processor.py:653} WARNING - No viable dags retrieved from /home/alura/Documents/PrevisaoTempo/venv/lib/python3.9/site-packages/airflow/example_dags/example_kubernetes_executor.py
[2023-02-23 09:35:16,953] {processor.py:161} INFO - Processing /home/alura/Documents/PrevisaoTempo/venv/lib/python3.9/site-packages/airflow/example_dags/example_kubernetes_executor.py took 0.017 seconds
[2023-02-23 09:35:51,155] {processor.py:153} INFO - Started process (PID=35649) to work on /home/alura/Documents/PrevisaoTempo/venv/lib/python3.9/site-packages/airflow/example_dags/example_kubernetes_executor.py
[2023-02-23 09:35:51,156] {processor.py:641} INFO - Processing file /home/alura/Documents/PrevisaoTempo/venv/lib/python3.9/site-packages/airflow/example_dags/example_kubernetes_executor.py for tasks to queue
[2023-02-23 09:35:51,156] {logging_mixin.py:115} INFO - [2023-02-23 09:35:51,156] {dagbag.py:507} INFO - Filling up the DagBag from /home/alura/Documents/PrevisaoTempo/venv/lib/python3.9/site-packages/airflow/example_dags/example_kubernetes_executor.py
[2023-02-23 09:35:51,164] {logging_mixin.py:115} INFO - [2023-02-23 09:35:51,163] {example_kubernetes_executor.py:39} WARNING - The example_kubernetes_executor example DAG requires the kubernetes provider. Please install it with: pip install apache-airflow[cncf.kubernetes]
[2023-02-23 09:35:51,164] {processor.py:653} WARNING - No viable dags retrieved from /home/alura/Documents/PrevisaoTempo/venv/lib/python3.9/site-packages/airflow/example_dags/example_kubernetes_executor.py
[2023-02-23 09:35:51,169] {processor.py:161} INFO - Processing /home/alura/Documents/PrevisaoTempo/venv/lib/python3.9/site-packages/airflow/example_dags/example_kubernetes_executor.py took 0.015 seconds
