[2023-02-23 09:32:11,557] {processor.py:153} INFO - Started process (PID=33901) to work on /home/alura/Documents/PrevisaoTempo/venv/lib/python3.9/site-packages/airflow/example_dags/example_branch_python_dop_operator_3.py
[2023-02-23 09:32:11,558] {processor.py:641} INFO - Processing file /home/alura/Documents/PrevisaoTempo/venv/lib/python3.9/site-packages/airflow/example_dags/example_branch_python_dop_operator_3.py for tasks to queue
[2023-02-23 09:32:11,558] {logging_mixin.py:115} INFO - [2023-02-23 09:32:11,558] {dagbag.py:507} INFO - Filling up the DagBag from /home/alura/Documents/PrevisaoTempo/venv/lib/python3.9/site-packages/airflow/example_dags/example_branch_python_dop_operator_3.py
[2023-02-23 09:32:11,564] {processor.py:651} INFO - DAG(s) dict_keys(['example_branch_dop_operator_v3']) retrieved from /home/alura/Documents/PrevisaoTempo/venv/lib/python3.9/site-packages/airflow/example_dags/example_branch_python_dop_operator_3.py
[2023-02-23 09:32:11,596] {logging_mixin.py:115} INFO - [2023-02-23 09:32:11,596] {manager.py:508} INFO - Created Permission View: can delete on DAG:example_branch_dop_operator_v3
[2023-02-23 09:32:11,601] {logging_mixin.py:115} INFO - [2023-02-23 09:32:11,601] {manager.py:508} INFO - Created Permission View: can read on DAG:example_branch_dop_operator_v3
[2023-02-23 09:32:11,605] {logging_mixin.py:115} INFO - [2023-02-23 09:32:11,605] {manager.py:508} INFO - Created Permission View: can edit on DAG:example_branch_dop_operator_v3
[2023-02-23 09:32:11,605] {logging_mixin.py:115} INFO - [2023-02-23 09:32:11,605] {dag.py:2379} INFO - Sync 1 DAGs
[2023-02-23 09:32:11,609] {logging_mixin.py:115} INFO - [2023-02-23 09:32:11,609] {dag.py:2398} INFO - Creating ORM DAG for example_branch_dop_operator_v3
[2023-02-23 09:32:11,617] {logging_mixin.py:115} INFO - [2023-02-23 09:32:11,616] {dag.py:2927} INFO - Setting next_dagrun for example_branch_dop_operator_v3 to 2023-02-23T17:31:00+00:00, run_after=2023-02-23T17:32:00+00:00
[2023-02-23 09:32:11,625] {processor.py:161} INFO - Processing /home/alura/Documents/PrevisaoTempo/venv/lib/python3.9/site-packages/airflow/example_dags/example_branch_python_dop_operator_3.py took 0.069 seconds
[2023-02-23 09:32:42,528] {processor.py:153} INFO - Started process (PID=34095) to work on /home/alura/Documents/PrevisaoTempo/venv/lib/python3.9/site-packages/airflow/example_dags/example_branch_python_dop_operator_3.py
[2023-02-23 09:32:42,529] {processor.py:641} INFO - Processing file /home/alura/Documents/PrevisaoTempo/venv/lib/python3.9/site-packages/airflow/example_dags/example_branch_python_dop_operator_3.py for tasks to queue
[2023-02-23 09:32:42,529] {logging_mixin.py:115} INFO - [2023-02-23 09:32:42,529] {dagbag.py:507} INFO - Filling up the DagBag from /home/alura/Documents/PrevisaoTempo/venv/lib/python3.9/site-packages/airflow/example_dags/example_branch_python_dop_operator_3.py
[2023-02-23 09:32:42,535] {processor.py:651} INFO - DAG(s) dict_keys(['example_branch_dop_operator_v3']) retrieved from /home/alura/Documents/PrevisaoTempo/venv/lib/python3.9/site-packages/airflow/example_dags/example_branch_python_dop_operator_3.py
[2023-02-23 09:32:42,544] {logging_mixin.py:115} INFO - [2023-02-23 09:32:42,544] {dag.py:2379} INFO - Sync 1 DAGs
[2023-02-23 09:32:42,557] {logging_mixin.py:115} INFO - [2023-02-23 09:32:42,557] {dag.py:2927} INFO - Setting next_dagrun for example_branch_dop_operator_v3 to 2023-02-23T17:31:00+00:00, run_after=2023-02-23T17:32:00+00:00
[2023-02-23 09:32:42,565] {processor.py:161} INFO - Processing /home/alura/Documents/PrevisaoTempo/venv/lib/python3.9/site-packages/airflow/example_dags/example_branch_python_dop_operator_3.py took 0.039 seconds
[2023-02-23 09:33:17,145] {processor.py:153} INFO - Started process (PID=34296) to work on /home/alura/Documents/PrevisaoTempo/venv/lib/python3.9/site-packages/airflow/example_dags/example_branch_python_dop_operator_3.py
[2023-02-23 09:33:17,146] {processor.py:641} INFO - Processing file /home/alura/Documents/PrevisaoTempo/venv/lib/python3.9/site-packages/airflow/example_dags/example_branch_python_dop_operator_3.py for tasks to queue
[2023-02-23 09:33:17,146] {logging_mixin.py:115} INFO - [2023-02-23 09:33:17,146] {dagbag.py:507} INFO - Filling up the DagBag from /home/alura/Documents/PrevisaoTempo/venv/lib/python3.9/site-packages/airflow/example_dags/example_branch_python_dop_operator_3.py
[2023-02-23 09:33:17,152] {processor.py:651} INFO - DAG(s) dict_keys(['example_branch_dop_operator_v3']) retrieved from /home/alura/Documents/PrevisaoTempo/venv/lib/python3.9/site-packages/airflow/example_dags/example_branch_python_dop_operator_3.py
[2023-02-23 09:33:17,161] {logging_mixin.py:115} INFO - [2023-02-23 09:33:17,161] {dag.py:2379} INFO - Sync 1 DAGs
[2023-02-23 09:33:17,178] {logging_mixin.py:115} INFO - [2023-02-23 09:33:17,178] {dag.py:2927} INFO - Setting next_dagrun for example_branch_dop_operator_v3 to 2023-02-23T17:32:00+00:00, run_after=2023-02-23T17:33:00+00:00
[2023-02-23 09:33:17,186] {processor.py:161} INFO - Processing /home/alura/Documents/PrevisaoTempo/venv/lib/python3.9/site-packages/airflow/example_dags/example_branch_python_dop_operator_3.py took 0.042 seconds
[2023-02-23 09:33:50,838] {processor.py:153} INFO - Started process (PID=34500) to work on /home/alura/Documents/PrevisaoTempo/venv/lib/python3.9/site-packages/airflow/example_dags/example_branch_python_dop_operator_3.py
[2023-02-23 09:33:50,839] {processor.py:641} INFO - Processing file /home/alura/Documents/PrevisaoTempo/venv/lib/python3.9/site-packages/airflow/example_dags/example_branch_python_dop_operator_3.py for tasks to queue
[2023-02-23 09:33:50,839] {logging_mixin.py:115} INFO - [2023-02-23 09:33:50,839] {dagbag.py:507} INFO - Filling up the DagBag from /home/alura/Documents/PrevisaoTempo/venv/lib/python3.9/site-packages/airflow/example_dags/example_branch_python_dop_operator_3.py
[2023-02-23 09:33:50,844] {processor.py:651} INFO - DAG(s) dict_keys(['example_branch_dop_operator_v3']) retrieved from /home/alura/Documents/PrevisaoTempo/venv/lib/python3.9/site-packages/airflow/example_dags/example_branch_python_dop_operator_3.py
[2023-02-23 09:33:50,853] {logging_mixin.py:115} INFO - [2023-02-23 09:33:50,853] {dag.py:2379} INFO - Sync 1 DAGs
[2023-02-23 09:33:50,869] {logging_mixin.py:115} INFO - [2023-02-23 09:33:50,869] {dag.py:2927} INFO - Setting next_dagrun for example_branch_dop_operator_v3 to 2023-02-23T17:32:00+00:00, run_after=2023-02-23T17:33:00+00:00
[2023-02-23 09:33:50,875] {processor.py:161} INFO - Processing /home/alura/Documents/PrevisaoTempo/venv/lib/python3.9/site-packages/airflow/example_dags/example_branch_python_dop_operator_3.py took 0.038 seconds
[2023-02-23 09:34:22,808] {processor.py:153} INFO - Started process (PID=35030) to work on /home/alura/Documents/PrevisaoTempo/venv/lib/python3.9/site-packages/airflow/example_dags/example_branch_python_dop_operator_3.py
[2023-02-23 09:34:22,809] {processor.py:641} INFO - Processing file /home/alura/Documents/PrevisaoTempo/venv/lib/python3.9/site-packages/airflow/example_dags/example_branch_python_dop_operator_3.py for tasks to queue
[2023-02-23 09:34:22,809] {logging_mixin.py:115} INFO - [2023-02-23 09:34:22,809] {dagbag.py:507} INFO - Filling up the DagBag from /home/alura/Documents/PrevisaoTempo/venv/lib/python3.9/site-packages/airflow/example_dags/example_branch_python_dop_operator_3.py
[2023-02-23 09:34:22,815] {processor.py:651} INFO - DAG(s) dict_keys(['example_branch_dop_operator_v3']) retrieved from /home/alura/Documents/PrevisaoTempo/venv/lib/python3.9/site-packages/airflow/example_dags/example_branch_python_dop_operator_3.py
[2023-02-23 09:34:22,825] {logging_mixin.py:115} INFO - [2023-02-23 09:34:22,825] {dag.py:2379} INFO - Sync 1 DAGs
[2023-02-23 09:34:22,839] {logging_mixin.py:115} INFO - [2023-02-23 09:34:22,839] {dag.py:2927} INFO - Setting next_dagrun for example_branch_dop_operator_v3 to 2023-02-23T17:33:00+00:00, run_after=2023-02-23T17:34:00+00:00
[2023-02-23 09:34:22,851] {processor.py:161} INFO - Processing /home/alura/Documents/PrevisaoTempo/venv/lib/python3.9/site-packages/airflow/example_dags/example_branch_python_dop_operator_3.py took 0.045 seconds
[2023-02-23 09:34:57,897] {processor.py:153} INFO - Started process (PID=35290) to work on /home/alura/Documents/PrevisaoTempo/venv/lib/python3.9/site-packages/airflow/example_dags/example_branch_python_dop_operator_3.py
[2023-02-23 09:34:57,897] {processor.py:641} INFO - Processing file /home/alura/Documents/PrevisaoTempo/venv/lib/python3.9/site-packages/airflow/example_dags/example_branch_python_dop_operator_3.py for tasks to queue
[2023-02-23 09:34:57,898] {logging_mixin.py:115} INFO - [2023-02-23 09:34:57,898] {dagbag.py:507} INFO - Filling up the DagBag from /home/alura/Documents/PrevisaoTempo/venv/lib/python3.9/site-packages/airflow/example_dags/example_branch_python_dop_operator_3.py
[2023-02-23 09:34:57,903] {processor.py:651} INFO - DAG(s) dict_keys(['example_branch_dop_operator_v3']) retrieved from /home/alura/Documents/PrevisaoTempo/venv/lib/python3.9/site-packages/airflow/example_dags/example_branch_python_dop_operator_3.py
[2023-02-23 09:34:57,911] {logging_mixin.py:115} INFO - [2023-02-23 09:34:57,911] {dag.py:2379} INFO - Sync 1 DAGs
[2023-02-23 09:34:57,927] {logging_mixin.py:115} INFO - [2023-02-23 09:34:57,927] {dag.py:2927} INFO - Setting next_dagrun for example_branch_dop_operator_v3 to 2023-02-23T17:33:00+00:00, run_after=2023-02-23T17:34:00+00:00
[2023-02-23 09:34:57,934] {processor.py:161} INFO - Processing /home/alura/Documents/PrevisaoTempo/venv/lib/python3.9/site-packages/airflow/example_dags/example_branch_python_dop_operator_3.py took 0.038 seconds
[2023-02-23 09:35:30,322] {processor.py:153} INFO - Started process (PID=35512) to work on /home/alura/Documents/PrevisaoTempo/venv/lib/python3.9/site-packages/airflow/example_dags/example_branch_python_dop_operator_3.py
[2023-02-23 09:35:30,322] {processor.py:641} INFO - Processing file /home/alura/Documents/PrevisaoTempo/venv/lib/python3.9/site-packages/airflow/example_dags/example_branch_python_dop_operator_3.py for tasks to queue
[2023-02-23 09:35:30,323] {logging_mixin.py:115} INFO - [2023-02-23 09:35:30,323] {dagbag.py:507} INFO - Filling up the DagBag from /home/alura/Documents/PrevisaoTempo/venv/lib/python3.9/site-packages/airflow/example_dags/example_branch_python_dop_operator_3.py
[2023-02-23 09:35:30,332] {processor.py:651} INFO - DAG(s) dict_keys(['example_branch_dop_operator_v3']) retrieved from /home/alura/Documents/PrevisaoTempo/venv/lib/python3.9/site-packages/airflow/example_dags/example_branch_python_dop_operator_3.py
[2023-02-23 09:35:30,347] {logging_mixin.py:115} INFO - [2023-02-23 09:35:30,347] {dag.py:2379} INFO - Sync 1 DAGs
[2023-02-23 09:35:30,376] {logging_mixin.py:115} INFO - [2023-02-23 09:35:30,376] {dag.py:2927} INFO - Setting next_dagrun for example_branch_dop_operator_v3 to 2023-02-23T17:34:00+00:00, run_after=2023-02-23T17:35:00+00:00
[2023-02-23 09:35:30,387] {processor.py:161} INFO - Processing /home/alura/Documents/PrevisaoTempo/venv/lib/python3.9/site-packages/airflow/example_dags/example_branch_python_dop_operator_3.py took 0.067 seconds
[2023-02-23 09:36:04,294] {processor.py:153} INFO - Started process (PID=35732) to work on /home/alura/Documents/PrevisaoTempo/venv/lib/python3.9/site-packages/airflow/example_dags/example_branch_python_dop_operator_3.py
[2023-02-23 09:36:04,295] {processor.py:641} INFO - Processing file /home/alura/Documents/PrevisaoTempo/venv/lib/python3.9/site-packages/airflow/example_dags/example_branch_python_dop_operator_3.py for tasks to queue
[2023-02-23 09:36:04,295] {logging_mixin.py:115} INFO - [2023-02-23 09:36:04,295] {dagbag.py:507} INFO - Filling up the DagBag from /home/alura/Documents/PrevisaoTempo/venv/lib/python3.9/site-packages/airflow/example_dags/example_branch_python_dop_operator_3.py
[2023-02-23 09:36:04,301] {processor.py:651} INFO - DAG(s) dict_keys(['example_branch_dop_operator_v3']) retrieved from /home/alura/Documents/PrevisaoTempo/venv/lib/python3.9/site-packages/airflow/example_dags/example_branch_python_dop_operator_3.py
[2023-02-23 09:36:04,309] {logging_mixin.py:115} INFO - [2023-02-23 09:36:04,309] {dag.py:2379} INFO - Sync 1 DAGs
[2023-02-23 09:36:04,324] {logging_mixin.py:115} INFO - [2023-02-23 09:36:04,324] {dag.py:2927} INFO - Setting next_dagrun for example_branch_dop_operator_v3 to 2023-02-23T17:35:00+00:00, run_after=2023-02-23T17:36:00+00:00
[2023-02-23 09:36:04,331] {processor.py:161} INFO - Processing /home/alura/Documents/PrevisaoTempo/venv/lib/python3.9/site-packages/airflow/example_dags/example_branch_python_dop_operator_3.py took 0.038 seconds
