[2023-02-23 09:31:59,046] {processor.py:153} INFO - Started process (PID=33810) to work on /home/alura/Documents/PrevisaoTempo/venv/lib/python3.9/site-packages/airflow/example_dags/example_branch_day_of_week_operator.py
[2023-02-23 09:31:59,047] {processor.py:641} INFO - Processing file /home/alura/Documents/PrevisaoTempo/venv/lib/python3.9/site-packages/airflow/example_dags/example_branch_day_of_week_operator.py for tasks to queue
[2023-02-23 09:31:59,047] {logging_mixin.py:115} INFO - [2023-02-23 09:31:59,047] {dagbag.py:507} INFO - Filling up the DagBag from /home/alura/Documents/PrevisaoTempo/venv/lib/python3.9/site-packages/airflow/example_dags/example_branch_day_of_week_operator.py
[2023-02-23 09:31:59,052] {processor.py:651} INFO - DAG(s) dict_keys(['example_weekday_branch_operator']) retrieved from /home/alura/Documents/PrevisaoTempo/venv/lib/python3.9/site-packages/airflow/example_dags/example_branch_day_of_week_operator.py
[2023-02-23 09:31:59,084] {logging_mixin.py:115} INFO - [2023-02-23 09:31:59,084] {manager.py:508} INFO - Created Permission View: can delete on DAG:example_weekday_branch_operator
[2023-02-23 09:31:59,089] {logging_mixin.py:115} INFO - [2023-02-23 09:31:59,089] {manager.py:508} INFO - Created Permission View: can read on DAG:example_weekday_branch_operator
[2023-02-23 09:31:59,092] {logging_mixin.py:115} INFO - [2023-02-23 09:31:59,092] {manager.py:508} INFO - Created Permission View: can edit on DAG:example_weekday_branch_operator
[2023-02-23 09:31:59,092] {logging_mixin.py:115} INFO - [2023-02-23 09:31:59,092] {dag.py:2379} INFO - Sync 1 DAGs
[2023-02-23 09:31:59,096] {logging_mixin.py:115} INFO - [2023-02-23 09:31:59,096] {dag.py:2398} INFO - Creating ORM DAG for example_weekday_branch_operator
[2023-02-23 09:31:59,106] {logging_mixin.py:115} INFO - [2023-02-23 09:31:59,106] {dag.py:2927} INFO - Setting next_dagrun for example_weekday_branch_operator to 2023-02-22T00:00:00+00:00, run_after=2023-02-23T00:00:00+00:00
[2023-02-23 09:31:59,122] {processor.py:161} INFO - Processing /home/alura/Documents/PrevisaoTempo/venv/lib/python3.9/site-packages/airflow/example_dags/example_branch_day_of_week_operator.py took 0.077 seconds
[2023-02-23 09:32:30,962] {processor.py:153} INFO - Started process (PID=34034) to work on /home/alura/Documents/PrevisaoTempo/venv/lib/python3.9/site-packages/airflow/example_dags/example_branch_day_of_week_operator.py
[2023-02-23 09:32:30,962] {processor.py:641} INFO - Processing file /home/alura/Documents/PrevisaoTempo/venv/lib/python3.9/site-packages/airflow/example_dags/example_branch_day_of_week_operator.py for tasks to queue
[2023-02-23 09:32:30,963] {logging_mixin.py:115} INFO - [2023-02-23 09:32:30,963] {dagbag.py:507} INFO - Filling up the DagBag from /home/alura/Documents/PrevisaoTempo/venv/lib/python3.9/site-packages/airflow/example_dags/example_branch_day_of_week_operator.py
[2023-02-23 09:32:30,967] {processor.py:651} INFO - DAG(s) dict_keys(['example_weekday_branch_operator']) retrieved from /home/alura/Documents/PrevisaoTempo/venv/lib/python3.9/site-packages/airflow/example_dags/example_branch_day_of_week_operator.py
[2023-02-23 09:32:30,975] {logging_mixin.py:115} INFO - [2023-02-23 09:32:30,975] {dag.py:2379} INFO - Sync 1 DAGs
[2023-02-23 09:32:30,986] {logging_mixin.py:115} INFO - [2023-02-23 09:32:30,986] {dag.py:2927} INFO - Setting next_dagrun for example_weekday_branch_operator to 2023-02-22T00:00:00+00:00, run_after=2023-02-23T00:00:00+00:00
[2023-02-23 09:32:30,992] {processor.py:161} INFO - Processing /home/alura/Documents/PrevisaoTempo/venv/lib/python3.9/site-packages/airflow/example_dags/example_branch_day_of_week_operator.py took 0.032 seconds
[2023-02-23 09:33:02,737] {processor.py:153} INFO - Started process (PID=34211) to work on /home/alura/Documents/PrevisaoTempo/venv/lib/python3.9/site-packages/airflow/example_dags/example_branch_day_of_week_operator.py
[2023-02-23 09:33:02,738] {processor.py:641} INFO - Processing file /home/alura/Documents/PrevisaoTempo/venv/lib/python3.9/site-packages/airflow/example_dags/example_branch_day_of_week_operator.py for tasks to queue
[2023-02-23 09:33:02,738] {logging_mixin.py:115} INFO - [2023-02-23 09:33:02,738] {dagbag.py:507} INFO - Filling up the DagBag from /home/alura/Documents/PrevisaoTempo/venv/lib/python3.9/site-packages/airflow/example_dags/example_branch_day_of_week_operator.py
[2023-02-23 09:33:02,742] {processor.py:651} INFO - DAG(s) dict_keys(['example_weekday_branch_operator']) retrieved from /home/alura/Documents/PrevisaoTempo/venv/lib/python3.9/site-packages/airflow/example_dags/example_branch_day_of_week_operator.py
[2023-02-23 09:33:02,751] {logging_mixin.py:115} INFO - [2023-02-23 09:33:02,750] {dag.py:2379} INFO - Sync 1 DAGs
[2023-02-23 09:33:02,761] {logging_mixin.py:115} INFO - [2023-02-23 09:33:02,761] {dag.py:2927} INFO - Setting next_dagrun for example_weekday_branch_operator to 2023-02-22T00:00:00+00:00, run_after=2023-02-23T00:00:00+00:00
[2023-02-23 09:33:02,768] {processor.py:161} INFO - Processing /home/alura/Documents/PrevisaoTempo/venv/lib/python3.9/site-packages/airflow/example_dags/example_branch_day_of_week_operator.py took 0.032 seconds
[2023-02-23 09:33:37,633] {processor.py:153} INFO - Started process (PID=34411) to work on /home/alura/Documents/PrevisaoTempo/venv/lib/python3.9/site-packages/airflow/example_dags/example_branch_day_of_week_operator.py
[2023-02-23 09:33:37,634] {processor.py:641} INFO - Processing file /home/alura/Documents/PrevisaoTempo/venv/lib/python3.9/site-packages/airflow/example_dags/example_branch_day_of_week_operator.py for tasks to queue
[2023-02-23 09:33:37,634] {logging_mixin.py:115} INFO - [2023-02-23 09:33:37,634] {dagbag.py:507} INFO - Filling up the DagBag from /home/alura/Documents/PrevisaoTempo/venv/lib/python3.9/site-packages/airflow/example_dags/example_branch_day_of_week_operator.py
[2023-02-23 09:33:37,639] {processor.py:651} INFO - DAG(s) dict_keys(['example_weekday_branch_operator']) retrieved from /home/alura/Documents/PrevisaoTempo/venv/lib/python3.9/site-packages/airflow/example_dags/example_branch_day_of_week_operator.py
[2023-02-23 09:33:37,648] {logging_mixin.py:115} INFO - [2023-02-23 09:33:37,648] {dag.py:2379} INFO - Sync 1 DAGs
[2023-02-23 09:33:37,662] {logging_mixin.py:115} INFO - [2023-02-23 09:33:37,662] {dag.py:2927} INFO - Setting next_dagrun for example_weekday_branch_operator to 2023-02-22T00:00:00+00:00, run_after=2023-02-23T00:00:00+00:00
[2023-02-23 09:33:37,669] {processor.py:161} INFO - Processing /home/alura/Documents/PrevisaoTempo/venv/lib/python3.9/site-packages/airflow/example_dags/example_branch_day_of_week_operator.py took 0.037 seconds
[2023-02-23 09:34:08,492] {processor.py:153} INFO - Started process (PID=34605) to work on /home/alura/Documents/PrevisaoTempo/venv/lib/python3.9/site-packages/airflow/example_dags/example_branch_day_of_week_operator.py
[2023-02-23 09:34:08,492] {processor.py:641} INFO - Processing file /home/alura/Documents/PrevisaoTempo/venv/lib/python3.9/site-packages/airflow/example_dags/example_branch_day_of_week_operator.py for tasks to queue
[2023-02-23 09:34:08,492] {logging_mixin.py:115} INFO - [2023-02-23 09:34:08,492] {dagbag.py:507} INFO - Filling up the DagBag from /home/alura/Documents/PrevisaoTempo/venv/lib/python3.9/site-packages/airflow/example_dags/example_branch_day_of_week_operator.py
[2023-02-23 09:34:08,497] {processor.py:651} INFO - DAG(s) dict_keys(['example_weekday_branch_operator']) retrieved from /home/alura/Documents/PrevisaoTempo/venv/lib/python3.9/site-packages/airflow/example_dags/example_branch_day_of_week_operator.py
[2023-02-23 09:34:08,505] {logging_mixin.py:115} INFO - [2023-02-23 09:34:08,504] {dag.py:2379} INFO - Sync 1 DAGs
[2023-02-23 09:34:08,516] {logging_mixin.py:115} INFO - [2023-02-23 09:34:08,516] {dag.py:2927} INFO - Setting next_dagrun for example_weekday_branch_operator to 2023-02-22T00:00:00+00:00, run_after=2023-02-23T00:00:00+00:00
[2023-02-23 09:34:08,523] {processor.py:161} INFO - Processing /home/alura/Documents/PrevisaoTempo/venv/lib/python3.9/site-packages/airflow/example_dags/example_branch_day_of_week_operator.py took 0.033 seconds
[2023-02-23 09:34:42,766] {processor.py:153} INFO - Started process (PID=35199) to work on /home/alura/Documents/PrevisaoTempo/venv/lib/python3.9/site-packages/airflow/example_dags/example_branch_day_of_week_operator.py
[2023-02-23 09:34:42,767] {processor.py:641} INFO - Processing file /home/alura/Documents/PrevisaoTempo/venv/lib/python3.9/site-packages/airflow/example_dags/example_branch_day_of_week_operator.py for tasks to queue
[2023-02-23 09:34:42,767] {logging_mixin.py:115} INFO - [2023-02-23 09:34:42,767] {dagbag.py:507} INFO - Filling up the DagBag from /home/alura/Documents/PrevisaoTempo/venv/lib/python3.9/site-packages/airflow/example_dags/example_branch_day_of_week_operator.py
[2023-02-23 09:34:42,774] {processor.py:651} INFO - DAG(s) dict_keys(['example_weekday_branch_operator']) retrieved from /home/alura/Documents/PrevisaoTempo/venv/lib/python3.9/site-packages/airflow/example_dags/example_branch_day_of_week_operator.py
[2023-02-23 09:34:42,783] {logging_mixin.py:115} INFO - [2023-02-23 09:34:42,782] {dag.py:2379} INFO - Sync 1 DAGs
[2023-02-23 09:34:42,795] {logging_mixin.py:115} INFO - [2023-02-23 09:34:42,795] {dag.py:2927} INFO - Setting next_dagrun for example_weekday_branch_operator to 2023-02-22T00:00:00+00:00, run_after=2023-02-23T00:00:00+00:00
[2023-02-23 09:34:42,802] {processor.py:161} INFO - Processing /home/alura/Documents/PrevisaoTempo/venv/lib/python3.9/site-packages/airflow/example_dags/example_branch_day_of_week_operator.py took 0.037 seconds
[2023-02-23 09:35:14,276] {processor.py:153} INFO - Started process (PID=35398) to work on /home/alura/Documents/PrevisaoTempo/venv/lib/python3.9/site-packages/airflow/example_dags/example_branch_day_of_week_operator.py
[2023-02-23 09:35:14,276] {processor.py:641} INFO - Processing file /home/alura/Documents/PrevisaoTempo/venv/lib/python3.9/site-packages/airflow/example_dags/example_branch_day_of_week_operator.py for tasks to queue
[2023-02-23 09:35:14,277] {logging_mixin.py:115} INFO - [2023-02-23 09:35:14,277] {dagbag.py:507} INFO - Filling up the DagBag from /home/alura/Documents/PrevisaoTempo/venv/lib/python3.9/site-packages/airflow/example_dags/example_branch_day_of_week_operator.py
[2023-02-23 09:35:14,281] {processor.py:651} INFO - DAG(s) dict_keys(['example_weekday_branch_operator']) retrieved from /home/alura/Documents/PrevisaoTempo/venv/lib/python3.9/site-packages/airflow/example_dags/example_branch_day_of_week_operator.py
[2023-02-23 09:35:14,290] {logging_mixin.py:115} INFO - [2023-02-23 09:35:14,290] {dag.py:2379} INFO - Sync 1 DAGs
[2023-02-23 09:35:14,302] {logging_mixin.py:115} INFO - [2023-02-23 09:35:14,302] {dag.py:2927} INFO - Setting next_dagrun for example_weekday_branch_operator to 2023-02-22T00:00:00+00:00, run_after=2023-02-23T00:00:00+00:00
[2023-02-23 09:35:14,310] {processor.py:161} INFO - Processing /home/alura/Documents/PrevisaoTempo/venv/lib/python3.9/site-packages/airflow/example_dags/example_branch_day_of_week_operator.py took 0.036 seconds
[2023-02-23 09:35:47,757] {processor.py:153} INFO - Started process (PID=35627) to work on /home/alura/Documents/PrevisaoTempo/venv/lib/python3.9/site-packages/airflow/example_dags/example_branch_day_of_week_operator.py
[2023-02-23 09:35:47,757] {processor.py:641} INFO - Processing file /home/alura/Documents/PrevisaoTempo/venv/lib/python3.9/site-packages/airflow/example_dags/example_branch_day_of_week_operator.py for tasks to queue
[2023-02-23 09:35:47,758] {logging_mixin.py:115} INFO - [2023-02-23 09:35:47,758] {dagbag.py:507} INFO - Filling up the DagBag from /home/alura/Documents/PrevisaoTempo/venv/lib/python3.9/site-packages/airflow/example_dags/example_branch_day_of_week_operator.py
[2023-02-23 09:35:47,762] {processor.py:651} INFO - DAG(s) dict_keys(['example_weekday_branch_operator']) retrieved from /home/alura/Documents/PrevisaoTempo/venv/lib/python3.9/site-packages/airflow/example_dags/example_branch_day_of_week_operator.py
[2023-02-23 09:35:47,770] {logging_mixin.py:115} INFO - [2023-02-23 09:35:47,770] {dag.py:2379} INFO - Sync 1 DAGs
[2023-02-23 09:35:47,782] {logging_mixin.py:115} INFO - [2023-02-23 09:35:47,782] {dag.py:2927} INFO - Setting next_dagrun for example_weekday_branch_operator to 2023-02-22T00:00:00+00:00, run_after=2023-02-23T00:00:00+00:00
[2023-02-23 09:35:47,789] {processor.py:161} INFO - Processing /home/alura/Documents/PrevisaoTempo/venv/lib/python3.9/site-packages/airflow/example_dags/example_branch_day_of_week_operator.py took 0.033 seconds
