[2023-02-23 09:31:55,055] {processor.py:153} INFO - Started process (PID=33778) to work on /home/alura/Documents/PrevisaoTempo/venv/lib/python3.9/site-packages/airflow/example_dags/example_external_task_marker_dag.py
[2023-02-23 09:31:55,055] {processor.py:641} INFO - Processing file /home/alura/Documents/PrevisaoTempo/venv/lib/python3.9/site-packages/airflow/example_dags/example_external_task_marker_dag.py for tasks to queue
[2023-02-23 09:31:55,055] {logging_mixin.py:115} INFO - [2023-02-23 09:31:55,055] {dagbag.py:507} INFO - Filling up the DagBag from /home/alura/Documents/PrevisaoTempo/venv/lib/python3.9/site-packages/airflow/example_dags/example_external_task_marker_dag.py
[2023-02-23 09:31:55,058] {processor.py:651} INFO - DAG(s) dict_keys(['example_external_task_marker_parent', 'example_external_task_marker_child']) retrieved from /home/alura/Documents/PrevisaoTempo/venv/lib/python3.9/site-packages/airflow/example_dags/example_external_task_marker_dag.py
[2023-02-23 09:31:55,091] {logging_mixin.py:115} INFO - [2023-02-23 09:31:55,091] {manager.py:508} INFO - Created Permission View: can delete on DAG:example_external_task_marker_parent
[2023-02-23 09:31:55,096] {logging_mixin.py:115} INFO - [2023-02-23 09:31:55,096] {manager.py:508} INFO - Created Permission View: can read on DAG:example_external_task_marker_parent
[2023-02-23 09:31:55,100] {logging_mixin.py:115} INFO - [2023-02-23 09:31:55,100] {manager.py:508} INFO - Created Permission View: can edit on DAG:example_external_task_marker_parent
[2023-02-23 09:31:55,113] {logging_mixin.py:115} INFO - [2023-02-23 09:31:55,112] {manager.py:508} INFO - Created Permission View: can delete on DAG:example_external_task_marker_child
[2023-02-23 09:31:55,116] {logging_mixin.py:115} INFO - [2023-02-23 09:31:55,116] {manager.py:508} INFO - Created Permission View: can read on DAG:example_external_task_marker_child
[2023-02-23 09:31:55,120] {logging_mixin.py:115} INFO - [2023-02-23 09:31:55,120] {manager.py:508} INFO - Created Permission View: can edit on DAG:example_external_task_marker_child
[2023-02-23 09:31:55,121] {logging_mixin.py:115} INFO - [2023-02-23 09:31:55,121] {dag.py:2379} INFO - Sync 2 DAGs
[2023-02-23 09:31:55,124] {logging_mixin.py:115} INFO - [2023-02-23 09:31:55,124] {dag.py:2398} INFO - Creating ORM DAG for example_external_task_marker_parent
[2023-02-23 09:31:55,124] {logging_mixin.py:115} INFO - [2023-02-23 09:31:55,124] {dag.py:2398} INFO - Creating ORM DAG for example_external_task_marker_child
[2023-02-23 09:31:55,128] {logging_mixin.py:115} INFO - [2023-02-23 09:31:55,128] {dag.py:2927} INFO - Setting next_dagrun for example_external_task_marker_child to None, run_after=None
[2023-02-23 09:31:55,129] {logging_mixin.py:115} INFO - [2023-02-23 09:31:55,129] {dag.py:2927} INFO - Setting next_dagrun for example_external_task_marker_parent to None, run_after=None
[2023-02-23 09:31:55,138] {processor.py:161} INFO - Processing /home/alura/Documents/PrevisaoTempo/venv/lib/python3.9/site-packages/airflow/example_dags/example_external_task_marker_dag.py took 0.085 seconds
[2023-02-23 09:32:25,847] {processor.py:153} INFO - Started process (PID=34006) to work on /home/alura/Documents/PrevisaoTempo/venv/lib/python3.9/site-packages/airflow/example_dags/example_external_task_marker_dag.py
[2023-02-23 09:32:25,847] {processor.py:641} INFO - Processing file /home/alura/Documents/PrevisaoTempo/venv/lib/python3.9/site-packages/airflow/example_dags/example_external_task_marker_dag.py for tasks to queue
[2023-02-23 09:32:25,847] {logging_mixin.py:115} INFO - [2023-02-23 09:32:25,847] {dagbag.py:507} INFO - Filling up the DagBag from /home/alura/Documents/PrevisaoTempo/venv/lib/python3.9/site-packages/airflow/example_dags/example_external_task_marker_dag.py
[2023-02-23 09:32:25,850] {processor.py:651} INFO - DAG(s) dict_keys(['example_external_task_marker_parent', 'example_external_task_marker_child']) retrieved from /home/alura/Documents/PrevisaoTempo/venv/lib/python3.9/site-packages/airflow/example_dags/example_external_task_marker_dag.py
[2023-02-23 09:32:25,864] {logging_mixin.py:115} INFO - [2023-02-23 09:32:25,864] {dag.py:2379} INFO - Sync 2 DAGs
[2023-02-23 09:32:25,875] {logging_mixin.py:115} INFO - [2023-02-23 09:32:25,875] {dag.py:2927} INFO - Setting next_dagrun for example_external_task_marker_child to None, run_after=None
[2023-02-23 09:32:25,875] {logging_mixin.py:115} INFO - [2023-02-23 09:32:25,875] {dag.py:2927} INFO - Setting next_dagrun for example_external_task_marker_parent to None, run_after=None
[2023-02-23 09:32:25,883] {processor.py:161} INFO - Processing /home/alura/Documents/PrevisaoTempo/venv/lib/python3.9/site-packages/airflow/example_dags/example_external_task_marker_dag.py took 0.038 seconds
[2023-02-23 09:32:58,069] {processor.py:153} INFO - Started process (PID=34180) to work on /home/alura/Documents/PrevisaoTempo/venv/lib/python3.9/site-packages/airflow/example_dags/example_external_task_marker_dag.py
[2023-02-23 09:32:58,069] {processor.py:641} INFO - Processing file /home/alura/Documents/PrevisaoTempo/venv/lib/python3.9/site-packages/airflow/example_dags/example_external_task_marker_dag.py for tasks to queue
[2023-02-23 09:32:58,069] {logging_mixin.py:115} INFO - [2023-02-23 09:32:58,069] {dagbag.py:507} INFO - Filling up the DagBag from /home/alura/Documents/PrevisaoTempo/venv/lib/python3.9/site-packages/airflow/example_dags/example_external_task_marker_dag.py
[2023-02-23 09:32:58,072] {processor.py:651} INFO - DAG(s) dict_keys(['example_external_task_marker_parent', 'example_external_task_marker_child']) retrieved from /home/alura/Documents/PrevisaoTempo/venv/lib/python3.9/site-packages/airflow/example_dags/example_external_task_marker_dag.py
[2023-02-23 09:32:58,085] {logging_mixin.py:115} INFO - [2023-02-23 09:32:58,084] {dag.py:2379} INFO - Sync 2 DAGs
[2023-02-23 09:32:58,095] {logging_mixin.py:115} INFO - [2023-02-23 09:32:58,095] {dag.py:2927} INFO - Setting next_dagrun for example_external_task_marker_child to None, run_after=None
[2023-02-23 09:32:58,095] {logging_mixin.py:115} INFO - [2023-02-23 09:32:58,095] {dag.py:2927} INFO - Setting next_dagrun for example_external_task_marker_parent to None, run_after=None
[2023-02-23 09:32:58,101] {processor.py:161} INFO - Processing /home/alura/Documents/PrevisaoTempo/venv/lib/python3.9/site-packages/airflow/example_dags/example_external_task_marker_dag.py took 0.034 seconds
[2023-02-23 09:33:32,555] {processor.py:153} INFO - Started process (PID=34383) to work on /home/alura/Documents/PrevisaoTempo/venv/lib/python3.9/site-packages/airflow/example_dags/example_external_task_marker_dag.py
[2023-02-23 09:33:32,555] {processor.py:641} INFO - Processing file /home/alura/Documents/PrevisaoTempo/venv/lib/python3.9/site-packages/airflow/example_dags/example_external_task_marker_dag.py for tasks to queue
[2023-02-23 09:33:32,555] {logging_mixin.py:115} INFO - [2023-02-23 09:33:32,555] {dagbag.py:507} INFO - Filling up the DagBag from /home/alura/Documents/PrevisaoTempo/venv/lib/python3.9/site-packages/airflow/example_dags/example_external_task_marker_dag.py
[2023-02-23 09:33:32,560] {processor.py:651} INFO - DAG(s) dict_keys(['example_external_task_marker_parent', 'example_external_task_marker_child']) retrieved from /home/alura/Documents/PrevisaoTempo/venv/lib/python3.9/site-packages/airflow/example_dags/example_external_task_marker_dag.py
[2023-02-23 09:33:32,573] {logging_mixin.py:115} INFO - [2023-02-23 09:33:32,573] {dag.py:2379} INFO - Sync 2 DAGs
[2023-02-23 09:33:32,583] {logging_mixin.py:115} INFO - [2023-02-23 09:33:32,583] {dag.py:2927} INFO - Setting next_dagrun for example_external_task_marker_child to None, run_after=None
[2023-02-23 09:33:32,583] {logging_mixin.py:115} INFO - [2023-02-23 09:33:32,583] {dag.py:2927} INFO - Setting next_dagrun for example_external_task_marker_parent to None, run_after=None
[2023-02-23 09:33:32,589] {processor.py:161} INFO - Processing /home/alura/Documents/PrevisaoTempo/venv/lib/python3.9/site-packages/airflow/example_dags/example_external_task_marker_dag.py took 0.036 seconds
[2023-02-23 09:34:03,512] {processor.py:153} INFO - Started process (PID=34578) to work on /home/alura/Documents/PrevisaoTempo/venv/lib/python3.9/site-packages/airflow/example_dags/example_external_task_marker_dag.py
[2023-02-23 09:34:03,513] {processor.py:641} INFO - Processing file /home/alura/Documents/PrevisaoTempo/venv/lib/python3.9/site-packages/airflow/example_dags/example_external_task_marker_dag.py for tasks to queue
[2023-02-23 09:34:03,513] {logging_mixin.py:115} INFO - [2023-02-23 09:34:03,513] {dagbag.py:507} INFO - Filling up the DagBag from /home/alura/Documents/PrevisaoTempo/venv/lib/python3.9/site-packages/airflow/example_dags/example_external_task_marker_dag.py
[2023-02-23 09:34:03,516] {processor.py:651} INFO - DAG(s) dict_keys(['example_external_task_marker_parent', 'example_external_task_marker_child']) retrieved from /home/alura/Documents/PrevisaoTempo/venv/lib/python3.9/site-packages/airflow/example_dags/example_external_task_marker_dag.py
[2023-02-23 09:34:03,532] {logging_mixin.py:115} INFO - [2023-02-23 09:34:03,532] {dag.py:2379} INFO - Sync 2 DAGs
[2023-02-23 09:34:03,546] {logging_mixin.py:115} INFO - [2023-02-23 09:34:03,546] {dag.py:2927} INFO - Setting next_dagrun for example_external_task_marker_child to None, run_after=None
[2023-02-23 09:34:03,546] {logging_mixin.py:115} INFO - [2023-02-23 09:34:03,546] {dag.py:2927} INFO - Setting next_dagrun for example_external_task_marker_parent to None, run_after=None
[2023-02-23 09:34:03,555] {processor.py:161} INFO - Processing /home/alura/Documents/PrevisaoTempo/venv/lib/python3.9/site-packages/airflow/example_dags/example_external_task_marker_dag.py took 0.045 seconds
[2023-02-23 09:34:38,214] {processor.py:153} INFO - Started process (PID=35175) to work on /home/alura/Documents/PrevisaoTempo/venv/lib/python3.9/site-packages/airflow/example_dags/example_external_task_marker_dag.py
[2023-02-23 09:34:38,215] {processor.py:641} INFO - Processing file /home/alura/Documents/PrevisaoTempo/venv/lib/python3.9/site-packages/airflow/example_dags/example_external_task_marker_dag.py for tasks to queue
[2023-02-23 09:34:38,215] {logging_mixin.py:115} INFO - [2023-02-23 09:34:38,215] {dagbag.py:507} INFO - Filling up the DagBag from /home/alura/Documents/PrevisaoTempo/venv/lib/python3.9/site-packages/airflow/example_dags/example_external_task_marker_dag.py
[2023-02-23 09:34:38,219] {processor.py:651} INFO - DAG(s) dict_keys(['example_external_task_marker_parent', 'example_external_task_marker_child']) retrieved from /home/alura/Documents/PrevisaoTempo/venv/lib/python3.9/site-packages/airflow/example_dags/example_external_task_marker_dag.py
[2023-02-23 09:34:38,234] {logging_mixin.py:115} INFO - [2023-02-23 09:34:38,234] {dag.py:2379} INFO - Sync 2 DAGs
[2023-02-23 09:34:38,268] {logging_mixin.py:115} INFO - [2023-02-23 09:34:38,268] {dag.py:2927} INFO - Setting next_dagrun for example_external_task_marker_child to None, run_after=None
[2023-02-23 09:34:38,268] {logging_mixin.py:115} INFO - [2023-02-23 09:34:38,268] {dag.py:2927} INFO - Setting next_dagrun for example_external_task_marker_parent to None, run_after=None
[2023-02-23 09:34:38,291] {processor.py:161} INFO - Processing /home/alura/Documents/PrevisaoTempo/venv/lib/python3.9/site-packages/airflow/example_dags/example_external_task_marker_dag.py took 0.078 seconds
[2023-02-23 09:35:10,058] {processor.py:153} INFO - Started process (PID=35364) to work on /home/alura/Documents/PrevisaoTempo/venv/lib/python3.9/site-packages/airflow/example_dags/example_external_task_marker_dag.py
[2023-02-23 09:35:10,059] {processor.py:641} INFO - Processing file /home/alura/Documents/PrevisaoTempo/venv/lib/python3.9/site-packages/airflow/example_dags/example_external_task_marker_dag.py for tasks to queue
[2023-02-23 09:35:10,059] {logging_mixin.py:115} INFO - [2023-02-23 09:35:10,059] {dagbag.py:507} INFO - Filling up the DagBag from /home/alura/Documents/PrevisaoTempo/venv/lib/python3.9/site-packages/airflow/example_dags/example_external_task_marker_dag.py
[2023-02-23 09:35:10,061] {processor.py:651} INFO - DAG(s) dict_keys(['example_external_task_marker_parent', 'example_external_task_marker_child']) retrieved from /home/alura/Documents/PrevisaoTempo/venv/lib/python3.9/site-packages/airflow/example_dags/example_external_task_marker_dag.py
[2023-02-23 09:35:10,075] {logging_mixin.py:115} INFO - [2023-02-23 09:35:10,075] {dag.py:2379} INFO - Sync 2 DAGs
[2023-02-23 09:35:10,087] {logging_mixin.py:115} INFO - [2023-02-23 09:35:10,087] {dag.py:2927} INFO - Setting next_dagrun for example_external_task_marker_child to None, run_after=None
[2023-02-23 09:35:10,087] {logging_mixin.py:115} INFO - [2023-02-23 09:35:10,087] {dag.py:2927} INFO - Setting next_dagrun for example_external_task_marker_parent to None, run_after=None
[2023-02-23 09:35:10,094] {processor.py:161} INFO - Processing /home/alura/Documents/PrevisaoTempo/venv/lib/python3.9/site-packages/airflow/example_dags/example_external_task_marker_dag.py took 0.038 seconds
[2023-02-23 09:35:43,193] {processor.py:153} INFO - Started process (PID=35605) to work on /home/alura/Documents/PrevisaoTempo/venv/lib/python3.9/site-packages/airflow/example_dags/example_external_task_marker_dag.py
[2023-02-23 09:35:43,194] {processor.py:641} INFO - Processing file /home/alura/Documents/PrevisaoTempo/venv/lib/python3.9/site-packages/airflow/example_dags/example_external_task_marker_dag.py for tasks to queue
[2023-02-23 09:35:43,194] {logging_mixin.py:115} INFO - [2023-02-23 09:35:43,194] {dagbag.py:507} INFO - Filling up the DagBag from /home/alura/Documents/PrevisaoTempo/venv/lib/python3.9/site-packages/airflow/example_dags/example_external_task_marker_dag.py
[2023-02-23 09:35:43,197] {processor.py:651} INFO - DAG(s) dict_keys(['example_external_task_marker_parent', 'example_external_task_marker_child']) retrieved from /home/alura/Documents/PrevisaoTempo/venv/lib/python3.9/site-packages/airflow/example_dags/example_external_task_marker_dag.py
[2023-02-23 09:35:43,211] {logging_mixin.py:115} INFO - [2023-02-23 09:35:43,211] {dag.py:2379} INFO - Sync 2 DAGs
[2023-02-23 09:35:43,224] {logging_mixin.py:115} INFO - [2023-02-23 09:35:43,224] {dag.py:2927} INFO - Setting next_dagrun for example_external_task_marker_child to None, run_after=None
[2023-02-23 09:35:43,224] {logging_mixin.py:115} INFO - [2023-02-23 09:35:43,224] {dag.py:2927} INFO - Setting next_dagrun for example_external_task_marker_parent to None, run_after=None
[2023-02-23 09:35:43,232] {processor.py:161} INFO - Processing /home/alura/Documents/PrevisaoTempo/venv/lib/python3.9/site-packages/airflow/example_dags/example_external_task_marker_dag.py took 0.040 seconds
[2023-02-23 09:36:16,097] {processor.py:153} INFO - Started process (PID=35795) to work on /home/alura/Documents/PrevisaoTempo/venv/lib/python3.9/site-packages/airflow/example_dags/example_external_task_marker_dag.py
[2023-02-23 09:36:16,098] {processor.py:641} INFO - Processing file /home/alura/Documents/PrevisaoTempo/venv/lib/python3.9/site-packages/airflow/example_dags/example_external_task_marker_dag.py for tasks to queue
[2023-02-23 09:36:16,098] {logging_mixin.py:115} INFO - [2023-02-23 09:36:16,098] {dagbag.py:507} INFO - Filling up the DagBag from /home/alura/Documents/PrevisaoTempo/venv/lib/python3.9/site-packages/airflow/example_dags/example_external_task_marker_dag.py
[2023-02-23 09:36:16,101] {processor.py:651} INFO - DAG(s) dict_keys(['example_external_task_marker_parent', 'example_external_task_marker_child']) retrieved from /home/alura/Documents/PrevisaoTempo/venv/lib/python3.9/site-packages/airflow/example_dags/example_external_task_marker_dag.py
[2023-02-23 09:36:16,113] {logging_mixin.py:115} INFO - [2023-02-23 09:36:16,113] {dag.py:2379} INFO - Sync 2 DAGs
[2023-02-23 09:36:16,124] {logging_mixin.py:115} INFO - [2023-02-23 09:36:16,124] {dag.py:2927} INFO - Setting next_dagrun for example_external_task_marker_child to None, run_after=None
[2023-02-23 09:36:16,124] {logging_mixin.py:115} INFO - [2023-02-23 09:36:16,124] {dag.py:2927} INFO - Setting next_dagrun for example_external_task_marker_parent to None, run_after=None
[2023-02-23 09:36:16,131] {processor.py:161} INFO - Processing /home/alura/Documents/PrevisaoTempo/venv/lib/python3.9/site-packages/airflow/example_dags/example_external_task_marker_dag.py took 0.035 seconds
