[2023-02-23 09:31:43,893] {processor.py:153} INFO - Started process (PID=33703) to work on /home/alura/Documents/PrevisaoTempo/venv/lib/python3.9/site-packages/airflow/example_dags/tutorial_taskflow_api_etl_virtualenv.py
[2023-02-23 09:31:43,893] {processor.py:641} INFO - Processing file /home/alura/Documents/PrevisaoTempo/venv/lib/python3.9/site-packages/airflow/example_dags/tutorial_taskflow_api_etl_virtualenv.py for tasks to queue
[2023-02-23 09:31:43,894] {logging_mixin.py:115} INFO - [2023-02-23 09:31:43,894] {dagbag.py:507} INFO - Filling up the DagBag from /home/alura/Documents/PrevisaoTempo/venv/lib/python3.9/site-packages/airflow/example_dags/tutorial_taskflow_api_etl_virtualenv.py
[2023-02-23 09:31:43,952] {logging_mixin.py:115} INFO - [2023-02-23 09:31:43,952] {tutorial_taskflow_api_etl_virtualenv.py:29} WARNING - The tutorial_taskflow_api_etl_virtualenv example DAG requires virtualenv, please install it.
[2023-02-23 09:31:43,952] {processor.py:653} WARNING - No viable dags retrieved from /home/alura/Documents/PrevisaoTempo/venv/lib/python3.9/site-packages/airflow/example_dags/tutorial_taskflow_api_etl_virtualenv.py
[2023-02-23 09:31:43,959] {processor.py:161} INFO - Processing /home/alura/Documents/PrevisaoTempo/venv/lib/python3.9/site-packages/airflow/example_dags/tutorial_taskflow_api_etl_virtualenv.py took 0.068 seconds
[2023-02-23 09:32:15,562] {processor.py:153} INFO - Started process (PID=33923) to work on /home/alura/Documents/PrevisaoTempo/venv/lib/python3.9/site-packages/airflow/example_dags/tutorial_taskflow_api_etl_virtualenv.py
[2023-02-23 09:32:15,562] {processor.py:641} INFO - Processing file /home/alura/Documents/PrevisaoTempo/venv/lib/python3.9/site-packages/airflow/example_dags/tutorial_taskflow_api_etl_virtualenv.py for tasks to queue
[2023-02-23 09:32:15,563] {logging_mixin.py:115} INFO - [2023-02-23 09:32:15,563] {dagbag.py:507} INFO - Filling up the DagBag from /home/alura/Documents/PrevisaoTempo/venv/lib/python3.9/site-packages/airflow/example_dags/tutorial_taskflow_api_etl_virtualenv.py
[2023-02-23 09:32:15,570] {logging_mixin.py:115} INFO - [2023-02-23 09:32:15,570] {tutorial_taskflow_api_etl_virtualenv.py:29} WARNING - The tutorial_taskflow_api_etl_virtualenv example DAG requires virtualenv, please install it.
[2023-02-23 09:32:15,570] {processor.py:653} WARNING - No viable dags retrieved from /home/alura/Documents/PrevisaoTempo/venv/lib/python3.9/site-packages/airflow/example_dags/tutorial_taskflow_api_etl_virtualenv.py
[2023-02-23 09:32:15,576] {processor.py:161} INFO - Processing /home/alura/Documents/PrevisaoTempo/venv/lib/python3.9/site-packages/airflow/example_dags/tutorial_taskflow_api_etl_virtualenv.py took 0.016 seconds
[2023-02-23 09:32:47,486] {processor.py:153} INFO - Started process (PID=34120) to work on /home/alura/Documents/PrevisaoTempo/venv/lib/python3.9/site-packages/airflow/example_dags/tutorial_taskflow_api_etl_virtualenv.py
[2023-02-23 09:32:47,487] {processor.py:641} INFO - Processing file /home/alura/Documents/PrevisaoTempo/venv/lib/python3.9/site-packages/airflow/example_dags/tutorial_taskflow_api_etl_virtualenv.py for tasks to queue
[2023-02-23 09:32:47,487] {logging_mixin.py:115} INFO - [2023-02-23 09:32:47,487] {dagbag.py:507} INFO - Filling up the DagBag from /home/alura/Documents/PrevisaoTempo/venv/lib/python3.9/site-packages/airflow/example_dags/tutorial_taskflow_api_etl_virtualenv.py
[2023-02-23 09:32:47,494] {logging_mixin.py:115} INFO - [2023-02-23 09:32:47,494] {tutorial_taskflow_api_etl_virtualenv.py:29} WARNING - The tutorial_taskflow_api_etl_virtualenv example DAG requires virtualenv, please install it.
[2023-02-23 09:32:47,494] {processor.py:653} WARNING - No viable dags retrieved from /home/alura/Documents/PrevisaoTempo/venv/lib/python3.9/site-packages/airflow/example_dags/tutorial_taskflow_api_etl_virtualenv.py
[2023-02-23 09:32:47,500] {processor.py:161} INFO - Processing /home/alura/Documents/PrevisaoTempo/venv/lib/python3.9/site-packages/airflow/example_dags/tutorial_taskflow_api_etl_virtualenv.py took 0.015 seconds
[2023-02-23 09:33:21,154] {processor.py:153} INFO - Started process (PID=34320) to work on /home/alura/Documents/PrevisaoTempo/venv/lib/python3.9/site-packages/airflow/example_dags/tutorial_taskflow_api_etl_virtualenv.py
[2023-02-23 09:33:21,154] {processor.py:641} INFO - Processing file /home/alura/Documents/PrevisaoTempo/venv/lib/python3.9/site-packages/airflow/example_dags/tutorial_taskflow_api_etl_virtualenv.py for tasks to queue
[2023-02-23 09:33:21,155] {logging_mixin.py:115} INFO - [2023-02-23 09:33:21,155] {dagbag.py:507} INFO - Filling up the DagBag from /home/alura/Documents/PrevisaoTempo/venv/lib/python3.9/site-packages/airflow/example_dags/tutorial_taskflow_api_etl_virtualenv.py
[2023-02-23 09:33:21,161] {logging_mixin.py:115} INFO - [2023-02-23 09:33:21,161] {tutorial_taskflow_api_etl_virtualenv.py:29} WARNING - The tutorial_taskflow_api_etl_virtualenv example DAG requires virtualenv, please install it.
[2023-02-23 09:33:21,161] {processor.py:653} WARNING - No viable dags retrieved from /home/alura/Documents/PrevisaoTempo/venv/lib/python3.9/site-packages/airflow/example_dags/tutorial_taskflow_api_etl_virtualenv.py
[2023-02-23 09:33:21,167] {processor.py:161} INFO - Processing /home/alura/Documents/PrevisaoTempo/venv/lib/python3.9/site-packages/airflow/example_dags/tutorial_taskflow_api_etl_virtualenv.py took 0.014 seconds
[2023-02-23 09:33:54,512] {processor.py:153} INFO - Started process (PID=34524) to work on /home/alura/Documents/PrevisaoTempo/venv/lib/python3.9/site-packages/airflow/example_dags/tutorial_taskflow_api_etl_virtualenv.py
[2023-02-23 09:33:54,513] {processor.py:641} INFO - Processing file /home/alura/Documents/PrevisaoTempo/venv/lib/python3.9/site-packages/airflow/example_dags/tutorial_taskflow_api_etl_virtualenv.py for tasks to queue
[2023-02-23 09:33:54,513] {logging_mixin.py:115} INFO - [2023-02-23 09:33:54,513] {dagbag.py:507} INFO - Filling up the DagBag from /home/alura/Documents/PrevisaoTempo/venv/lib/python3.9/site-packages/airflow/example_dags/tutorial_taskflow_api_etl_virtualenv.py
[2023-02-23 09:33:54,520] {logging_mixin.py:115} INFO - [2023-02-23 09:33:54,520] {tutorial_taskflow_api_etl_virtualenv.py:29} WARNING - The tutorial_taskflow_api_etl_virtualenv example DAG requires virtualenv, please install it.
[2023-02-23 09:33:54,520] {processor.py:653} WARNING - No viable dags retrieved from /home/alura/Documents/PrevisaoTempo/venv/lib/python3.9/site-packages/airflow/example_dags/tutorial_taskflow_api_etl_virtualenv.py
[2023-02-23 09:33:54,525] {processor.py:161} INFO - Processing /home/alura/Documents/PrevisaoTempo/venv/lib/python3.9/site-packages/airflow/example_dags/tutorial_taskflow_api_etl_virtualenv.py took 0.014 seconds
[2023-02-23 09:34:25,682] {processor.py:153} INFO - Started process (PID=35083) to work on /home/alura/Documents/PrevisaoTempo/venv/lib/python3.9/site-packages/airflow/example_dags/tutorial_taskflow_api_etl_virtualenv.py
[2023-02-23 09:34:25,683] {processor.py:641} INFO - Processing file /home/alura/Documents/PrevisaoTempo/venv/lib/python3.9/site-packages/airflow/example_dags/tutorial_taskflow_api_etl_virtualenv.py for tasks to queue
[2023-02-23 09:34:25,683] {logging_mixin.py:115} INFO - [2023-02-23 09:34:25,683] {dagbag.py:507} INFO - Filling up the DagBag from /home/alura/Documents/PrevisaoTempo/venv/lib/python3.9/site-packages/airflow/example_dags/tutorial_taskflow_api_etl_virtualenv.py
[2023-02-23 09:34:25,694] {logging_mixin.py:115} INFO - [2023-02-23 09:34:25,694] {tutorial_taskflow_api_etl_virtualenv.py:29} WARNING - The tutorial_taskflow_api_etl_virtualenv example DAG requires virtualenv, please install it.
[2023-02-23 09:34:25,694] {processor.py:653} WARNING - No viable dags retrieved from /home/alura/Documents/PrevisaoTempo/venv/lib/python3.9/site-packages/airflow/example_dags/tutorial_taskflow_api_etl_virtualenv.py
[2023-02-23 09:34:25,700] {processor.py:161} INFO - Processing /home/alura/Documents/PrevisaoTempo/venv/lib/python3.9/site-packages/airflow/example_dags/tutorial_taskflow_api_etl_virtualenv.py took 0.019 seconds
[2023-02-23 09:34:56,412] {processor.py:153} INFO - Started process (PID=35280) to work on /home/alura/Documents/PrevisaoTempo/venv/lib/python3.9/site-packages/airflow/example_dags/tutorial_taskflow_api_etl_virtualenv.py
[2023-02-23 09:34:56,413] {processor.py:641} INFO - Processing file /home/alura/Documents/PrevisaoTempo/venv/lib/python3.9/site-packages/airflow/example_dags/tutorial_taskflow_api_etl_virtualenv.py for tasks to queue
[2023-02-23 09:34:56,413] {logging_mixin.py:115} INFO - [2023-02-23 09:34:56,413] {dagbag.py:507} INFO - Filling up the DagBag from /home/alura/Documents/PrevisaoTempo/venv/lib/python3.9/site-packages/airflow/example_dags/tutorial_taskflow_api_etl_virtualenv.py
[2023-02-23 09:34:56,421] {logging_mixin.py:115} INFO - [2023-02-23 09:34:56,421] {tutorial_taskflow_api_etl_virtualenv.py:29} WARNING - The tutorial_taskflow_api_etl_virtualenv example DAG requires virtualenv, please install it.
[2023-02-23 09:34:56,421] {processor.py:653} WARNING - No viable dags retrieved from /home/alura/Documents/PrevisaoTempo/venv/lib/python3.9/site-packages/airflow/example_dags/tutorial_taskflow_api_etl_virtualenv.py
[2023-02-23 09:34:56,427] {processor.py:161} INFO - Processing /home/alura/Documents/PrevisaoTempo/venv/lib/python3.9/site-packages/airflow/example_dags/tutorial_taskflow_api_etl_virtualenv.py took 0.016 seconds
[2023-02-23 09:35:27,210] {processor.py:153} INFO - Started process (PID=35476) to work on /home/alura/Documents/PrevisaoTempo/venv/lib/python3.9/site-packages/airflow/example_dags/tutorial_taskflow_api_etl_virtualenv.py
[2023-02-23 09:35:27,211] {processor.py:641} INFO - Processing file /home/alura/Documents/PrevisaoTempo/venv/lib/python3.9/site-packages/airflow/example_dags/tutorial_taskflow_api_etl_virtualenv.py for tasks to queue
[2023-02-23 09:35:27,211] {logging_mixin.py:115} INFO - [2023-02-23 09:35:27,211] {dagbag.py:507} INFO - Filling up the DagBag from /home/alura/Documents/PrevisaoTempo/venv/lib/python3.9/site-packages/airflow/example_dags/tutorial_taskflow_api_etl_virtualenv.py
[2023-02-23 09:35:27,218] {logging_mixin.py:115} INFO - [2023-02-23 09:35:27,218] {tutorial_taskflow_api_etl_virtualenv.py:29} WARNING - The tutorial_taskflow_api_etl_virtualenv example DAG requires virtualenv, please install it.
[2023-02-23 09:35:27,218] {processor.py:653} WARNING - No viable dags retrieved from /home/alura/Documents/PrevisaoTempo/venv/lib/python3.9/site-packages/airflow/example_dags/tutorial_taskflow_api_etl_virtualenv.py
[2023-02-23 09:35:27,223] {processor.py:161} INFO - Processing /home/alura/Documents/PrevisaoTempo/venv/lib/python3.9/site-packages/airflow/example_dags/tutorial_taskflow_api_etl_virtualenv.py took 0.015 seconds
[2023-02-23 09:35:59,443] {processor.py:153} INFO - Started process (PID=35702) to work on /home/alura/Documents/PrevisaoTempo/venv/lib/python3.9/site-packages/airflow/example_dags/tutorial_taskflow_api_etl_virtualenv.py
[2023-02-23 09:35:59,444] {processor.py:641} INFO - Processing file /home/alura/Documents/PrevisaoTempo/venv/lib/python3.9/site-packages/airflow/example_dags/tutorial_taskflow_api_etl_virtualenv.py for tasks to queue
[2023-02-23 09:35:59,444] {logging_mixin.py:115} INFO - [2023-02-23 09:35:59,444] {dagbag.py:507} INFO - Filling up the DagBag from /home/alura/Documents/PrevisaoTempo/venv/lib/python3.9/site-packages/airflow/example_dags/tutorial_taskflow_api_etl_virtualenv.py
[2023-02-23 09:35:59,452] {logging_mixin.py:115} INFO - [2023-02-23 09:35:59,452] {tutorial_taskflow_api_etl_virtualenv.py:29} WARNING - The tutorial_taskflow_api_etl_virtualenv example DAG requires virtualenv, please install it.
[2023-02-23 09:35:59,452] {processor.py:653} WARNING - No viable dags retrieved from /home/alura/Documents/PrevisaoTempo/venv/lib/python3.9/site-packages/airflow/example_dags/tutorial_taskflow_api_etl_virtualenv.py
[2023-02-23 09:35:59,457] {processor.py:161} INFO - Processing /home/alura/Documents/PrevisaoTempo/venv/lib/python3.9/site-packages/airflow/example_dags/tutorial_taskflow_api_etl_virtualenv.py took 0.015 seconds
