[2023-02-23 09:31:42,750] {processor.py:153} INFO - Started process (PID=33693) to work on /home/alura/Documents/PrevisaoTempo/venv/lib/python3.9/site-packages/airflow/example_dags/subdags/subdag.py
[2023-02-23 09:31:42,751] {processor.py:641} INFO - Processing file /home/alura/Documents/PrevisaoTempo/venv/lib/python3.9/site-packages/airflow/example_dags/subdags/subdag.py for tasks to queue
[2023-02-23 09:31:42,751] {logging_mixin.py:115} INFO - [2023-02-23 09:31:42,751] {dagbag.py:507} INFO - Filling up the DagBag from /home/alura/Documents/PrevisaoTempo/venv/lib/python3.9/site-packages/airflow/example_dags/subdags/subdag.py
[2023-02-23 09:31:42,755] {processor.py:653} WARNING - No viable dags retrieved from /home/alura/Documents/PrevisaoTempo/venv/lib/python3.9/site-packages/airflow/example_dags/subdags/subdag.py
[2023-02-23 09:31:42,798] {processor.py:161} INFO - Processing /home/alura/Documents/PrevisaoTempo/venv/lib/python3.9/site-packages/airflow/example_dags/subdags/subdag.py took 0.049 seconds
[2023-02-23 09:32:14,437] {processor.py:153} INFO - Started process (PID=33919) to work on /home/alura/Documents/PrevisaoTempo/venv/lib/python3.9/site-packages/airflow/example_dags/subdags/subdag.py
[2023-02-23 09:32:14,438] {processor.py:641} INFO - Processing file /home/alura/Documents/PrevisaoTempo/venv/lib/python3.9/site-packages/airflow/example_dags/subdags/subdag.py for tasks to queue
[2023-02-23 09:32:14,438] {logging_mixin.py:115} INFO - [2023-02-23 09:32:14,438] {dagbag.py:507} INFO - Filling up the DagBag from /home/alura/Documents/PrevisaoTempo/venv/lib/python3.9/site-packages/airflow/example_dags/subdags/subdag.py
[2023-02-23 09:32:14,439] {processor.py:653} WARNING - No viable dags retrieved from /home/alura/Documents/PrevisaoTempo/venv/lib/python3.9/site-packages/airflow/example_dags/subdags/subdag.py
[2023-02-23 09:32:14,444] {processor.py:161} INFO - Processing /home/alura/Documents/PrevisaoTempo/venv/lib/python3.9/site-packages/airflow/example_dags/subdags/subdag.py took 0.009 seconds
[2023-02-23 09:32:46,357] {processor.py:153} INFO - Started process (PID=34113) to work on /home/alura/Documents/PrevisaoTempo/venv/lib/python3.9/site-packages/airflow/example_dags/subdags/subdag.py
[2023-02-23 09:32:46,358] {processor.py:641} INFO - Processing file /home/alura/Documents/PrevisaoTempo/venv/lib/python3.9/site-packages/airflow/example_dags/subdags/subdag.py for tasks to queue
[2023-02-23 09:32:46,358] {logging_mixin.py:115} INFO - [2023-02-23 09:32:46,358] {dagbag.py:507} INFO - Filling up the DagBag from /home/alura/Documents/PrevisaoTempo/venv/lib/python3.9/site-packages/airflow/example_dags/subdags/subdag.py
[2023-02-23 09:32:46,359] {processor.py:653} WARNING - No viable dags retrieved from /home/alura/Documents/PrevisaoTempo/venv/lib/python3.9/site-packages/airflow/example_dags/subdags/subdag.py
[2023-02-23 09:32:46,364] {processor.py:161} INFO - Processing /home/alura/Documents/PrevisaoTempo/venv/lib/python3.9/site-packages/airflow/example_dags/subdags/subdag.py took 0.008 seconds
[2023-02-23 09:33:20,029] {processor.py:153} INFO - Started process (PID=34316) to work on /home/alura/Documents/PrevisaoTempo/venv/lib/python3.9/site-packages/airflow/example_dags/subdags/subdag.py
[2023-02-23 09:33:20,029] {processor.py:641} INFO - Processing file /home/alura/Documents/PrevisaoTempo/venv/lib/python3.9/site-packages/airflow/example_dags/subdags/subdag.py for tasks to queue
[2023-02-23 09:33:20,030] {logging_mixin.py:115} INFO - [2023-02-23 09:33:20,030] {dagbag.py:507} INFO - Filling up the DagBag from /home/alura/Documents/PrevisaoTempo/venv/lib/python3.9/site-packages/airflow/example_dags/subdags/subdag.py
[2023-02-23 09:33:20,030] {processor.py:653} WARNING - No viable dags retrieved from /home/alura/Documents/PrevisaoTempo/venv/lib/python3.9/site-packages/airflow/example_dags/subdags/subdag.py
[2023-02-23 09:33:20,036] {processor.py:161} INFO - Processing /home/alura/Documents/PrevisaoTempo/venv/lib/python3.9/site-packages/airflow/example_dags/subdags/subdag.py took 0.008 seconds
[2023-02-23 09:33:53,385] {processor.py:153} INFO - Started process (PID=34516) to work on /home/alura/Documents/PrevisaoTempo/venv/lib/python3.9/site-packages/airflow/example_dags/subdags/subdag.py
[2023-02-23 09:33:53,386] {processor.py:641} INFO - Processing file /home/alura/Documents/PrevisaoTempo/venv/lib/python3.9/site-packages/airflow/example_dags/subdags/subdag.py for tasks to queue
[2023-02-23 09:33:53,386] {logging_mixin.py:115} INFO - [2023-02-23 09:33:53,386] {dagbag.py:507} INFO - Filling up the DagBag from /home/alura/Documents/PrevisaoTempo/venv/lib/python3.9/site-packages/airflow/example_dags/subdags/subdag.py
[2023-02-23 09:33:53,386] {processor.py:653} WARNING - No viable dags retrieved from /home/alura/Documents/PrevisaoTempo/venv/lib/python3.9/site-packages/airflow/example_dags/subdags/subdag.py
[2023-02-23 09:33:53,394] {processor.py:161} INFO - Processing /home/alura/Documents/PrevisaoTempo/venv/lib/python3.9/site-packages/airflow/example_dags/subdags/subdag.py took 0.010 seconds
[2023-02-23 09:34:24,895] {processor.py:153} INFO - Started process (PID=35080) to work on /home/alura/Documents/PrevisaoTempo/venv/lib/python3.9/site-packages/airflow/example_dags/subdags/subdag.py
[2023-02-23 09:34:24,895] {processor.py:641} INFO - Processing file /home/alura/Documents/PrevisaoTempo/venv/lib/python3.9/site-packages/airflow/example_dags/subdags/subdag.py for tasks to queue
[2023-02-23 09:34:24,896] {logging_mixin.py:115} INFO - [2023-02-23 09:34:24,896] {dagbag.py:507} INFO - Filling up the DagBag from /home/alura/Documents/PrevisaoTempo/venv/lib/python3.9/site-packages/airflow/example_dags/subdags/subdag.py
[2023-02-23 09:34:24,897] {processor.py:653} WARNING - No viable dags retrieved from /home/alura/Documents/PrevisaoTempo/venv/lib/python3.9/site-packages/airflow/example_dags/subdags/subdag.py
[2023-02-23 09:34:24,902] {processor.py:161} INFO - Processing /home/alura/Documents/PrevisaoTempo/venv/lib/python3.9/site-packages/airflow/example_dags/subdags/subdag.py took 0.009 seconds
[2023-02-23 09:34:56,278] {processor.py:153} INFO - Started process (PID=35276) to work on /home/alura/Documents/PrevisaoTempo/venv/lib/python3.9/site-packages/airflow/example_dags/subdags/subdag.py
[2023-02-23 09:34:56,279] {processor.py:641} INFO - Processing file /home/alura/Documents/PrevisaoTempo/venv/lib/python3.9/site-packages/airflow/example_dags/subdags/subdag.py for tasks to queue
[2023-02-23 09:34:56,279] {logging_mixin.py:115} INFO - [2023-02-23 09:34:56,279] {dagbag.py:507} INFO - Filling up the DagBag from /home/alura/Documents/PrevisaoTempo/venv/lib/python3.9/site-packages/airflow/example_dags/subdags/subdag.py
[2023-02-23 09:34:56,280] {processor.py:653} WARNING - No viable dags retrieved from /home/alura/Documents/PrevisaoTempo/venv/lib/python3.9/site-packages/airflow/example_dags/subdags/subdag.py
[2023-02-23 09:34:56,286] {processor.py:161} INFO - Processing /home/alura/Documents/PrevisaoTempo/venv/lib/python3.9/site-packages/airflow/example_dags/subdags/subdag.py took 0.009 seconds
[2023-02-23 09:35:26,590] {processor.py:153} INFO - Started process (PID=35471) to work on /home/alura/Documents/PrevisaoTempo/venv/lib/python3.9/site-packages/airflow/example_dags/subdags/subdag.py
[2023-02-23 09:35:26,590] {processor.py:641} INFO - Processing file /home/alura/Documents/PrevisaoTempo/venv/lib/python3.9/site-packages/airflow/example_dags/subdags/subdag.py for tasks to queue
[2023-02-23 09:35:26,591] {logging_mixin.py:115} INFO - [2023-02-23 09:35:26,591] {dagbag.py:507} INFO - Filling up the DagBag from /home/alura/Documents/PrevisaoTempo/venv/lib/python3.9/site-packages/airflow/example_dags/subdags/subdag.py
[2023-02-23 09:35:26,591] {processor.py:653} WARNING - No viable dags retrieved from /home/alura/Documents/PrevisaoTempo/venv/lib/python3.9/site-packages/airflow/example_dags/subdags/subdag.py
[2023-02-23 09:35:26,597] {processor.py:161} INFO - Processing /home/alura/Documents/PrevisaoTempo/venv/lib/python3.9/site-packages/airflow/example_dags/subdags/subdag.py took 0.008 seconds
[2023-02-23 09:35:58,319] {processor.py:153} INFO - Started process (PID=35698) to work on /home/alura/Documents/PrevisaoTempo/venv/lib/python3.9/site-packages/airflow/example_dags/subdags/subdag.py
[2023-02-23 09:35:58,320] {processor.py:641} INFO - Processing file /home/alura/Documents/PrevisaoTempo/venv/lib/python3.9/site-packages/airflow/example_dags/subdags/subdag.py for tasks to queue
[2023-02-23 09:35:58,320] {logging_mixin.py:115} INFO - [2023-02-23 09:35:58,320] {dagbag.py:507} INFO - Filling up the DagBag from /home/alura/Documents/PrevisaoTempo/venv/lib/python3.9/site-packages/airflow/example_dags/subdags/subdag.py
[2023-02-23 09:35:58,321] {processor.py:653} WARNING - No viable dags retrieved from /home/alura/Documents/PrevisaoTempo/venv/lib/python3.9/site-packages/airflow/example_dags/subdags/subdag.py
[2023-02-23 09:35:58,327] {processor.py:161} INFO - Processing /home/alura/Documents/PrevisaoTempo/venv/lib/python3.9/site-packages/airflow/example_dags/subdags/subdag.py took 0.009 seconds
